# JRE version: OpenJDK Runtime Environment JBR-17.0.14+1-1367.22-nomod (17.0.14+1) (build 17.0.14+1-b1367.22)
# Java VM: OpenJDK 64-Bit Server VM JBR-17.0.14+1-1367.22-nomod (17.0.14+1-b1367.22, mixed mode, sharing, tiered, compressed oops, compressed class ptrs, g1 gc, windows-amd64)
GC Precious Log:
 CPUs: 8 total, 8 available
 Memory: 3929M
 Large Page Support: Disabled
 NUMA Support: Disabled
 Compressed Oops: Enabled (32-bit)
 Heap Region Size: 1M
 Heap Min Capacity: 8M
 Heap Initial Capacity: 62M
 Heap Max Capacity: 984M
 Pre-touch: Disabled
 Parallel Workers: 8
 Concurrent Workers: 2
 Concurrent Refinement Workers: 8
 Periodic GC: Disabled
Heap:
 garbage-first heap   total 108544K, used 70462K [0x00000000c2800000, 0x0000000100000000)
  region size 1024K, 48 young (49152K), 2 survivors (2048K)
 Metaspace       used 30479K, committed 30784K, reserved 1114112K
  class space    used 3683K, committed 3776K, reserved 1048576K
GC Heap History (20 events):
Event: 0.808 GC heap before
{Heap before GC invocations=0 (full 0):
 garbage-first heap   total 63488K, used 22528K [0x00000000c2800000, 0x0000000100000000)
  region size 1024K, 23 young (23552K), 0 survivors (0K)
 Metaspace       used 6025K, committed 6208K, reserved 1114112K
  class space    used 742K, committed 832K, reserved 1048576K
}
Event: 0.814 GC heap after
{Heap after GC invocations=1 (full 0):
 garbage-first heap   total 63488K, used 3872K [0x00000000c2800000, 0x0000000100000000)
  region size 1024K, 3 young (3072K), 3 survivors (3072K)
 Metaspace       used 6025K, committed 6208K, reserved 1114112K
  class space    used 742K, committed 832K, reserved 1048576K
}
Event: 1.192 GC heap before
{Heap before GC invocations=1 (full 0):
 garbage-first heap   total 63488K, used 30496K [0x00000000c2800000, 0x0000000100000000)
  region size 1024K, 29 young (29696K), 3 survivors (3072K)
 Metaspace       used 9031K, committed 9216K, reserved 1114112K
  class space    used 1136K, committed 1216K, reserved 1048576K
}
Event: 1.199 GC heap after
{Heap after GC invocations=2 (full 0):
 garbage-first heap   total 63488K, used 4967K [0x00000000c2800000, 0x0000000100000000)
  region size 1024K, 2 young (2048K), 2 survivors (2048K)
 Metaspace       used 9031K, committed 9216K, reserved 1114112K
  class space    used 1136K, committed 1216K, reserved 1048576K
}
Event: 1.859 GC heap before
{Heap before GC invocations=2 (full 0):
 garbage-first heap   total 63488K, used 40807K [0x00000000c2800000, 0x0000000100000000)
  region size 1024K, 37 young (37888K), 2 survivors (2048K)
 Metaspace       used 15829K, committed 16064K, reserved 1114112K
  class space    used 2002K, committed 2112K, reserved 1048576K
}
Event: 1.866 GC heap after
{Heap after GC invocations=3 (full 0):
 garbage-first heap   total 63488K, used 7793K [0x00000000c2800000, 0x0000000100000000)
  region size 1024K, 4 young (4096K), 4 survivors (4096K)
 Metaspace       used 15829K, committed 16064K, reserved 1114112K
  class space    used 2002K, committed 2112K, reserved 1048576K
}
Event: 2.637 GC heap before
{Heap before GC invocations=3 (full 0):
 garbage-first heap   total 63488K, used 41585K [0x00000000c2800000, 0x0000000100000000)
  region size 1024K, 37 young (37888K), 4 survivors (4096K)
 Metaspace       used 17826K, committed 18112K, reserved 1114112K
  class space    used 2194K, committed 2304K, reserved 1048576K
}
Event: 2.650 GC heap after
{Heap after GC invocations=4 (full 0):
 garbage-first heap   total 63488K, used 10402K [0x00000000c2800000, 0x0000000100000000)
  region size 1024K, 3 young (3072K), 3 survivors (3072K)
 Metaspace       used 17826K, committed 18112K, reserved 1114112K
  class space    used 2194K, committed 2304K, reserved 1048576K
}
Event: 2.969 GC heap before
{Heap before GC invocations=4 (full 0):
 garbage-first heap   total 63488K, used 24738K [0x00000000c2800000, 0x0000000100000000)
  region size 1024K, 19 young (19456K), 3 survivors (3072K)
 Metaspace       used 21321K, committed 21504K, reserved 1114112K
  class space    used 2649K, committed 2752K, reserved 1048576K
}
Event: 2.975 GC heap after
{Heap after GC invocations=5 (full 0):
 garbage-first heap   total 63488K, used 10875K [0x00000000c2800000, 0x0000000100000000)
  region size 1024K, 4 young (4096K), 4 survivors (4096K)
 Metaspace       used 21321K, committed 21504K, reserved 1114112K
  class space    used 2649K, committed 2752K, reserved 1048576K
}
Event: 3.359 GC heap before
{Heap before GC invocations=6 (full 0):
 garbage-first heap   total 45056K, used 33403K [0x00000000c2800000, 0x0000000100000000)
  region size 1024K, 26 young (26624K), 4 survivors (4096K)
 Metaspace       used 25957K, committed 26240K, reserved 1114112K
  class space    used 3177K, committed 3328K, reserved 1048576K
}
Event: 3.373 GC heap after
{Heap after GC invocations=7 (full 0):
 garbage-first heap   total 54272K, used 14119K [0x00000000c2800000, 0x0000000100000000)
  region size 1024K, 4 young (4096K), 4 survivors (4096K)
 Metaspace       used 25957K, committed 26240K, reserved 1114112K
  class space    used 3177K, committed 3328K, reserved 1048576K
}
Event: 3.393 GC heap before
{Heap before GC invocations=7 (full 0):
 garbage-first heap   total 54272K, used 15143K [0x00000000c2800000, 0x0000000100000000)
  region size 1024K, 5 young (5120K), 4 survivors (4096K)
 Metaspace       used 25958K, committed 26240K, reserved 1114112K
  class space    used 3177K, committed 3328K, reserved 1048576K
}
Event: 3.402 GC heap after
{Heap after GC invocations=8 (full 0):
 garbage-first heap   total 54272K, used 14942K [0x00000000c2800000, 0x0000000100000000)
  region size 1024K, 1 young (1024K), 1 survivors (1024K)
 Metaspace       used 25958K, committed 26240K, reserved 1114112K
  class space    used 3177K, committed 3328K, reserved 1048576K
}
Event: 3.676 GC heap before
{Heap before GC invocations=8 (full 0):
 garbage-first heap   total 54272K, used 38494K [0x00000000c2800000, 0x0000000100000000)
  region size 1024K, 24 young (24576K), 1 survivors (1024K)
 Metaspace       used 26463K, committed 26688K, reserved 1114112K
  class space    used 3238K, committed 3328K, reserved 1048576K
}
Event: 3.694 GC heap after
{Heap after GC invocations=9 (full 0):
 garbage-first heap   total 54272K, used 19349K [0x00000000c2800000, 0x0000000100000000)
  region size 1024K, 3 young (3072K), 3 survivors (3072K)
 Metaspace       used 26463K, committed 26688K, reserved 1114112K
  class space    used 3238K, committed 3328K, reserved 1048576K
}
Event: 4.082 GC heap before
{Heap before GC invocations=9 (full 0):
 garbage-first heap   total 54272K, used 38805K [0x00000000c2800000, 0x0000000100000000)
  region size 1024K, 22 young (22528K), 3 survivors (3072K)
 Metaspace       used 27534K, committed 27840K, reserved 1114112K
  class space    used 3381K, committed 3520K, reserved 1048576K
}
Event: 4.100 GC heap after
{Heap after GC invocations=10 (full 0):
 garbage-first heap   total 54272K, used 22755K [0x00000000c2800000, 0x0000000100000000)
  region size 1024K, 3 young (3072K), 3 survivors (3072K)
 Metaspace       used 27534K, committed 27840K, reserved 1114112K
  class space    used 3381K, committed 3520K, reserved 1048576K
}
Event: 4.621 GC heap before
{Heap before GC invocations=10 (full 0):
 garbage-first heap   total 54272K, used 38115K [0x00000000c2800000, 0x0000000100000000)
  region size 1024K, 19 young (19456K), 3 survivors (3072K)
 Metaspace       used 28847K, committed 29056K, reserved 1114112K
  class space    used 3482K, committed 3584K, reserved 1048576K
}
Event: 4.635 GC heap after
{Heap after GC invocations=11 (full 0):
 garbage-first heap   total 108544K, used 24382K [0x00000000c2800000, 0x0000000100000000)
  region size 1024K, 2 young (2048K), 2 survivors (2048K)
 Metaspace       used 28847K, committed 29056K, reserved 1114112K
  class space    used 3482K, committed 3584K, reserved 1048576K
}

