# JRE version: OpenJDK Runtime Environment JBR-17.0.14+1-1367.22-nomod (17.0.14+1) (build 17.0.14+1-b1367.22)
# Java VM: OpenJDK 64-Bit Server VM JBR-17.0.14+1-1367.22-nomod (17.0.14+1-b1367.22, mixed mode, sharing, tiered, compressed oops, compressed class ptrs, g1 gc, windows-amd64)
GC Precious Log:
 CPUs: 8 total, 8 available
 Memory: 3929M
 Large Page Support: Disabled
 NUMA Support: Disabled
 Compressed Oops: Enabled (32-bit)
 Heap Region Size: 1M
 Heap Min Capacity: 8M
 Heap Initial Capacity: 62M
 Heap Max Capacity: 984M
 Pre-touch: Disabled
 Parallel Workers: 8
 Concurrent Workers: 2
 Concurrent Refinement Workers: 8
 Periodic GC: Disabled
Heap:
 garbage-first heap   total 48128K, used 21439K [0x00000000c2800000, 0x0000000100000000)
  region size 1024K, 2 young (2048K), 2 survivors (2048K)
 Metaspace       used 27682K, committed 27968K, reserved 1114112K
  class space    used 3402K, committed 3520K, reserved 1048576K
GC Heap History (19 events):
Event: 1.210 GC heap before
{Heap before GC invocations=0 (full 0):
 garbage-first heap   total 63488K, used 23552K [0x00000000c2800000, 0x0000000100000000)
  region size 1024K, 23 young (23552K), 0 survivors (0K)
 Metaspace       used 6028K, committed 6208K, reserved 1114112K
  class space    used 742K, committed 832K, reserved 1048576K
}
Event: 1.224 GC heap after
{Heap after GC invocations=1 (full 0):
 garbage-first heap   total 63488K, used 3836K [0x00000000c2800000, 0x0000000100000000)
  region size 1024K, 3 young (3072K), 3 survivors (3072K)
 Metaspace       used 6028K, committed 6208K, reserved 1114112K
  class space    used 742K, committed 832K, reserved 1048576K
}
Event: 1.976 GC heap before
{Heap before GC invocations=1 (full 0):
 garbage-first heap   total 63488K, used 30460K [0x00000000c2800000, 0x0000000100000000)
  region size 1024K, 29 young (29696K), 3 survivors (3072K)
 Metaspace       used 9252K, committed 9472K, reserved 1114112K
  class space    used 1159K, committed 1280K, reserved 1048576K
}
Event: 1.985 GC heap after
{Heap after GC invocations=2 (full 0):
 garbage-first heap   total 63488K, used 4967K [0x00000000c2800000, 0x0000000100000000)
  region size 1024K, 2 young (2048K), 2 survivors (2048K)
 Metaspace       used 9252K, committed 9472K, reserved 1114112K
  class space    used 1159K, committed 1280K, reserved 1048576K
}
Event: 3.280 GC heap before
{Heap before GC invocations=2 (full 0):
 garbage-first heap   total 63488K, used 40807K [0x00000000c2800000, 0x0000000100000000)
  region size 1024K, 37 young (37888K), 2 survivors (2048K)
 Metaspace       used 15845K, committed 16000K, reserved 1114112K
  class space    used 2004K, committed 2048K, reserved 1048576K
}
Event: 3.296 GC heap after
{Heap after GC invocations=3 (full 0):
 garbage-first heap   total 63488K, used 7941K [0x00000000c2800000, 0x0000000100000000)
  region size 1024K, 5 young (5120K), 5 survivors (5120K)
 Metaspace       used 15845K, committed 16000K, reserved 1114112K
  class space    used 2004K, committed 2048K, reserved 1048576K
}
Event: 4.623 GC heap before
{Heap before GC invocations=3 (full 0):
 garbage-first heap   total 63488K, used 40709K [0x00000000c2800000, 0x0000000100000000)
  region size 1024K, 37 young (37888K), 5 survivors (5120K)
 Metaspace       used 17821K, committed 18048K, reserved 1114112K
  class space    used 2199K, committed 2304K, reserved 1048576K
}
Event: 4.637 GC heap after
{Heap after GC invocations=4 (full 0):
 garbage-first heap   total 63488K, used 10480K [0x00000000c2800000, 0x0000000100000000)
  region size 1024K, 3 young (3072K), 3 survivors (3072K)
 Metaspace       used 17821K, committed 18048K, reserved 1114112K
  class space    used 2199K, committed 2304K, reserved 1048576K
}
Event: 5.094 GC heap before
{Heap before GC invocations=4 (full 0):
 garbage-first heap   total 63488K, used 24816K [0x00000000c2800000, 0x0000000100000000)
  region size 1024K, 19 young (19456K), 3 survivors (3072K)
 Metaspace       used 21314K, committed 21504K, reserved 1114112K
  class space    used 2651K, committed 2752K, reserved 1048576K
}
Event: 5.102 GC heap after
{Heap after GC invocations=5 (full 0):
 garbage-first heap   total 76800K, used 10786K [0x00000000c2800000, 0x0000000100000000)
  region size 1024K, 3 young (3072K), 3 survivors (3072K)
 Metaspace       used 21314K, committed 21504K, reserved 1114112K
  class space    used 2651K, committed 2752K, reserved 1048576K
}
Event: 5.587 GC heap before
{Heap before GC invocations=6 (full 0):
 garbage-first heap   total 40960K, used 32290K [0x00000000c2800000, 0x0000000100000000)
  region size 1024K, 24 young (24576K), 3 survivors (3072K)
 Metaspace       used 25875K, committed 26176K, reserved 1114112K
  class space    used 3174K, committed 3328K, reserved 1048576K
}
Event: 5.600 GC heap after
{Heap after GC invocations=7 (full 0):
 garbage-first heap   total 40960K, used 13825K [0x00000000c2800000, 0x0000000100000000)
  region size 1024K, 3 young (3072K), 3 survivors (3072K)
 Metaspace       used 25875K, committed 26176K, reserved 1114112K
  class space    used 3174K, committed 3328K, reserved 1048576K
}
Event: 5.623 GC heap before
{Heap before GC invocations=7 (full 0):
 garbage-first heap   total 40960K, used 13825K [0x00000000c2800000, 0x0000000100000000)
  region size 1024K, 4 young (4096K), 3 survivors (3072K)
 Metaspace       used 25903K, committed 26176K, reserved 1114112K
  class space    used 3174K, committed 3328K, reserved 1048576K
}
Event: 5.629 GC heap after
{Heap after GC invocations=8 (full 0):
 garbage-first heap   total 40960K, used 14233K [0x00000000c2800000, 0x0000000100000000)
  region size 1024K, 1 young (1024K), 1 survivors (1024K)
 Metaspace       used 25903K, committed 26176K, reserved 1114112K
  class space    used 3174K, committed 3328K, reserved 1048576K
}
Event: 5.794 GC heap before
{Heap before GC invocations=8 (full 0):
 garbage-first heap   total 40960K, used 29593K [0x00000000c2800000, 0x0000000100000000)
  region size 1024K, 16 young (16384K), 1 survivors (1024K)
 Metaspace       used 26371K, committed 26688K, reserved 1114112K
  class space    used 3234K, committed 3392K, reserved 1048576K
}
Event: 5.801 GC heap after
{Heap after GC invocations=9 (full 0):
 garbage-first heap   total 40960K, used 17408K [0x00000000c2800000, 0x0000000100000000)
  region size 1024K, 2 young (2048K), 2 survivors (2048K)
 Metaspace       used 26371K, committed 26688K, reserved 1114112K
  class space    used 3234K, committed 3392K, reserved 1048576K
}
Event: 5.885 GC heap before
{Heap before GC invocations=9 (full 0):
 garbage-first heap   total 40960K, used 29696K [0x00000000c2800000, 0x0000000100000000)
  region size 1024K, 14 young (14336K), 2 survivors (2048K)
 Metaspace       used 26533K, committed 26816K, reserved 1114112K
  class space    used 3244K, committed 3392K, reserved 1048576K
}
Event: 5.896 GC heap after
{Heap after GC invocations=10 (full 0):
 garbage-first heap   total 40960K, used 19968K [0x00000000c2800000, 0x0000000100000000)
  region size 1024K, 2 young (2048K), 2 survivors (2048K)
 Metaspace       used 26533K, committed 26816K, reserved 1114112K
  class space    used 3244K, committed 3392K, reserved 1048576K
}
Event: 6.103 GC heap before
{Heap before GC invocations=10 (full 0):
 garbage-first heap   total 40960K, used 30208K [0x00000000c2800000, 0x0000000100000000)
  region size 1024K, 12 young (12288K), 2 survivors (2048K)
 Metaspace       used 27682K, committed 27968K, reserved 1114112K
  class space    used 3402K, committed 3520K, reserved 1048576K
}

