# JRE version: OpenJDK Runtime Environment JBR-17.0.12+1-1207.37-nomod (17.0.12+1) (build 17.0.12+1-b1207.37)
# Java VM: OpenJDK 64-Bit Server VM JBR-17.0.12+1-1207.37-nomod (17.0.12+1-b1207.37, mixed mode, sharing, tiered, compressed oops, compressed class ptrs, g1 gc, windows-amd64)
GC Precious Log:
 CPUs: 8 total, 8 available
 Memory: 3929M
 Large Page Support: Disabled
 NUMA Support: Disabled
 Compressed Oops: Enabled (32-bit)
 Heap Region Size: 1M
 Heap Min Capacity: 8M
 Heap Initial Capacity: 62M
 Heap Max Capacity: 984M
 Pre-touch: Disabled
 Parallel Workers: 8
 Concurrent Workers: 2
 Concurrent Refinement Workers: 8
 Periodic GC: Disabled
Heap:
 garbage-first heap   total 160768K, used 134445K [0x00000000c2800000, 0x0000000100000000)
  region size 1024K, 2 young (2048K), 1 survivors (1024K)
 Metaspace       used 26771K, committed 27136K, reserved 1114112K
  class space    used 3625K, committed 3840K, reserved 1048576K
GC Heap History (14 events):
Event: 1.276 GC heap before
{Heap before GC invocations=0 (full 0):
 garbage-first heap   total 63488K, used 22528K [0x00000000c2800000, 0x0000000100000000)
  region size 1024K, 23 young (23552K), 0 survivors (0K)
 Metaspace       used 4788K, committed 4928K, reserved 1114112K
  class space    used 565K, committed 640K, reserved 1048576K
}
Event: 1.284 GC heap after
{Heap after GC invocations=1 (full 0):
 garbage-first heap   total 63488K, used 3093K [0x00000000c2800000, 0x0000000100000000)
  region size 1024K, 3 young (3072K), 3 survivors (3072K)
 Metaspace       used 4788K, committed 4928K, reserved 1114112K
  class space    used 565K, committed 640K, reserved 1048576K
}
Event: 2.385 GC heap before
{Heap before GC invocations=1 (full 0):
 garbage-first heap   total 63488K, used 31765K [0x00000000c2800000, 0x0000000100000000)
  region size 1024K, 31 young (31744K), 3 survivors (3072K)
 Metaspace       used 13067K, committed 13312K, reserved 1114112K
  class space    used 1665K, committed 1792K, reserved 1048576K
}
Event: 2.411 GC heap after
{Heap after GC invocations=2 (full 0):
 garbage-first heap   total 63488K, used 9175K [0x00000000c2800000, 0x0000000100000000)
  region size 1024K, 4 young (4096K), 4 survivors (4096K)
 Metaspace       used 13067K, committed 13312K, reserved 1114112K
  class space    used 1665K, committed 1792K, reserved 1048576K
}
Event: 4.362 GC heap before
{Heap before GC invocations=2 (full 0):
 garbage-first heap   total 63488K, used 37847K [0x00000000c2800000, 0x0000000100000000)
  region size 1024K, 31 young (31744K), 4 survivors (4096K)
 Metaspace       used 20489K, committed 20800K, reserved 1114112K
  class space    used 2698K, committed 2880K, reserved 1048576K
}
Event: 4.367 GC heap after
{Heap after GC invocations=3 (full 0):
 garbage-first heap   total 63488K, used 12101K [0x00000000c2800000, 0x0000000100000000)
  region size 1024K, 2 young (2048K), 2 survivors (2048K)
 Metaspace       used 20489K, committed 20800K, reserved 1114112K
  class space    used 2698K, committed 2880K, reserved 1048576K
}
Event: 4.412 GC heap before
{Heap before GC invocations=3 (full 0):
 garbage-first heap   total 63488K, used 14149K [0x00000000c2800000, 0x0000000100000000)
  region size 1024K, 5 young (5120K), 2 survivors (2048K)
 Metaspace       used 21235K, committed 21504K, reserved 1114112K
  class space    used 2944K, committed 3072K, reserved 1048576K
}
Event: 4.415 GC heap after
{Heap after GC invocations=4 (full 0):
 garbage-first heap   total 63488K, used 12016K [0x00000000c2800000, 0x0000000100000000)
  region size 1024K, 2 young (2048K), 2 survivors (2048K)
 Metaspace       used 21235K, committed 21504K, reserved 1114112K
  class space    used 2944K, committed 3072K, reserved 1048576K
}
Event: 40.383 GC heap before
{Heap before GC invocations=5 (full 0):
 garbage-first heap   total 160768K, used 151280K [0x00000000c2800000, 0x0000000100000000)
  region size 1024K, 25 young (25600K), 2 survivors (2048K)
 Metaspace       used 26018K, committed 26304K, reserved 1114112K
  class space    used 3516K, committed 3648K, reserved 1048576K
}
Event: 40.397 GC heap after
{Heap after GC invocations=6 (full 0):
 garbage-first heap   total 160768K, used 132648K [0x00000000c2800000, 0x0000000100000000)
  region size 1024K, 4 young (4096K), 4 survivors (4096K)
 Metaspace       used 26018K, committed 26304K, reserved 1114112K
  class space    used 3516K, committed 3648K, reserved 1048576K
}
Event: 40.504 GC heap before
{Heap before GC invocations=6 (full 0):
 garbage-first heap   total 160768K, used 135720K [0x00000000c2800000, 0x0000000100000000)
  region size 1024K, 8 young (8192K), 4 survivors (4096K)
 Metaspace       used 26295K, committed 26560K, reserved 1114112K
  class space    used 3570K, committed 3712K, reserved 1048576K
}
Event: 40.509 GC heap after
{Heap after GC invocations=7 (full 0):
 garbage-first heap   total 160768K, used 133465K [0x00000000c2800000, 0x0000000100000000)
  region size 1024K, 1 young (1024K), 1 survivors (1024K)
 Metaspace       used 26295K, committed 26560K, reserved 1114112K
  class space    used 3570K, committed 3712K, reserved 1048576K
}
Event: 41.186 GC heap before
{Heap before GC invocations=7 (full 0):
 garbage-first heap   total 160768K, used 138585K [0x00000000c2800000, 0x0000000100000000)
  region size 1024K, 7 young (7168K), 1 survivors (1024K)
 Metaspace       used 26768K, committed 27136K, reserved 1114112K
  class space    used 3625K, committed 3840K, reserved 1048576K
}
Event: 41.264 GC heap after
{Heap after GC invocations=8 (full 0):
 garbage-first heap   total 160768K, used 134445K [0x00000000c2800000, 0x0000000100000000)
  region size 1024K, 1 young (1024K), 1 survivors (1024K)
 Metaspace       used 26768K, committed 27136K, reserved 1114112K
  class space    used 3625K, committed 3840K, reserved 1048576K
}

