# JRE version: OpenJDK Runtime Environment JBR-17.0.12+1-1207.37-nomod (17.0.12+1) (build 17.0.12+1-b1207.37)
# Java VM: OpenJDK 64-Bit Server VM JBR-17.0.12+1-1207.37-nomod (17.0.12+1-b1207.37, mixed mode, sharing, tiered, compressed oops, compressed class ptrs, g1 gc, windows-amd64)
GC Precious Log:
 CPUs: 8 total, 8 available
 Memory: 3929M
 Large Page Support: Disabled
 NUMA Support: Disabled
 Compressed Oops: Enabled (32-bit)
 Heap Region Size: 1M
 Heap Min Capacity: 8M
 Heap Initial Capacity: 62M
 Heap Max Capacity: 984M
 Pre-touch: Disabled
 Parallel Workers: 8
 Concurrent Workers: 2
 Concurrent Refinement Workers: 8
 Periodic GC: Disabled
Heap:
 garbage-first heap   total 97280K, used 67770K [0x00000000c2800000, 0x0000000100000000)
  region size 1024K, 3 young (3072K), 2 survivors (2048K)
 Metaspace       used 28232K, committed 28480K, reserved 1114112K
  class space    used 3935K, committed 4032K, reserved 1048576K
GC Heap History (20 events):
Event: 3.341 GC heap before
{Heap before GC invocations=2 (full 0):
 garbage-first heap   total 63488K, used 38054K [0x00000000c2800000, 0x0000000100000000)
  region size 1024K, 30 young (30720K), 4 survivors (4096K)
 Metaspace       used 20364K, committed 20672K, reserved 1114112K
  class space    used 2651K, committed 2816K, reserved 1048576K
}
Event: 3.345 GC heap after
{Heap after GC invocations=3 (full 0):
 garbage-first heap   total 63488K, used 13601K [0x00000000c2800000, 0x0000000100000000)
  region size 1024K, 2 young (2048K), 2 survivors (2048K)
 Metaspace       used 20364K, committed 20672K, reserved 1114112K
  class space    used 2651K, committed 2816K, reserved 1048576K
}
Event: 3.406 GC heap before
{Heap before GC invocations=3 (full 0):
 garbage-first heap   total 63488K, used 16673K [0x00000000c2800000, 0x0000000100000000)
  region size 1024K, 6 young (6144K), 2 survivors (2048K)
 Metaspace       used 21251K, committed 21504K, reserved 1114112K
  class space    used 2943K, committed 3072K, reserved 1048576K
}
Event: 3.410 GC heap after
{Heap after GC invocations=4 (full 0):
 garbage-first heap   total 63488K, used 13713K [0x00000000c2800000, 0x0000000100000000)
  region size 1024K, 2 young (2048K), 2 survivors (2048K)
 Metaspace       used 21251K, committed 21504K, reserved 1114112K
  class space    used 2943K, committed 3072K, reserved 1048576K
}
Event: 28.457 GC heap before
{Heap before GC invocations=5 (full 0):
 garbage-first heap   total 51200K, used 43409K [0x00000000c2800000, 0x0000000100000000)
  region size 1024K, 26 young (26624K), 2 survivors (2048K)
 Metaspace       used 26267K, committed 26560K, reserved 1114112K
  class space    used 3643K, committed 3776K, reserved 1048576K
}
Event: 28.463 GC heap after
{Heap after GC invocations=6 (full 0):
 garbage-first heap   total 51200K, used 22750K [0x00000000c2800000, 0x0000000100000000)
  region size 1024K, 4 young (4096K), 4 survivors (4096K)
 Metaspace       used 26267K, committed 26560K, reserved 1114112K
  class space    used 3643K, committed 3776K, reserved 1048576K
}
Event: 28.488 GC heap before
{Heap before GC invocations=6 (full 0):
 garbage-first heap   total 51200K, used 26846K [0x00000000c2800000, 0x0000000100000000)
  region size 1024K, 5 young (5120K), 4 survivors (4096K)
 Metaspace       used 26270K, committed 26560K, reserved 1114112K
  class space    used 3643K, committed 3776K, reserved 1048576K
}
Event: 28.492 GC heap after
{Heap after GC invocations=7 (full 0):
 garbage-first heap   total 51200K, used 27368K [0x00000000c2800000, 0x0000000100000000)
  region size 1024K, 1 young (1024K), 1 survivors (1024K)
 Metaspace       used 26270K, committed 26560K, reserved 1114112K
  class space    used 3643K, committed 3776K, reserved 1048576K
}
Event: 28.523 GC heap before
{Heap before GC invocations=8 (full 0):
 garbage-first heap   total 56320K, used 33512K [0x00000000c2800000, 0x0000000100000000)
  region size 1024K, 2 young (2048K), 1 survivors (1024K)
 Metaspace       used 26277K, committed 26560K, reserved 1114112K
  class space    used 3643K, committed 3776K, reserved 1048576K
}
Event: 28.524 GC heap after
{Heap after GC invocations=9 (full 0):
 garbage-first heap   total 56320K, used 33364K [0x00000000c2800000, 0x0000000100000000)
  region size 1024K, 1 young (1024K), 1 survivors (1024K)
 Metaspace       used 26277K, committed 26560K, reserved 1114112K
  class space    used 3643K, committed 3776K, reserved 1048576K
}
Event: 28.555 GC heap before
{Heap before GC invocations=10 (full 0):
 garbage-first heap   total 66560K, used 39508K [0x00000000c2800000, 0x0000000100000000)
  region size 1024K, 2 young (2048K), 1 survivors (1024K)
 Metaspace       used 26288K, committed 26560K, reserved 1114112K
  class space    used 3643K, committed 3776K, reserved 1048576K
}
Event: 28.557 GC heap after
{Heap after GC invocations=11 (full 0):
 garbage-first heap   total 79872K, used 39543K [0x00000000c2800000, 0x0000000100000000)
  region size 1024K, 1 young (1024K), 1 survivors (1024K)
 Metaspace       used 26288K, committed 26560K, reserved 1114112K
  class space    used 3643K, committed 3776K, reserved 1048576K
}
Event: 28.586 GC heap before
{Heap before GC invocations=12 (full 0):
 garbage-first heap   total 79872K, used 45687K [0x00000000c2800000, 0x0000000100000000)
  region size 1024K, 2 young (2048K), 1 survivors (1024K)
 Metaspace       used 26295K, committed 26560K, reserved 1114112K
  class space    used 3643K, committed 3776K, reserved 1048576K
}
Event: 28.587 GC heap after
{Heap after GC invocations=13 (full 0):
 garbage-first heap   total 79872K, used 45773K [0x00000000c2800000, 0x0000000100000000)
  region size 1024K, 1 young (1024K), 1 survivors (1024K)
 Metaspace       used 26295K, committed 26560K, reserved 1114112K
  class space    used 3643K, committed 3776K, reserved 1048576K
}
Event: 28.619 GC heap before
{Heap before GC invocations=14 (full 0):
 garbage-first heap   total 87040K, used 51917K [0x00000000c2800000, 0x0000000100000000)
  region size 1024K, 2 young (2048K), 1 survivors (1024K)
 Metaspace       used 26304K, committed 26560K, reserved 1114112K
  class space    used 3643K, committed 3776K, reserved 1048576K
}
Event: 28.621 GC heap after
{Heap after GC invocations=15 (full 0):
 garbage-first heap   total 87040K, used 52022K [0x00000000c2800000, 0x0000000100000000)
  region size 1024K, 1 young (1024K), 1 survivors (1024K)
 Metaspace       used 26304K, committed 26560K, reserved 1114112K
  class space    used 3643K, committed 3776K, reserved 1048576K
}
Event: 29.196 GC heap before
{Heap before GC invocations=16 (full 0):
 garbage-first heap   total 97280K, used 76598K [0x00000000c2800000, 0x0000000100000000)
  region size 1024K, 19 young (19456K), 1 survivors (1024K)
 Metaspace       used 27528K, committed 27776K, reserved 1114112K
  class space    used 3868K, committed 3968K, reserved 1048576K
}
Event: 29.212 GC heap after
{Heap after GC invocations=17 (full 0):
 garbage-first heap   total 97280K, used 61756K [0x00000000c2800000, 0x0000000100000000)
  region size 1024K, 3 young (3072K), 3 survivors (3072K)
 Metaspace       used 27528K, committed 27776K, reserved 1114112K
  class space    used 3868K, committed 3968K, reserved 1048576K
}
Event: 31.112 GC heap before
{Heap before GC invocations=17 (full 0):
 garbage-first heap   total 97280K, used 68924K [0x00000000c2800000, 0x0000000100000000)
  region size 1024K, 11 young (11264K), 3 survivors (3072K)
 Metaspace       used 28232K, committed 28480K, reserved 1114112K
  class space    used 3935K, committed 4032K, reserved 1048576K
}
Event: 31.122 GC heap after
{Heap after GC invocations=18 (full 0):
 garbage-first heap   total 97280K, used 63674K [0x00000000c2800000, 0x0000000100000000)
  region size 1024K, 2 young (2048K), 2 survivors (2048K)
 Metaspace       used 28232K, committed 28480K, reserved 1114112K
  class space    used 3935K, committed 4032K, reserved 1048576K
}

