# JRE version: OpenJDK Runtime Environment JBR-17.0.12+1-1207.37-nomod (17.0.12+1) (build 17.0.12+1-b1207.37)
# Java VM: OpenJDK 64-Bit Server VM JBR-17.0.12+1-1207.37-nomod (17.0.12+1-b1207.37, mixed mode, sharing, tiered, compressed oops, compressed class ptrs, g1 gc, windows-amd64)
GC Precious Log:
 CPUs: 8 total, 8 available
 Memory: 3929M
 Large Page Support: Disabled
 NUMA Support: Disabled
 Compressed Oops: Enabled (32-bit)
 Heap Region Size: 1M
 Heap Min Capacity: 8M
 Heap Initial Capacity: 62M
 Heap Max Capacity: 984M
 Pre-touch: Disabled
 Parallel Workers: 8
 Concurrent Workers: 2
 Concurrent Refinement Workers: 8
 Periodic GC: Disabled
Heap:
 garbage-first heap   total 107520K, used 67678K [0x00000000c2800000, 0x0000000100000000)
  region size 1024K, 5 young (5120K), 4 survivors (4096K)
 Metaspace       used 33813K, committed 34112K, reserved 1114112K
  class space    used 4589K, committed 4736K, reserved 1048576K
GC Heap History (20 events):
Event: 23.063 GC heap before
{Heap before GC invocations=7 (full 0):
 garbage-first heap   total 45056K, used 24210K [0x00000000c2800000, 0x0000000100000000)
  region size 1024K, 9 young (9216K), 1 survivors (1024K)
 Metaspace       used 31836K, committed 32128K, reserved 1114112K
  class space    used 4273K, committed 4416K, reserved 1048576K
}
Event: 23.066 GC heap after
{Heap after GC invocations=8 (full 0):
 garbage-first heap   total 45056K, used 18592K [0x00000000c2800000, 0x0000000100000000)
  region size 1024K, 2 young (2048K), 2 survivors (2048K)
 Metaspace       used 31836K, committed 32128K, reserved 1114112K
  class space    used 4273K, committed 4416K, reserved 1048576K
}
Event: 23.331 GC heap before
{Heap before GC invocations=8 (full 0):
 garbage-first heap   total 45056K, used 23712K [0x00000000c2800000, 0x0000000100000000)
  region size 1024K, 3 young (3072K), 2 survivors (2048K)
 Metaspace       used 32034K, committed 32320K, reserved 1114112K
  class space    used 4324K, committed 4480K, reserved 1048576K
}
Event: 23.332 GC heap after
{Heap after GC invocations=9 (full 0):
 garbage-first heap   total 45056K, used 23874K [0x00000000c2800000, 0x0000000100000000)
  region size 1024K, 1 young (1024K), 1 survivors (1024K)
 Metaspace       used 32034K, committed 32320K, reserved 1114112K
  class space    used 4324K, committed 4480K, reserved 1048576K
}
Event: 23.386 GC heap before
{Heap before GC invocations=10 (full 0):
 garbage-first heap   total 46080K, used 42306K [0x00000000c2800000, 0x0000000100000000)
  region size 1024K, 2 young (2048K), 1 survivors (1024K)
 Metaspace       used 32056K, committed 32384K, reserved 1114112K
  class space    used 4325K, committed 4480K, reserved 1048576K
}
Event: 23.388 GC heap after
{Heap after GC invocations=11 (full 0):
 garbage-first heap   total 46080K, used 42571K [0x00000000c2800000, 0x0000000100000000)
  region size 1024K, 2 young (2048K), 2 survivors (2048K)
 Metaspace       used 32056K, committed 32384K, reserved 1114112K
  class space    used 4325K, committed 4480K, reserved 1048576K
}
Event: 23.390 GC heap before
{Heap before GC invocations=11 (full 0):
 garbage-first heap   total 48128K, used 44619K [0x00000000c2800000, 0x0000000100000000)
  region size 1024K, 2 young (2048K), 2 survivors (2048K)
 Metaspace       used 32056K, committed 32384K, reserved 1114112K
  class space    used 4325K, committed 4480K, reserved 1048576K
}
Event: 23.394 GC heap after
{Heap after GC invocations=12 (full 0):
 garbage-first heap   total 96256K, used 44457K [0x00000000c2800000, 0x0000000100000000)
  region size 1024K, 1 young (1024K), 1 survivors (1024K)
 Metaspace       used 32056K, committed 32384K, reserved 1114112K
  class space    used 4325K, committed 4480K, reserved 1048576K
}
Event: 23.399 GC heap before
{Heap before GC invocations=12 (full 0):
 garbage-first heap   total 96256K, used 44457K [0x00000000c2800000, 0x0000000100000000)
  region size 1024K, 2 young (2048K), 1 survivors (1024K)
 Metaspace       used 32057K, committed 32384K, reserved 1114112K
  class space    used 4325K, committed 4480K, reserved 1048576K
}
Event: 23.402 GC heap after
{Heap after GC invocations=13 (full 0):
 garbage-first heap   total 96256K, used 44433K [0x00000000c2800000, 0x0000000100000000)
  region size 1024K, 1 young (1024K), 1 survivors (1024K)
 Metaspace       used 32057K, committed 32384K, reserved 1114112K
  class space    used 4325K, committed 4480K, reserved 1048576K
}
Event: 23.419 GC heap before
{Heap before GC invocations=14 (full 0):
 garbage-first heap   total 96256K, used 48529K [0x00000000c2800000, 0x0000000100000000)
  region size 1024K, 2 young (2048K), 1 survivors (1024K)
 Metaspace       used 32061K, committed 32384K, reserved 1114112K
  class space    used 4325K, committed 4480K, reserved 1048576K
}
Event: 23.421 GC heap after
{Heap after GC invocations=15 (full 0):
 garbage-first heap   total 96256K, used 48603K [0x00000000c2800000, 0x0000000100000000)
  region size 1024K, 1 young (1024K), 1 survivors (1024K)
 Metaspace       used 32061K, committed 32384K, reserved 1114112K
  class space    used 4325K, committed 4480K, reserved 1048576K
}
Event: 23.438 GC heap before
{Heap before GC invocations=16 (full 0):
 garbage-first heap   total 96256K, used 52699K [0x00000000c2800000, 0x0000000100000000)
  region size 1024K, 2 young (2048K), 1 survivors (1024K)
 Metaspace       used 32065K, committed 32384K, reserved 1114112K
  class space    used 4325K, committed 4480K, reserved 1048576K
}
Event: 23.439 GC heap after
{Heap after GC invocations=17 (full 0):
 garbage-first heap   total 96256K, used 52737K [0x00000000c2800000, 0x0000000100000000)
  region size 1024K, 1 young (1024K), 1 survivors (1024K)
 Metaspace       used 32065K, committed 32384K, reserved 1114112K
  class space    used 4325K, committed 4480K, reserved 1048576K
}
Event: 23.458 GC heap before
{Heap before GC invocations=18 (full 0):
 garbage-first heap   total 97280K, used 56833K [0x00000000c2800000, 0x0000000100000000)
  region size 1024K, 2 young (2048K), 1 survivors (1024K)
 Metaspace       used 32075K, committed 32384K, reserved 1114112K
  class space    used 4325K, committed 4480K, reserved 1048576K
}
Event: 23.461 GC heap after
{Heap after GC invocations=19 (full 0):
 garbage-first heap   total 97280K, used 56900K [0x00000000c2800000, 0x0000000100000000)
  region size 1024K, 1 young (1024K), 1 survivors (1024K)
 Metaspace       used 32075K, committed 32384K, reserved 1114112K
  class space    used 4325K, committed 4480K, reserved 1048576K
}
Event: 23.477 GC heap before
{Heap before GC invocations=20 (full 0):
 garbage-first heap   total 104448K, used 60996K [0x00000000c2800000, 0x0000000100000000)
  region size 1024K, 2 young (2048K), 1 survivors (1024K)
 Metaspace       used 32079K, committed 32384K, reserved 1114112K
  class space    used 4325K, committed 4480K, reserved 1048576K
}
Event: 23.480 GC heap after
{Heap after GC invocations=21 (full 0):
 garbage-first heap   total 104448K, used 61036K [0x00000000c2800000, 0x0000000100000000)
  region size 1024K, 1 young (1024K), 1 survivors (1024K)
 Metaspace       used 32079K, committed 32384K, reserved 1114112K
  class space    used 4325K, committed 4480K, reserved 1048576K
}
Event: 24.115 GC heap before
{Heap before GC invocations=22 (full 0):
 garbage-first heap   total 107520K, used 87660K [0x00000000c2800000, 0x0000000100000000)
  region size 1024K, 25 young (25600K), 1 survivors (1024K)
 Metaspace       used 33715K, committed 33984K, reserved 1114112K
  class space    used 4589K, committed 4736K, reserved 1048576K
}
Event: 24.126 GC heap after
{Heap after GC invocations=23 (full 0):
 garbage-first heap   total 107520K, used 67678K [0x00000000c2800000, 0x0000000100000000)
  region size 1024K, 4 young (4096K), 4 survivors (4096K)
 Metaspace       used 33715K, committed 33984K, reserved 1114112K
  class space    used 4589K, committed 4736K, reserved 1048576K
}

