# JRE version: OpenJDK Runtime Environment JBR-17.0.12+1-1207.37-nomod (17.0.12+1) (build 17.0.12+1-b1207.37)
# Java VM: OpenJDK 64-Bit Server VM JBR-17.0.12+1-1207.37-nomod (17.0.12+1-b1207.37, mixed mode, sharing, tiered, compressed oops, compressed class ptrs, g1 gc, windows-amd64)
GC Precious Log:
 CPUs: 8 total, 8 available
 Memory: 3929M
 Large Page Support: Disabled
 NUMA Support: Disabled
 Compressed Oops: Enabled (32-bit)
 Heap Region Size: 1M
 Heap Min Capacity: 8M
 Heap Initial Capacity: 62M
 Heap Max Capacity: 984M
 Pre-touch: Disabled
 Parallel Workers: 8
 Concurrent Workers: 2
 Concurrent Refinement Workers: 8
 Periodic GC: Disabled
Heap:
 garbage-first heap   total 115712K, used 95581K [0x00000000c2800000, 0x0000000100000000)
  region size 1024K, 2 young (2048K), 2 survivors (2048K)
 Metaspace       used 28794K, committed 29056K, reserved 1114112K
  class space    used 4016K, committed 4160K, reserved 1048576K
GC Heap History (20 events):
Event: 0.986 GC heap before
{Heap before GC invocations=0 (full 0):
 garbage-first heap   total 63488K, used 22528K [0x00000000c2800000, 0x0000000100000000)
  region size 1024K, 23 young (23552K), 0 survivors (0K)
 Metaspace       used 4805K, committed 4992K, reserved 1114112K
  class space    used 566K, committed 640K, reserved 1048576K
}
Event: 0.991 GC heap after
{Heap after GC invocations=1 (full 0):
 garbage-first heap   total 63488K, used 3381K [0x00000000c2800000, 0x0000000100000000)
  region size 1024K, 3 young (3072K), 3 survivors (3072K)
 Metaspace       used 4805K, committed 4992K, reserved 1114112K
  class space    used 566K, committed 640K, reserved 1048576K
}
Event: 1.864 GC heap before
{Heap before GC invocations=1 (full 0):
 garbage-first heap   total 63488K, used 30005K [0x00000000c2800000, 0x0000000100000000)
  region size 1024K, 30 young (30720K), 3 survivors (3072K)
 Metaspace       used 12975K, committed 13120K, reserved 1114112K
  class space    used 1644K, committed 1728K, reserved 1048576K
}
Event: 1.872 GC heap after
{Heap after GC invocations=2 (full 0):
 garbage-first heap   total 63488K, used 9034K [0x00000000c2800000, 0x0000000100000000)
  region size 1024K, 4 young (4096K), 4 survivors (4096K)
 Metaspace       used 12975K, committed 13120K, reserved 1114112K
  class space    used 1644K, committed 1728K, reserved 1048576K
}
Event: 3.261 GC heap before
{Heap before GC invocations=2 (full 0):
 garbage-first heap   total 63488K, used 36682K [0x00000000c2800000, 0x0000000100000000)
  region size 1024K, 30 young (30720K), 4 survivors (4096K)
 Metaspace       used 20163K, committed 20416K, reserved 1114112K
  class space    used 2615K, committed 2752K, reserved 1048576K
}
Event: 3.266 GC heap after
{Heap after GC invocations=3 (full 0):
 garbage-first heap   total 63488K, used 12311K [0x00000000c2800000, 0x0000000100000000)
  region size 1024K, 2 young (2048K), 2 survivors (2048K)
 Metaspace       used 20163K, committed 20416K, reserved 1114112K
  class space    used 2615K, committed 2752K, reserved 1048576K
}
Event: 3.334 GC heap before
{Heap before GC invocations=3 (full 0):
 garbage-first heap   total 63488K, used 16407K [0x00000000c2800000, 0x0000000100000000)
  region size 1024K, 7 young (7168K), 2 survivors (2048K)
 Metaspace       used 21245K, committed 21504K, reserved 1114112K
  class space    used 2943K, committed 3072K, reserved 1048576K
}
Event: 3.337 GC heap after
{Heap after GC invocations=4 (full 0):
 garbage-first heap   total 63488K, used 12409K [0x00000000c2800000, 0x0000000100000000)
  region size 1024K, 2 young (2048K), 2 survivors (2048K)
 Metaspace       used 21245K, committed 21504K, reserved 1114112K
  class space    used 2943K, committed 3072K, reserved 1048576K
}
Event: 25.175 GC heap before
{Heap before GC invocations=5 (full 0):
 garbage-first heap   total 48128K, used 38009K [0x00000000c2800000, 0x0000000100000000)
  region size 1024K, 23 young (23552K), 2 survivors (2048K)
 Metaspace       used 25996K, committed 26304K, reserved 1114112K
  class space    used 3614K, committed 3776K, reserved 1048576K
}
Event: 25.179 GC heap after
{Heap after GC invocations=6 (full 0):
 garbage-first heap   total 48128K, used 21514K [0x00000000c2800000, 0x0000000100000000)
  region size 1024K, 4 young (4096K), 4 survivors (4096K)
 Metaspace       used 25996K, committed 26304K, reserved 1114112K
  class space    used 3614K, committed 3776K, reserved 1048576K
}
Event: 25.191 GC heap before
{Heap before GC invocations=6 (full 0):
 garbage-first heap   total 48128K, used 25610K [0x00000000c2800000, 0x0000000100000000)
  region size 1024K, 5 young (5120K), 4 survivors (4096K)
 Metaspace       used 26009K, committed 26304K, reserved 1114112K
  class space    used 3614K, committed 3776K, reserved 1048576K
}
Event: 25.195 GC heap after
{Heap after GC invocations=7 (full 0):
 garbage-first heap   total 48128K, used 25915K [0x00000000c2800000, 0x0000000100000000)
  region size 1024K, 1 young (1024K), 1 survivors (1024K)
 Metaspace       used 26009K, committed 26304K, reserved 1114112K
  class space    used 3614K, committed 3776K, reserved 1048576K
}
Event: 25.215 GC heap before
{Heap before GC invocations=8 (full 0):
 garbage-first heap   total 55296K, used 32059K [0x00000000c2800000, 0x0000000100000000)
  region size 1024K, 2 young (2048K), 1 survivors (1024K)
 Metaspace       used 26016K, committed 26304K, reserved 1114112K
  class space    used 3614K, committed 3776K, reserved 1048576K
}
Event: 25.216 GC heap after
{Heap after GC invocations=9 (full 0):
 garbage-first heap   total 55296K, used 32033K [0x00000000c2800000, 0x0000000100000000)
  region size 1024K, 1 young (1024K), 1 survivors (1024K)
 Metaspace       used 26016K, committed 26304K, reserved 1114112K
  class space    used 3614K, committed 3776K, reserved 1048576K
}
Event: 25.414 GC heap before
{Heap before GC invocations=10 (full 0):
 garbage-first heap   total 61440K, used 44321K [0x00000000c2800000, 0x0000000100000000)
  region size 1024K, 11 young (11264K), 1 survivors (1024K)
 Metaspace       used 26678K, committed 26944K, reserved 1114112K
  class space    used 3729K, committed 3840K, reserved 1048576K
}
Event: 25.416 GC heap after
{Heap after GC invocations=11 (full 0):
 garbage-first heap   total 61440K, used 35539K [0x00000000c2800000, 0x0000000100000000)
  region size 1024K, 2 young (2048K), 2 survivors (2048K)
 Metaspace       used 26678K, committed 26944K, reserved 1114112K
  class space    used 3729K, committed 3840K, reserved 1048576K
}
Event: 27.327 GC heap before
{Heap before GC invocations=11 (full 0):
 garbage-first heap   total 61440K, used 48851K [0x00000000c2800000, 0x0000000100000000)
  region size 1024K, 15 young (15360K), 2 survivors (2048K)
 Metaspace       used 28186K, committed 28480K, reserved 1114112K
  class space    used 3936K, committed 4096K, reserved 1048576K
}
Event: 27.331 GC heap after
{Heap after GC invocations=12 (full 0):
 garbage-first heap   total 61440K, used 38045K [0x00000000c2800000, 0x0000000100000000)
  region size 1024K, 2 young (2048K), 2 survivors (2048K)
 Metaspace       used 28186K, committed 28480K, reserved 1114112K
  class space    used 3936K, committed 4096K, reserved 1048576K
}
Event: 39.494 GC heap before
{Heap before GC invocations=13 (full 0):
 garbage-first heap   total 66560K, used 45213K [0x00000000c2800000, 0x0000000100000000)
  region size 1024K, 10 young (10240K), 2 survivors (2048K)
 Metaspace       used 28794K, committed 29056K, reserved 1114112K
  class space    used 4016K, committed 4160K, reserved 1048576K
}
Event: 39.498 GC heap after
{Heap after GC invocations=14 (full 0):
 garbage-first heap   total 79872K, used 39261K [0x00000000c2800000, 0x0000000100000000)
  region size 1024K, 2 young (2048K), 2 survivors (2048K)
 Metaspace       used 28794K, committed 29056K, reserved 1114112K
  class space    used 4016K, committed 4160K, reserved 1048576K
}

