# JRE version: OpenJDK Runtime Environment JBR-17.0.14+1-1367.22-nomod (17.0.14+1) (build 17.0.14+1-b1367.22)
# Java VM: OpenJDK 64-Bit Server VM JBR-17.0.14+1-1367.22-nomod (17.0.14+1-b1367.22, mixed mode, sharing, tiered, compressed oops, compressed class ptrs, g1 gc, windows-amd64)
GC Precious Log:
 CPUs: 8 total, 8 available
 Memory: 3929M
 Large Page Support: Disabled
 NUMA Support: Disabled
 Compressed Oops: Enabled (32-bit)
 Heap Region Size: 1M
 Heap Min Capacity: 8M
 Heap Initial Capacity: 62M
 Heap Max Capacity: 984M
 Pre-touch: Disabled
 Parallel Workers: 8
 Concurrent Workers: 2
 Concurrent Refinement Workers: 8
 Periodic GC: Disabled
Heap:
 garbage-first heap   total 112640K, used 52482K [0x00000000c2800000, 0x0000000100000000)
  region size 1024K, 2 young (2048K), 2 survivors (2048K)
 Metaspace       used 30344K, committed 30592K, reserved 1114112K
  class space    used 3514K, committed 3648K, reserved 1048576K
GC Heap History (20 events):
Event: 2.342 GC heap after
{Heap after GC invocations=4 (full 0):
 garbage-first heap   total 63488K, used 10022K [0x00000000c2800000, 0x0000000100000000)
  region size 1024K, 3 young (3072K), 3 survivors (3072K)
 Metaspace       used 16544K, committed 16704K, reserved 1114112K
  class space    used 2035K, committed 2112K, reserved 1048576K
}
Event: 2.991 GC heap before
{Heap before GC invocations=4 (full 0):
 garbage-first heap   total 63488K, used 43814K [0x00000000c2800000, 0x0000000100000000)
  region size 1024K, 36 young (36864K), 3 survivors (3072K)
 Metaspace       used 17900K, committed 18176K, reserved 1114112K
  class space    used 2170K, committed 2304K, reserved 1048576K
}
Event: 2.998 GC heap after
{Heap after GC invocations=5 (full 0):
 garbage-first heap   total 63488K, used 11642K [0x00000000c2800000, 0x0000000100000000)
  region size 1024K, 4 young (4096K), 4 survivors (4096K)
 Metaspace       used 17900K, committed 18176K, reserved 1114112K
  class space    used 2170K, committed 2304K, reserved 1048576K
}
Event: 3.991 GC heap before
{Heap before GC invocations=5 (full 0):
 garbage-first heap   total 63488K, used 44410K [0x00000000c2800000, 0x0000000100000000)
  region size 1024K, 36 young (36864K), 4 survivors (4096K)
 Metaspace       used 21271K, committed 21504K, reserved 1114112K
  class space    used 2608K, committed 2752K, reserved 1048576K
}
Event: 4.001 GC heap after
{Heap after GC invocations=6 (full 0):
 garbage-first heap   total 76800K, used 13297K [0x00000000c2800000, 0x0000000100000000)
  region size 1024K, 4 young (4096K), 4 survivors (4096K)
 Metaspace       used 21271K, committed 21504K, reserved 1114112K
  class space    used 2608K, committed 2752K, reserved 1048576K
}
Event: 4.310 GC heap before
{Heap before GC invocations=7 (full 0):
 garbage-first heap   total 55296K, used 44017K [0x00000000c2800000, 0x0000000100000000)
  region size 1024K, 34 young (34816K), 4 survivors (4096K)
 Metaspace       used 25924K, committed 26240K, reserved 1114112K
  class space    used 3106K, committed 3264K, reserved 1048576K
}
Event: 4.322 GC heap after
{Heap after GC invocations=8 (full 0):
 garbage-first heap   total 56320K, used 20071K [0x00000000c2800000, 0x0000000100000000)
  region size 1024K, 5 young (5120K), 5 survivors (5120K)
 Metaspace       used 25924K, committed 26240K, reserved 1114112K
  class space    used 3106K, committed 3264K, reserved 1048576K
}
Event: 4.331 GC heap before
{Heap before GC invocations=8 (full 0):
 garbage-first heap   total 56320K, used 21095K [0x00000000c2800000, 0x0000000100000000)
  region size 1024K, 6 young (6144K), 5 survivors (5120K)
 Metaspace       used 25929K, committed 26240K, reserved 1114112K
  class space    used 3107K, committed 3264K, reserved 1048576K
}
Event: 4.336 GC heap after
{Heap after GC invocations=9 (full 0):
 garbage-first heap   total 56320K, used 21589K [0x00000000c2800000, 0x0000000100000000)
  region size 1024K, 1 young (1024K), 1 survivors (1024K)
 Metaspace       used 25929K, committed 26240K, reserved 1114112K
  class space    used 3107K, committed 3264K, reserved 1048576K
}
Event: 4.538 GC heap before
{Heap before GC invocations=9 (full 0):
 garbage-first heap   total 56320K, used 41045K [0x00000000c2800000, 0x0000000100000000)
  region size 1024K, 19 young (19456K), 1 survivors (1024K)
 Metaspace       used 26635K, committed 26944K, reserved 1114112K
  class space    used 3185K, committed 3328K, reserved 1048576K
}
Event: 4.545 GC heap after
{Heap after GC invocations=10 (full 0):
 garbage-first heap   total 56320K, used 26624K [0x00000000c2800000, 0x0000000100000000)
  region size 1024K, 3 young (3072K), 3 survivors (3072K)
 Metaspace       used 26635K, committed 26944K, reserved 1114112K
  class space    used 3185K, committed 3328K, reserved 1048576K
}
Event: 4.652 GC heap before
{Heap before GC invocations=10 (full 0):
 garbage-first heap   total 56320K, used 39936K [0x00000000c2800000, 0x0000000100000000)
  region size 1024K, 17 young (17408K), 3 survivors (3072K)
 Metaspace       used 26674K, committed 26944K, reserved 1114112K
  class space    used 3185K, committed 3328K, reserved 1048576K
}
Event: 4.658 GC heap after
{Heap after GC invocations=11 (full 0):
 garbage-first heap   total 112640K, used 31561K [0x00000000c2800000, 0x0000000100000000)
  region size 1024K, 3 young (3072K), 3 survivors (3072K)
 Metaspace       used 26674K, committed 26944K, reserved 1114112K
  class space    used 3185K, committed 3328K, reserved 1048576K
}
Event: 5.029 GC heap before
{Heap before GC invocations=11 (full 0):
 garbage-first heap   total 112640K, used 72521K [0x00000000c2800000, 0x0000000100000000)
  region size 1024K, 43 young (44032K), 3 survivors (3072K)
 Metaspace       used 27463K, committed 27712K, reserved 1114112K
  class space    used 3251K, committed 3392K, reserved 1048576K
}
Event: 5.044 GC heap after
{Heap after GC invocations=12 (full 0):
 garbage-first heap   total 112640K, used 39936K [0x00000000c2800000, 0x0000000100000000)
  region size 1024K, 6 young (6144K), 6 survivors (6144K)
 Metaspace       used 27463K, committed 27712K, reserved 1114112K
  class space    used 3251K, committed 3392K, reserved 1048576K
}
Event: 5.174 GC heap before
{Heap before GC invocations=12 (full 0):
 garbage-first heap   total 112640K, used 75776K [0x00000000c2800000, 0x0000000100000000)
  region size 1024K, 41 young (41984K), 6 survivors (6144K)
 Metaspace       used 27564K, committed 27840K, reserved 1114112K
  class space    used 3253K, committed 3392K, reserved 1048576K
}
Event: 5.189 GC heap after
{Heap after GC invocations=13 (full 0):
 garbage-first heap   total 112640K, used 46983K [0x00000000c2800000, 0x0000000100000000)
  region size 1024K, 6 young (6144K), 6 survivors (6144K)
 Metaspace       used 27564K, committed 27840K, reserved 1114112K
  class space    used 3253K, committed 3392K, reserved 1048576K
}
Event: 5.660 GC heap before
{Heap before GC invocations=13 (full 0):
 garbage-first heap   total 112640K, used 80775K [0x00000000c2800000, 0x0000000100000000)
  region size 1024K, 39 young (39936K), 6 survivors (6144K)
 Metaspace       used 29770K, committed 30016K, reserved 1114112K
  class space    used 3500K, committed 3648K, reserved 1048576K
}
Event: 5.675 GC heap after
{Heap after GC invocations=14 (full 0):
 garbage-first heap   total 112640K, used 50688K [0x00000000c2800000, 0x0000000100000000)
  region size 1024K, 4 young (4096K), 4 survivors (4096K)
 Metaspace       used 29770K, committed 30016K, reserved 1114112K
  class space    used 3500K, committed 3648K, reserved 1048576K
}
Event: 6.031 GC heap before
{Heap before GC invocations=14 (full 0):
 garbage-first heap   total 112640K, used 83456K [0x00000000c2800000, 0x0000000100000000)
  region size 1024K, 36 young (36864K), 4 survivors (4096K)
 Metaspace       used 30344K, committed 30592K, reserved 1114112K
  class space    used 3514K, committed 3648K, reserved 1048576K
}

