# JRE version: OpenJDK Runtime Environment JBR-17.0.12+1-1207.37-nomod (17.0.12+1) (build 17.0.12+1-b1207.37)
# Java VM: OpenJDK 64-Bit Server VM JBR-17.0.12+1-1207.37-nomod (17.0.12+1-b1207.37, mixed mode, sharing, tiered, compressed oops, compressed class ptrs, g1 gc, windows-amd64)
GC Precious Log:
 CPUs: 8 total, 8 available
 Memory: 3929M
 Large Page Support: Disabled
 NUMA Support: Disabled
 Compressed Oops: Enabled (32-bit)
 Heap Region Size: 1M
 Heap Min Capacity: 8M
 Heap Initial Capacity: 62M
 Heap Max Capacity: 984M
 Pre-touch: Disabled
 Parallel Workers: 8
 Concurrent Workers: 2
 Concurrent Refinement Workers: 8
 Periodic GC: Disabled
Heap:
 garbage-first heap   total 63488K, used 48563K [0x00000000c2800000, 0x0000000100000000)
  region size 1024K, 21 young (21504K), 2 survivors (2048K)
 Metaspace       used 29072K, committed 29376K, reserved 1114112K
  class space    used 4061K, committed 4224K, reserved 1048576K
GC Heap History (16 events):
Event: 0.893 GC heap before
{Heap before GC invocations=0 (full 0):
 garbage-first heap   total 63488K, used 22528K [0x00000000c2800000, 0x0000000100000000)
  region size 1024K, 23 young (23552K), 0 survivors (0K)
 Metaspace       used 4780K, committed 4928K, reserved 1114112K
  class space    used 565K, committed 640K, reserved 1048576K
}
Event: 0.896 GC heap after
{Heap after GC invocations=1 (full 0):
 garbage-first heap   total 63488K, used 3083K [0x00000000c2800000, 0x0000000100000000)
  region size 1024K, 3 young (3072K), 3 survivors (3072K)
 Metaspace       used 4780K, committed 4928K, reserved 1114112K
  class space    used 565K, committed 640K, reserved 1048576K
}
Event: 1.734 GC heap before
{Heap before GC invocations=1 (full 0):
 garbage-first heap   total 63488K, used 30731K [0x00000000c2800000, 0x0000000100000000)
  region size 1024K, 30 young (30720K), 3 survivors (3072K)
 Metaspace       used 13102K, committed 13312K, reserved 1114112K
  class space    used 1670K, committed 1792K, reserved 1048576K
}
Event: 1.756 GC heap after
{Heap after GC invocations=2 (full 0):
 garbage-first heap   total 63488K, used 8592K [0x00000000c2800000, 0x0000000100000000)
  region size 1024K, 4 young (4096K), 4 survivors (4096K)
 Metaspace       used 13102K, committed 13312K, reserved 1114112K
  class space    used 1670K, committed 1792K, reserved 1048576K
}
Event: 3.744 GC heap before
{Heap before GC invocations=2 (full 0):
 garbage-first heap   total 63488K, used 37264K [0x00000000c2800000, 0x0000000100000000)
  region size 1024K, 31 young (31744K), 4 survivors (4096K)
 Metaspace       used 20494K, committed 20800K, reserved 1114112K
  class space    used 2704K, committed 2880K, reserved 1048576K
}
Event: 3.750 GC heap after
{Heap after GC invocations=3 (full 0):
 garbage-first heap   total 63488K, used 11367K [0x00000000c2800000, 0x0000000100000000)
  region size 1024K, 2 young (2048K), 2 survivors (2048K)
 Metaspace       used 20494K, committed 20800K, reserved 1114112K
  class space    used 2704K, committed 2880K, reserved 1048576K
}
Event: 3.791 GC heap before
{Heap before GC invocations=3 (full 0):
 garbage-first heap   total 63488K, used 13415K [0x00000000c2800000, 0x0000000100000000)
  region size 1024K, 5 young (5120K), 2 survivors (2048K)
 Metaspace       used 21236K, committed 21504K, reserved 1114112K
  class space    used 2954K, committed 3136K, reserved 1048576K
}
Event: 3.800 GC heap after
{Heap after GC invocations=4 (full 0):
 garbage-first heap   total 63488K, used 11353K [0x00000000c2800000, 0x0000000100000000)
  region size 1024K, 2 young (2048K), 2 survivors (2048K)
 Metaspace       used 21236K, committed 21504K, reserved 1114112K
  class space    used 2954K, committed 3136K, reserved 1048576K
}
Event: 42.906 GC heap before
{Heap before GC invocations=5 (full 0):
 garbage-first heap   total 45056K, used 35929K [0x00000000c2800000, 0x0000000100000000)
  region size 1024K, 26 young (26624K), 2 survivors (2048K)
 Metaspace       used 26459K, committed 26816K, reserved 1114112K
  class space    used 3684K, committed 3840K, reserved 1048576K
}
Event: 42.911 GC heap after
{Heap after GC invocations=6 (full 0):
 garbage-first heap   total 45056K, used 16290K [0x00000000c2800000, 0x0000000100000000)
  region size 1024K, 4 young (4096K), 4 survivors (4096K)
 Metaspace       used 26459K, committed 26816K, reserved 1114112K
  class space    used 3684K, committed 3840K, reserved 1048576K
}
Event: 42.981 GC heap before
{Heap before GC invocations=6 (full 0):
 garbage-first heap   total 45056K, used 26530K [0x00000000c2800000, 0x0000000100000000)
  region size 1024K, 5 young (5120K), 4 survivors (4096K)
 Metaspace       used 26588K, committed 26880K, reserved 1114112K
  class space    used 3705K, committed 3840K, reserved 1048576K
}
Event: 42.985 GC heap after
{Heap after GC invocations=7 (full 0):
 garbage-first heap   total 45056K, used 27223K [0x00000000c2800000, 0x0000000100000000)
  region size 1024K, 1 young (1024K), 1 survivors (1024K)
 Metaspace       used 26588K, committed 26880K, reserved 1114112K
  class space    used 3705K, committed 3840K, reserved 1048576K
}
Event: 42.987 GC heap before
{Heap before GC invocations=7 (full 0):
 garbage-first heap   total 45056K, used 27223K [0x00000000c2800000, 0x0000000100000000)
  region size 1024K, 2 young (2048K), 1 survivors (1024K)
 Metaspace       used 26588K, committed 26880K, reserved 1114112K
  class space    used 3705K, committed 3840K, reserved 1048576K
}
Event: 42.988 GC heap after
{Heap after GC invocations=8 (full 0):
 garbage-first heap   total 45056K, used 26892K [0x00000000c2800000, 0x0000000100000000)
  region size 1024K, 1 young (1024K), 1 survivors (1024K)
 Metaspace       used 26588K, committed 26880K, reserved 1114112K
  class space    used 3705K, committed 3840K, reserved 1048576K
}
Event: 43.195 GC heap before
{Heap before GC invocations=9 (full 0):
 garbage-first heap   total 51200K, used 38156K [0x00000000c2800000, 0x0000000100000000)
  region size 1024K, 10 young (10240K), 1 survivors (1024K)
 Metaspace       used 27170K, committed 27456K, reserved 1114112K
  class space    used 3814K, committed 3968K, reserved 1048576K
}
Event: 43.197 GC heap after
{Heap after GC invocations=10 (full 0):
 garbage-first heap   total 63488K, used 30131K [0x00000000c2800000, 0x0000000100000000)
  region size 1024K, 2 young (2048K), 2 survivors (2048K)
 Metaspace       used 27170K, committed 27456K, reserved 1114112K
  class space    used 3814K, committed 3968K, reserved 1048576K
}

