# JRE version: OpenJDK Runtime Environment JBR-17.0.14+1-1367.22-nomod (17.0.14+1) (build 17.0.14+1-b1367.22)
# Java VM: OpenJDK 64-Bit Server VM JBR-17.0.14+1-1367.22-nomod (17.0.14+1-b1367.22, mixed mode, sharing, tiered, compressed oops, compressed class ptrs, g1 gc, windows-amd64)
GC Precious Log:
 CPUs: 8 total, 8 available
 Memory: 3929M
 Large Page Support: Disabled
 NUMA Support: Disabled
 Compressed Oops: Enabled (32-bit)
 Heap Region Size: 1M
 Heap Min Capacity: 8M
 Heap Initial Capacity: 62M
 Heap Max Capacity: 984M
 Pre-touch: Disabled
 Parallel Workers: 8
 Concurrent Workers: 2
 Concurrent Refinement Workers: 8
 Periodic GC: Disabled
Heap:
 garbage-first heap   total 66560K, used 38357K [0x00000000c2800000, 0x0000000100000000)
  region size 1024K, 2 young (2048K), 2 survivors (2048K)
 Metaspace       used 27579K, committed 27840K, reserved 1114112K
  class space    used 3258K, committed 3392K, reserved 1048576K
GC Heap History (20 events):
Event: 1.033 GC heap after
{Heap after GC invocations=2 (full 0):
 garbage-first heap   total 63488K, used 4978K [0x00000000c2800000, 0x0000000100000000)
  region size 1024K, 2 young (2048K), 2 survivors (2048K)
 Metaspace       used 9100K, committed 9280K, reserved 1114112K
  class space    used 1128K, committed 1216K, reserved 1048576K
}
Event: 1.718 GC heap before
{Heap before GC invocations=2 (full 0):
 garbage-first heap   total 63488K, used 40818K [0x00000000c2800000, 0x0000000100000000)
  region size 1024K, 37 young (37888K), 2 survivors (2048K)
 Metaspace       used 15801K, committed 16000K, reserved 1114112K
  class space    used 2002K, committed 2048K, reserved 1048576K
}
Event: 1.727 GC heap after
{Heap after GC invocations=3 (full 0):
 garbage-first heap   total 63488K, used 7805K [0x00000000c2800000, 0x0000000100000000)
  region size 1024K, 4 young (4096K), 4 survivors (4096K)
 Metaspace       used 15801K, committed 16000K, reserved 1114112K
  class space    used 2002K, committed 2048K, reserved 1048576K
}
Event: 2.182 GC heap before
{Heap before GC invocations=3 (full 0):
 garbage-first heap   total 63488K, used 41597K [0x00000000c2800000, 0x0000000100000000)
  region size 1024K, 37 young (37888K), 4 survivors (4096K)
 Metaspace       used 16469K, committed 16640K, reserved 1114112K
  class space    used 2038K, committed 2112K, reserved 1048576K
}
Event: 2.194 GC heap after
{Heap after GC invocations=4 (full 0):
 garbage-first heap   total 63488K, used 9752K [0x00000000c2800000, 0x0000000100000000)
  region size 1024K, 2 young (2048K), 2 survivors (2048K)
 Metaspace       used 16469K, committed 16640K, reserved 1114112K
  class space    used 2038K, committed 2112K, reserved 1048576K
}
Event: 2.974 GC heap before
{Heap before GC invocations=4 (full 0):
 garbage-first heap   total 63488K, used 44568K [0x00000000c2800000, 0x0000000100000000)
  region size 1024K, 36 young (36864K), 2 survivors (2048K)
 Metaspace       used 17925K, committed 18176K, reserved 1114112K
  class space    used 2175K, committed 2304K, reserved 1048576K
}
Event: 2.981 GC heap after
{Heap after GC invocations=5 (full 0):
 garbage-first heap   total 63488K, used 11805K [0x00000000c2800000, 0x0000000100000000)
  region size 1024K, 4 young (4096K), 4 survivors (4096K)
 Metaspace       used 17925K, committed 18176K, reserved 1114112K
  class space    used 2175K, committed 2304K, reserved 1048576K
}
Event: 3.870 GC heap before
{Heap before GC invocations=5 (full 0):
 garbage-first heap   total 63488K, used 45597K [0x00000000c2800000, 0x0000000100000000)
  region size 1024K, 37 young (37888K), 4 survivors (4096K)
 Metaspace       used 21021K, committed 21248K, reserved 1114112K
  class space    used 2583K, committed 2688K, reserved 1048576K
}
Event: 3.877 GC heap after
{Heap after GC invocations=6 (full 0):
 garbage-first heap   total 63488K, used 13438K [0x00000000c2800000, 0x0000000100000000)
  region size 1024K, 4 young (4096K), 4 survivors (4096K)
 Metaspace       used 21021K, committed 21248K, reserved 1114112K
  class space    used 2583K, committed 2688K, reserved 1048576K
}
Event: 3.890 GC heap before
{Heap before GC invocations=6 (full 0):
 garbage-first heap   total 63488K, used 14462K [0x00000000c2800000, 0x0000000100000000)
  region size 1024K, 6 young (6144K), 4 survivors (4096K)
 Metaspace       used 21319K, committed 21504K, reserved 1114112K
  class space    used 2614K, committed 2688K, reserved 1048576K
}
Event: 3.896 GC heap after
{Heap after GC invocations=7 (full 0):
 garbage-first heap   total 63488K, used 13754K [0x00000000c2800000, 0x0000000100000000)
  region size 1024K, 2 young (2048K), 2 survivors (2048K)
 Metaspace       used 21319K, committed 21504K, reserved 1114112K
  class space    used 2614K, committed 2688K, reserved 1048576K
}
Event: 4.285 GC heap before
{Heap before GC invocations=8 (full 0):
 garbage-first heap   total 55296K, used 43450K [0x00000000c2800000, 0x0000000100000000)
  region size 1024K, 32 young (32768K), 2 survivors (2048K)
 Metaspace       used 25939K, committed 26240K, reserved 1114112K
  class space    used 3112K, committed 3264K, reserved 1048576K
}
Event: 4.295 GC heap after
{Heap after GC invocations=9 (full 0):
 garbage-first heap   total 66560K, used 19625K [0x00000000c2800000, 0x0000000100000000)
  region size 1024K, 4 young (4096K), 4 survivors (4096K)
 Metaspace       used 25939K, committed 26240K, reserved 1114112K
  class space    used 3112K, committed 3264K, reserved 1048576K
}
Event: 4.620 GC heap before
{Heap before GC invocations=9 (full 0):
 garbage-first heap   total 66560K, used 48297K [0x00000000c2800000, 0x0000000100000000)
  region size 1024K, 32 young (32768K), 4 survivors (4096K)
 Metaspace       used 26685K, committed 26944K, reserved 1114112K
  class space    used 3192K, committed 3328K, reserved 1048576K
}
Event: 4.631 GC heap after
{Heap after GC invocations=10 (full 0):
 garbage-first heap   total 66560K, used 27834K [0x00000000c2800000, 0x0000000100000000)
  region size 1024K, 4 young (4096K), 4 survivors (4096K)
 Metaspace       used 26685K, committed 26944K, reserved 1114112K
  class space    used 3192K, committed 3328K, reserved 1048576K
}
Event: 4.911 GC heap before
{Heap before GC invocations=10 (full 0):
 garbage-first heap   total 66560K, used 46266K [0x00000000c2800000, 0x0000000100000000)
  region size 1024K, 22 young (22528K), 4 survivors (4096K)
 Metaspace       used 27196K, committed 27456K, reserved 1114112K
  class space    used 3246K, committed 3392K, reserved 1048576K
}
Event: 4.921 GC heap after
{Heap after GC invocations=11 (full 0):
 garbage-first heap   total 66560K, used 32213K [0x00000000c2800000, 0x0000000100000000)
  region size 1024K, 3 young (3072K), 3 survivors (3072K)
 Metaspace       used 27196K, committed 27456K, reserved 1114112K
  class space    used 3246K, committed 3392K, reserved 1048576K
}
Event: 5.022 GC heap before
{Heap before GC invocations=11 (full 0):
 garbage-first heap   total 66560K, used 48597K [0x00000000c2800000, 0x0000000100000000)
  region size 1024K, 19 young (19456K), 3 survivors (3072K)
 Metaspace       used 27499K, committed 27776K, reserved 1114112K
  class space    used 3257K, committed 3392K, reserved 1048576K
}
Event: 5.033 GC heap after
{Heap after GC invocations=12 (full 0):
 garbage-first heap   total 66560K, used 35738K [0x00000000c2800000, 0x0000000100000000)
  region size 1024K, 3 young (3072K), 3 survivors (3072K)
 Metaspace       used 27499K, committed 27776K, reserved 1114112K
  class space    used 3257K, committed 3392K, reserved 1048576K
}
Event: 5.113 GC heap before
{Heap before GC invocations=12 (full 0):
 garbage-first heap   total 66560K, used 49050K [0x00000000c2800000, 0x0000000100000000)
  region size 1024K, 16 young (16384K), 3 survivors (3072K)
 Metaspace       used 27579K, committed 27840K, reserved 1114112K
  class space    used 3258K, committed 3392K, reserved 1048576K
}

