# JRE version: OpenJDK Runtime Environment JBR-17.0.12+1-1207.37-nomod (17.0.12+1) (build 17.0.12+1-b1207.37)
# Java VM: OpenJDK 64-Bit Server VM JBR-17.0.12+1-1207.37-nomod (17.0.12+1-b1207.37, mixed mode, sharing, tiered, compressed oops, compressed class ptrs, g1 gc, windows-amd64)
GC Precious Log:
 CPUs: 8 total, 8 available
 Memory: 3929M
 Large Page Support: Disabled
 NUMA Support: Disabled
 Compressed Oops: Enabled (32-bit)
 Heap Region Size: 1M
 Heap Min Capacity: 8M
 Heap Initial Capacity: 62M
 Heap Max Capacity: 984M
 Pre-touch: Disabled
 Parallel Workers: 8
 Concurrent Workers: 2
 Concurrent Refinement Workers: 8
 Periodic GC: Disabled
Heap:
 garbage-first heap   total 311296K, used 136840K [0x00000000c2800000, 0x0000000100000000)
  region size 1024K, 8 young (8192K), 1 survivors (1024K)
 Metaspace       used 39990K, committed 40448K, reserved 1114112K
  class space    used 5480K, committed 5696K, reserved 1048576K
GC Heap History (20 events):
Event: 49.453 GC heap before
{Heap before GC invocations=24 (full 0):
 garbage-first heap   total 114688K, used 70427K [0x00000000c2800000, 0x0000000100000000)
  region size 1024K, 2 young (2048K), 1 survivors (1024K)
 Metaspace       used 28311K, committed 28544K, reserved 1114112K
  class space    used 3935K, committed 4032K, reserved 1048576K
}
Event: 49.455 GC heap after
{Heap after GC invocations=25 (full 0):
 garbage-first heap   total 114688K, used 70231K [0x00000000c2800000, 0x0000000100000000)
  region size 1024K, 1 young (1024K), 1 survivors (1024K)
 Metaspace       used 28311K, committed 28544K, reserved 1114112K
  class space    used 3935K, committed 4032K, reserved 1048576K
}
Event: 49.494 GC heap before
{Heap before GC invocations=26 (full 0):
 garbage-first heap   total 124928K, used 75351K [0x00000000c2800000, 0x0000000100000000)
  region size 1024K, 3 young (3072K), 1 survivors (1024K)
 Metaspace       used 28513K, committed 28800K, reserved 1114112K
  class space    used 3975K, committed 4096K, reserved 1048576K
}
Event: 49.496 GC heap after
{Heap after GC invocations=27 (full 0):
 garbage-first heap   total 124928K, used 74508K [0x00000000c2800000, 0x0000000100000000)
  region size 1024K, 1 young (1024K), 1 survivors (1024K)
 Metaspace       used 28513K, committed 28800K, reserved 1114112K
  class space    used 3975K, committed 4096K, reserved 1048576K
}
Event: 49.527 GC heap before
{Heap before GC invocations=28 (full 0):
 garbage-first heap   total 132096K, used 80652K [0x00000000c2800000, 0x0000000100000000)
  region size 1024K, 2 young (2048K), 1 survivors (1024K)
 Metaspace       used 28565K, committed 28800K, reserved 1114112K
  class space    used 3983K, committed 4096K, reserved 1048576K
}
Event: 49.528 GC heap after
{Heap after GC invocations=29 (full 0):
 garbage-first heap   total 132096K, used 80847K [0x00000000c2800000, 0x0000000100000000)
  region size 1024K, 1 young (1024K), 1 survivors (1024K)
 Metaspace       used 28565K, committed 28800K, reserved 1114112K
  class space    used 3983K, committed 4096K, reserved 1048576K
}
Event: 49.566 GC heap before
{Heap before GC invocations=30 (full 0):
 garbage-first heap   total 152576K, used 93135K [0x00000000c2800000, 0x0000000100000000)
  region size 1024K, 2 young (2048K), 1 survivors (1024K)
 Metaspace       used 28600K, committed 28928K, reserved 1114112K
  class space    used 3983K, committed 4096K, reserved 1048576K
}
Event: 49.568 GC heap after
{Heap after GC invocations=31 (full 0):
 garbage-first heap   total 152576K, used 93377K [0x00000000c2800000, 0x0000000100000000)
  region size 1024K, 1 young (1024K), 1 survivors (1024K)
 Metaspace       used 28600K, committed 28928K, reserved 1114112K
  class space    used 3983K, committed 4096K, reserved 1048576K
}
Event: 58.718 GC heap before
{Heap before GC invocations=32 (full 0):
 garbage-first heap   total 168960K, used 107713K [0x00000000c2800000, 0x0000000100000000)
  region size 1024K, 10 young (10240K), 1 survivors (1024K)
 Metaspace       used 28943K, committed 29312K, reserved 1114112K
  class space    used 4009K, committed 4160K, reserved 1048576K
}
Event: 58.723 GC heap after
{Heap after GC invocations=33 (full 0):
 garbage-first heap   total 168960K, used 100111K [0x00000000c2800000, 0x0000000100000000)
  region size 1024K, 2 young (2048K), 2 survivors (2048K)
 Metaspace       used 28943K, committed 29312K, reserved 1114112K
  class space    used 4009K, committed 4160K, reserved 1048576K
}
Event: 59.096 GC heap before
{Heap before GC invocations=34 (full 0):
 garbage-first heap   total 265216K, used 157455K [0x00000000c2800000, 0x0000000100000000)
  region size 1024K, 3 young (3072K), 2 survivors (2048K)
 Metaspace       used 28945K, committed 29312K, reserved 1114112K
  class space    used 4009K, committed 4160K, reserved 1048576K
}
Event: 59.098 GC heap after
{Heap after GC invocations=35 (full 0):
 garbage-first heap   total 265216K, used 157482K [0x00000000c2800000, 0x0000000100000000)
  region size 1024K, 2 young (2048K), 2 survivors (2048K)
 Metaspace       used 28945K, committed 29312K, reserved 1114112K
  class space    used 4009K, committed 4160K, reserved 1048576K
}
Event: 59.152 GC heap before
{Heap before GC invocations=36 (full 0):
 garbage-first heap   total 271360K, used 161578K [0x00000000c2800000, 0x0000000100000000)
  region size 1024K, 5 young (5120K), 2 survivors (2048K)
 Metaspace       used 29125K, committed 29440K, reserved 1114112K
  class space    used 4064K, committed 4224K, reserved 1048576K
}
Event: 59.155 GC heap after
{Heap after GC invocations=37 (full 0):
 garbage-first heap   total 271360K, used 159739K [0x00000000c2800000, 0x0000000100000000)
  region size 1024K, 2 young (2048K), 2 survivors (2048K)
 Metaspace       used 29125K, committed 29440K, reserved 1114112K
  class space    used 4064K, committed 4224K, reserved 1048576K
}
Event: 70.448 GC heap before
{Heap before GC invocations=38 (full 0):
 garbage-first heap   total 273408K, used 215035K [0x00000000c2800000, 0x0000000100000000)
  region size 1024K, 56 young (57344K), 2 survivors (2048K)
 Metaspace       used 39939K, committed 40384K, reserved 1114112K
  class space    used 5481K, committed 5696K, reserved 1048576K
}
Event: 70.470 GC heap after
{Heap after GC invocations=39 (full 0):
 garbage-first heap   total 273408K, used 169270K [0x00000000c2800000, 0x0000000100000000)
  region size 1024K, 8 young (8192K), 8 survivors (8192K)
 Metaspace       used 39939K, committed 40384K, reserved 1114112K
  class space    used 5481K, committed 5696K, reserved 1048576K
}
Event: 70.518 GC heap before
{Heap before GC invocations=40 (full 0):
 garbage-first heap   total 299008K, used 179510K [0x00000000c2800000, 0x0000000100000000)
  region size 1024K, 9 young (9216K), 8 survivors (8192K)
 Metaspace       used 39961K, committed 40448K, reserved 1114112K
  class space    used 5482K, committed 5696K, reserved 1048576K
}
Event: 70.534 GC heap after
{Heap after GC invocations=41 (full 0):
 garbage-first heap   total 299008K, used 180020K [0x00000000c2800000, 0x0000000100000000)
  region size 1024K, 1 young (1024K), 1 survivors (1024K)
 Metaspace       used 39961K, committed 40448K, reserved 1114112K
  class space    used 5482K, committed 5696K, reserved 1048576K
}
Event: 70.593 GC heap before
{Heap before GC invocations=42 (full 0):
 garbage-first heap   total 311296K, used 190260K [0x00000000c2800000, 0x0000000100000000)
  region size 1024K, 2 young (2048K), 1 survivors (1024K)
 Metaspace       used 39986K, committed 40448K, reserved 1114112K
  class space    used 5485K, committed 5696K, reserved 1048576K
}
Event: 70.594 GC heap after
{Heap after GC invocations=43 (full 0):
 garbage-first heap   total 311296K, used 190088K [0x00000000c2800000, 0x0000000100000000)
  region size 1024K, 1 young (1024K), 1 survivors (1024K)
 Metaspace       used 39986K, committed 40448K, reserved 1114112K
  class space    used 5485K, committed 5696K, reserved 1048576K
}

