# JRE version: OpenJDK Runtime Environment JBR-17.0.12+1-1207.37-nomod (17.0.12+1) (build 17.0.12+1-b1207.37)
# Java VM: OpenJDK 64-Bit Server VM JBR-17.0.12+1-1207.37-nomod (17.0.12+1-b1207.37, mixed mode, sharing, tiered, compressed oops, compressed class ptrs, g1 gc, windows-amd64)
GC Precious Log:
 CPUs: 8 total, 8 available
 Memory: 3929M
 Large Page Support: Disabled
 NUMA Support: Disabled
 Compressed Oops: Enabled (32-bit)
 Heap Region Size: 1M
 Heap Min Capacity: 8M
 Heap Initial Capacity: 62M
 Heap Max Capacity: 984M
 Pre-touch: Disabled
 Parallel Workers: 8
 Concurrent Workers: 2
 Concurrent Refinement Workers: 8
 Periodic GC: Disabled
Heap:
 garbage-first heap   total 236544K, used 232221K [0x00000000c2800000, 0x0000000100000000)
  region size 1024K, 2 young (2048K), 1 survivors (1024K)
 Metaspace       used 28193K, committed 28416K, reserved 1114112K
  class space    used 3924K, committed 4032K, reserved 1048576K
GC Heap History (20 events):
Event: 81.890 GC heap before
{Heap before GC invocations=6 (full 0):
 garbage-first heap   total 105472K, used 96966K [0x00000000c2800000, 0x0000000100000000)
  region size 1024K, 5 young (5120K), 4 survivors (4096K)
 Metaspace       used 26098K, committed 26432K, reserved 1114112K
  class space    used 3608K, committed 3776K, reserved 1048576K
}
Event: 81.898 GC heap after
{Heap after GC invocations=7 (full 0):
 garbage-first heap   total 105472K, used 97258K [0x00000000c2800000, 0x0000000100000000)
  region size 1024K, 1 young (1024K), 1 survivors (1024K)
 Metaspace       used 26098K, committed 26432K, reserved 1114112K
  class space    used 3608K, committed 3776K, reserved 1048576K
}
Event: 81.905 GC heap before
{Heap before GC invocations=7 (full 0):
 garbage-first heap   total 105472K, used 99306K [0x00000000c2800000, 0x0000000100000000)
  region size 1024K, 2 young (2048K), 1 survivors (1024K)
 Metaspace       used 26100K, committed 26432K, reserved 1114112K
  class space    used 3608K, committed 3776K, reserved 1048576K
}
Event: 81.908 GC heap after
{Heap after GC invocations=8 (full 0):
 garbage-first heap   total 105472K, used 99237K [0x00000000c2800000, 0x0000000100000000)
  region size 1024K, 1 young (1024K), 1 survivors (1024K)
 Metaspace       used 26100K, committed 26432K, reserved 1114112K
  class space    used 3608K, committed 3776K, reserved 1048576K
}
Event: 81.916 GC heap before
{Heap before GC invocations=8 (full 0):
 garbage-first heap   total 105472K, used 101285K [0x00000000c2800000, 0x0000000100000000)
  region size 1024K, 2 young (2048K), 1 survivors (1024K)
 Metaspace       used 26102K, committed 26432K, reserved 1114112K
  class space    used 3608K, committed 3776K, reserved 1048576K
}
Event: 81.917 GC heap after
{Heap after GC invocations=9 (full 0):
 garbage-first heap   total 105472K, used 101292K [0x00000000c2800000, 0x0000000100000000)
  region size 1024K, 1 young (1024K), 1 survivors (1024K)
 Metaspace       used 26102K, committed 26432K, reserved 1114112K
  class space    used 3608K, committed 3776K, reserved 1048576K
}
Event: 81.924 GC heap before
{Heap before GC invocations=9 (full 0):
 garbage-first heap   total 107520K, used 103340K [0x00000000c2800000, 0x0000000100000000)
  region size 1024K, 2 young (2048K), 1 survivors (1024K)
 Metaspace       used 26103K, committed 26432K, reserved 1114112K
  class space    used 3608K, committed 3776K, reserved 1048576K
}
Event: 81.926 GC heap after
{Heap after GC invocations=10 (full 0):
 garbage-first heap   total 218112K, used 103333K [0x00000000c2800000, 0x0000000100000000)
  region size 1024K, 1 young (1024K), 1 survivors (1024K)
 Metaspace       used 26103K, committed 26432K, reserved 1114112K
  class space    used 3608K, committed 3776K, reserved 1048576K
}
Event: 81.945 GC heap before
{Heap before GC invocations=11 (full 0):
 garbage-first heap   total 218112K, used 107429K [0x00000000c2800000, 0x0000000100000000)
  region size 1024K, 2 young (2048K), 1 survivors (1024K)
 Metaspace       used 26109K, committed 26432K, reserved 1114112K
  class space    used 3608K, committed 3776K, reserved 1048576K
}
Event: 81.946 GC heap after
{Heap after GC invocations=12 (full 0):
 garbage-first heap   total 218112K, used 107515K [0x00000000c2800000, 0x0000000100000000)
  region size 1024K, 1 young (1024K), 1 survivors (1024K)
 Metaspace       used 26109K, committed 26432K, reserved 1114112K
  class space    used 3608K, committed 3776K, reserved 1048576K
}
Event: 81.969 GC heap before
{Heap before GC invocations=13 (full 0):
 garbage-first heap   total 218112K, used 113659K [0x00000000c2800000, 0x0000000100000000)
  region size 1024K, 2 young (2048K), 1 survivors (1024K)
 Metaspace       used 26117K, committed 26432K, reserved 1114112K
  class space    used 3608K, committed 3776K, reserved 1048576K
}
Event: 81.971 GC heap after
{Heap after GC invocations=14 (full 0):
 garbage-first heap   total 218112K, used 113731K [0x00000000c2800000, 0x0000000100000000)
  region size 1024K, 1 young (1024K), 1 survivors (1024K)
 Metaspace       used 26117K, committed 26432K, reserved 1114112K
  class space    used 3608K, committed 3776K, reserved 1048576K
}
Event: 84.784 GC heap before
{Heap before GC invocations=15 (full 0):
 garbage-first heap   total 218112K, used 147523K [0x00000000c2800000, 0x0000000100000000)
  region size 1024K, 29 young (29696K), 1 survivors (1024K)
 Metaspace       used 28000K, committed 28288K, reserved 1114112K
  class space    used 3901K, committed 4032K, reserved 1048576K
}
Event: 84.814 GC heap after
{Heap after GC invocations=16 (full 0):
 garbage-first heap   total 218112K, used 125021K [0x00000000c2800000, 0x0000000100000000)
  region size 1024K, 6 young (6144K), 6 survivors (6144K)
 Metaspace       used 28000K, committed 28288K, reserved 1114112K
  class space    used 3901K, committed 4032K, reserved 1048576K
}
Event: 85.034 GC heap before
{Heap before GC invocations=17 (full 0):
 garbage-first heap   total 225280K, used 165981K [0x00000000c2800000, 0x0000000100000000)
  region size 1024K, 9 young (9216K), 6 survivors (6144K)
 Metaspace       used 28187K, committed 28416K, reserved 1114112K
  class space    used 3924K, committed 4032K, reserved 1048576K
}
Event: 85.049 GC heap after
{Heap after GC invocations=18 (full 0):
 garbage-first heap   total 225280K, used 165033K [0x00000000c2800000, 0x0000000100000000)
  region size 1024K, 2 young (2048K), 2 survivors (2048K)
 Metaspace       used 28187K, committed 28416K, reserved 1114112K
  class space    used 3924K, committed 4032K, reserved 1048576K
}
Event: 85.225 GC heap before
{Heap before GC invocations=18 (full 0):
 garbage-first heap   total 225280K, used 221353K [0x00000000c2800000, 0x0000000100000000)
  region size 1024K, 2 young (2048K), 2 survivors (2048K)
 Metaspace       used 28187K, committed 28416K, reserved 1114112K
  class space    used 3924K, committed 4032K, reserved 1048576K
}
Event: 85.240 GC heap after
{Heap after GC invocations=19 (full 0):
 garbage-first heap   total 225280K, used 221020K [0x00000000c2800000, 0x0000000100000000)
  region size 1024K, 1 young (1024K), 1 survivors (1024K)
 Metaspace       used 28187K, committed 28416K, reserved 1114112K
  class space    used 3924K, committed 4032K, reserved 1048576K
}
Event: 85.270 GC heap before
{Heap before GC invocations=19 (full 0):
 garbage-first heap   total 225280K, used 221020K [0x00000000c2800000, 0x0000000100000000)
  region size 1024K, 2 young (2048K), 1 survivors (1024K)
 Metaspace       used 28187K, committed 28416K, reserved 1114112K
  class space    used 3924K, committed 4032K, reserved 1048576K
}
Event: 85.284 GC heap after
{Heap after GC invocations=20 (full 0):
 garbage-first heap   total 225280K, used 220957K [0x00000000c2800000, 0x0000000100000000)
  region size 1024K, 1 young (1024K), 1 survivors (1024K)
 Metaspace       used 28187K, committed 28416K, reserved 1114112K
  class space    used 3924K, committed 4032K, reserved 1048576K
}

