# JRE version: OpenJDK Runtime Environment JBR-17.0.12+1-1207.37-nomod (17.0.12+1) (build 17.0.12+1-b1207.37)
# Java VM: OpenJDK 64-Bit Server VM JBR-17.0.12+1-1207.37-nomod (17.0.12+1-b1207.37, mixed mode, sharing, tiered, compressed oops, compressed class ptrs, g1 gc, windows-amd64)
GC Precious Log:
 CPUs: 8 total, 8 available
 Memory: 3929M
 Large Page Support: Disabled
 NUMA Support: Disabled
 Compressed Oops: Enabled (32-bit)
 Heap Region Size: 1M
 Heap Min Capacity: 8M
 Heap Initial Capacity: 62M
 Heap Max Capacity: 984M
 Pre-touch: Disabled
 Parallel Workers: 8
 Concurrent Workers: 2
 Concurrent Refinement Workers: 8
 Periodic GC: Disabled
Heap:
 garbage-first heap   total 58368K, used 35202K [0x00000000c2800000, 0x0000000100000000)
  region size 1024K, 21 young (21504K), 1 survivors (1024K)
 Metaspace       used 23332K, committed 23616K, reserved 1114112K
  class space    used 3424K, committed 3584K, reserved 1048576K
GC Heap History (8 events):
Event: 0.759 GC heap before
{Heap before GC invocations=0 (full 0):
 garbage-first heap   total 63488K, used 22528K [0x00000000c2800000, 0x0000000100000000)
  region size 1024K, 23 young (23552K), 0 survivors (0K)
 Metaspace       used 5792K, committed 5952K, reserved 1114112K
  class space    used 673K, committed 768K, reserved 1048576K
}
Event: 0.762 GC heap after
{Heap after GC invocations=1 (full 0):
 garbage-first heap   total 63488K, used 4474K [0x00000000c2800000, 0x0000000100000000)
  region size 1024K, 3 young (3072K), 3 survivors (3072K)
 Metaspace       used 5792K, committed 5952K, reserved 1114112K
  class space    used 673K, committed 768K, reserved 1048576K
}
Event: 1.509 GC heap before
{Heap before GC invocations=1 (full 0):
 garbage-first heap   total 63488K, used 30074K [0x00000000c2800000, 0x0000000100000000)
  region size 1024K, 28 young (28672K), 3 survivors (3072K)
 Metaspace       used 13473K, committed 13696K, reserved 1114112K
  class space    used 1740K, committed 1856K, reserved 1048576K
}
Event: 1.516 GC heap after
{Heap after GC invocations=2 (full 0):
 garbage-first heap   total 63488K, used 9616K [0x00000000c2800000, 0x0000000100000000)
  region size 1024K, 4 young (4096K), 4 survivors (4096K)
 Metaspace       used 13473K, committed 13696K, reserved 1114112K
  class space    used 1740K, committed 1856K, reserved 1048576K
}
Event: 14.446 GC heap before
{Heap before GC invocations=2 (full 0):
 garbage-first heap   total 63488K, used 40336K [0x00000000c2800000, 0x0000000100000000)
  region size 1024K, 32 young (32768K), 4 survivors (4096K)
 Metaspace       used 20944K, committed 21248K, reserved 1114112K
  class space    used 2983K, committed 3136K, reserved 1048576K
}
Event: 14.451 GC heap after
{Heap after GC invocations=3 (full 0):
 garbage-first heap   total 63488K, used 15216K [0x00000000c2800000, 0x0000000100000000)
  region size 1024K, 4 young (4096K), 4 survivors (4096K)
 Metaspace       used 20944K, committed 21248K, reserved 1114112K
  class space    used 2983K, committed 3136K, reserved 1048576K
}
Event: 14.487 GC heap before
{Heap before GC invocations=3 (full 0):
 garbage-first heap   total 63488K, used 17264K [0x00000000c2800000, 0x0000000100000000)
  region size 1024K, 7 young (7168K), 4 survivors (4096K)
 Metaspace       used 21306K, committed 21504K, reserved 1114112K
  class space    used 3090K, committed 3200K, reserved 1048576K
}
Event: 14.490 GC heap after
{Heap after GC invocations=4 (full 0):
 garbage-first heap   total 63488K, used 15746K [0x00000000c2800000, 0x0000000100000000)
  region size 1024K, 1 young (1024K), 1 survivors (1024K)
 Metaspace       used 21306K, committed 21504K, reserved 1114112K
  class space    used 3090K, committed 3200K, reserved 1048576K
}

