# JRE version: OpenJDK Runtime Environment JBR-17.0.12+1-1207.37-nomod (17.0.12+1) (build 17.0.12+1-b1207.37)
# Java VM: OpenJDK 64-Bit Server VM JBR-17.0.12+1-1207.37-nomod (17.0.12+1-b1207.37, mixed mode, sharing, tiered, compressed oops, compressed class ptrs, g1 gc, windows-amd64)
GC Precious Log:
 CPUs: 8 total, 8 available
 Memory: 3929M
 Large Page Support: Disabled
 NUMA Support: Disabled
 Compressed Oops: Enabled (32-bit)
 Heap Region Size: 1M
 Heap Min Capacity: 8M
 Heap Initial Capacity: 62M
 Heap Max Capacity: 984M
 Pre-touch: Disabled
 Parallel Workers: 8
 Concurrent Workers: 2
 Concurrent Refinement Workers: 8
 Periodic GC: Disabled
Heap:
 garbage-first heap   total 96256K, used 65667K [0x00000000c2800000, 0x0000000100000000)
  region size 1024K, 10 young (10240K), 1 survivors (1024K)
 Metaspace       used 32655K, committed 32896K, reserved 1114112K
  class space    used 4426K, committed 4544K, reserved 1048576K
GC Heap History (20 events):
Event: 0.879 GC heap before
{Heap before GC invocations=0 (full 0):
 garbage-first heap   total 63488K, used 22528K [0x00000000c2800000, 0x0000000100000000)
  region size 1024K, 23 young (23552K), 0 survivors (0K)
 Metaspace       used 4860K, committed 5056K, reserved 1114112K
  class space    used 570K, committed 640K, reserved 1048576K
}
Event: 0.882 GC heap after
{Heap after GC invocations=1 (full 0):
 garbage-first heap   total 63488K, used 3407K [0x00000000c2800000, 0x0000000100000000)
  region size 1024K, 3 young (3072K), 3 survivors (3072K)
 Metaspace       used 4860K, committed 5056K, reserved 1114112K
  class space    used 570K, committed 640K, reserved 1048576K
}
Event: 1.548 GC heap before
{Heap before GC invocations=1 (full 0):
 garbage-first heap   total 63488K, used 30031K [0x00000000c2800000, 0x0000000100000000)
  region size 1024K, 30 young (30720K), 3 survivors (3072K)
 Metaspace       used 13151K, committed 13376K, reserved 1114112K
  class space    used 1680K, committed 1792K, reserved 1048576K
}
Event: 1.555 GC heap after
{Heap after GC invocations=2 (full 0):
 garbage-first heap   total 63488K, used 9193K [0x00000000c2800000, 0x0000000100000000)
  region size 1024K, 4 young (4096K), 4 survivors (4096K)
 Metaspace       used 13151K, committed 13376K, reserved 1114112K
  class space    used 1680K, committed 1792K, reserved 1048576K
}
Event: 3.032 GC heap before
{Heap before GC invocations=2 (full 0):
 garbage-first heap   total 63488K, used 37865K [0x00000000c2800000, 0x0000000100000000)
  region size 1024K, 31 young (31744K), 4 survivors (4096K)
 Metaspace       used 20569K, committed 20800K, reserved 1114112K
  class space    used 2732K, committed 2880K, reserved 1048576K
}
Event: 3.036 GC heap after
{Heap after GC invocations=3 (full 0):
 garbage-first heap   total 63488K, used 11662K [0x00000000c2800000, 0x0000000100000000)
  region size 1024K, 2 young (2048K), 2 survivors (2048K)
 Metaspace       used 20569K, committed 20800K, reserved 1114112K
  class space    used 2732K, committed 2880K, reserved 1048576K
}
Event: 3.069 GC heap before
{Heap before GC invocations=3 (full 0):
 garbage-first heap   total 63488K, used 13710K [0x00000000c2800000, 0x0000000100000000)
  region size 1024K, 5 young (5120K), 2 survivors (2048K)
 Metaspace       used 21238K, committed 21504K, reserved 1114112K
  class space    used 2952K, committed 3072K, reserved 1048576K
}
Event: 3.071 GC heap after
{Heap after GC invocations=4 (full 0):
 garbage-first heap   total 63488K, used 11652K [0x00000000c2800000, 0x0000000100000000)
  region size 1024K, 2 young (2048K), 2 survivors (2048K)
 Metaspace       used 21238K, committed 21504K, reserved 1114112K
  class space    used 2952K, committed 3072K, reserved 1048576K
}
Event: 30.430 GC heap before
{Heap before GC invocations=5 (full 0):
 garbage-first heap   total 45056K, used 36228K [0x00000000c2800000, 0x0000000100000000)
  region size 1024K, 26 young (26624K), 2 survivors (2048K)
 Metaspace       used 27798K, committed 28096K, reserved 1114112K
  class space    used 3800K, committed 3904K, reserved 1048576K
}
Event: 30.435 GC heap after
{Heap after GC invocations=6 (full 0):
 garbage-first heap   total 45056K, used 17527K [0x00000000c2800000, 0x0000000100000000)
  region size 1024K, 4 young (4096K), 4 survivors (4096K)
 Metaspace       used 27798K, committed 28096K, reserved 1114112K
  class space    used 3800K, committed 3904K, reserved 1048576K
}
Event: 54.870 GC heap before
{Heap before GC invocations=6 (full 0):
 garbage-first heap   total 45056K, used 30839K [0x00000000c2800000, 0x0000000100000000)
  region size 1024K, 14 young (14336K), 4 survivors (4096K)
 Metaspace       used 32008K, committed 32320K, reserved 1114112K
  class space    used 4328K, committed 4480K, reserved 1048576K
}
Event: 54.875 GC heap after
{Heap after GC invocations=7 (full 0):
 garbage-first heap   total 45056K, used 24318K [0x00000000c2800000, 0x0000000100000000)
  region size 1024K, 2 young (2048K), 2 survivors (2048K)
 Metaspace       used 32008K, committed 32320K, reserved 1114112K
  class space    used 4328K, committed 4480K, reserved 1048576K
}
Event: 54.903 GC heap before
{Heap before GC invocations=8 (full 0):
 garbage-first heap   total 51200K, used 30462K [0x00000000c2800000, 0x0000000100000000)
  region size 1024K, 3 young (3072K), 2 survivors (2048K)
 Metaspace       used 32016K, committed 32320K, reserved 1114112K
  class space    used 4330K, committed 4480K, reserved 1048576K
}
Event: 54.905 GC heap after
{Heap after GC invocations=9 (full 0):
 garbage-first heap   total 51200K, used 30738K [0x00000000c2800000, 0x0000000100000000)
  region size 1024K, 1 young (1024K), 1 survivors (1024K)
 Metaspace       used 32016K, committed 32320K, reserved 1114112K
  class space    used 4330K, committed 4480K, reserved 1048576K
}
Event: 54.925 GC heap before
{Heap before GC invocations=10 (full 0):
 garbage-first heap   total 61440K, used 36882K [0x00000000c2800000, 0x0000000100000000)
  region size 1024K, 2 young (2048K), 1 survivors (1024K)
 Metaspace       used 32018K, committed 32384K, reserved 1114112K
  class space    used 4330K, committed 4480K, reserved 1048576K
}
Event: 54.926 GC heap after
{Heap after GC invocations=11 (full 0):
 garbage-first heap   total 73728K, used 36777K [0x00000000c2800000, 0x0000000100000000)
  region size 1024K, 1 young (1024K), 1 survivors (1024K)
 Metaspace       used 32018K, committed 32384K, reserved 1114112K
  class space    used 4330K, committed 4480K, reserved 1048576K
}
Event: 54.952 GC heap before
{Heap before GC invocations=12 (full 0):
 garbage-first heap   total 75776K, used 44969K [0x00000000c2800000, 0x0000000100000000)
  region size 1024K, 2 young (2048K), 1 survivors (1024K)
 Metaspace       used 32029K, committed 32384K, reserved 1114112K
  class space    used 4330K, committed 4480K, reserved 1048576K
}
Event: 54.954 GC heap after
{Heap after GC invocations=13 (full 0):
 garbage-first heap   total 75776K, used 45099K [0x00000000c2800000, 0x0000000100000000)
  region size 1024K, 1 young (1024K), 1 survivors (1024K)
 Metaspace       used 32029K, committed 32384K, reserved 1114112K
  class space    used 4330K, committed 4480K, reserved 1048576K
}
Event: 54.976 GC heap before
{Heap before GC invocations=14 (full 0):
 garbage-first heap   total 86016K, used 51243K [0x00000000c2800000, 0x0000000100000000)
  region size 1024K, 2 young (2048K), 1 survivors (1024K)
 Metaspace       used 32037K, committed 32384K, reserved 1114112K
  class space    used 4330K, committed 4480K, reserved 1048576K
}
Event: 54.977 GC heap after
{Heap after GC invocations=15 (full 0):
 garbage-first heap   total 86016K, used 51331K [0x00000000c2800000, 0x0000000100000000)
  region size 1024K, 1 young (1024K), 1 survivors (1024K)
 Metaspace       used 32037K, committed 32384K, reserved 1114112K
  class space    used 4330K, committed 4480K, reserved 1048576K
}

