# JRE version: OpenJDK Runtime Environment JBR-17.0.12+1-1207.37-nomod (17.0.12+1) (build 17.0.12+1-b1207.37)
# Java VM: OpenJDK 64-Bit Server VM JBR-17.0.12+1-1207.37-nomod (17.0.12+1-b1207.37, mixed mode, sharing, tiered, compressed oops, compressed class ptrs, g1 gc, windows-amd64)
GC Precious Log:
 CPUs: 8 total, 8 available
 Memory: 3929M
 Large Page Support: Disabled
 NUMA Support: Disabled
 Compressed Oops: Enabled (32-bit)
 Heap Region Size: 1M
 Heap Min Capacity: 8M
 Heap Initial Capacity: 62M
 Heap Max Capacity: 984M
 Pre-touch: Disabled
 Parallel Workers: 8
 Concurrent Workers: 2
 Concurrent Refinement Workers: 8
 Periodic GC: Disabled
Heap:
 garbage-first heap   total 451584K, used 394858K [0x00000000c2800000, 0x0000000100000000)
  region size 1024K, 46 young (47104K), 5 survivors (5120K)
 Metaspace       used 36716K, committed 37120K, reserved 1114112K
  class space    used 5113K, committed 5312K, reserved 1048576K
GC Heap History (20 events):
Event: 16.656 GC heap before
{Heap before GC invocations=14 (full 0):
 garbage-first heap   total 91136K, used 61430K [0x00000000c2800000, 0x0000000100000000)
  region size 1024K, 10 young (10240K), 3 survivors (3072K)
 Metaspace       used 29721K, committed 29952K, reserved 1114112K
  class space    used 4179K, committed 4288K, reserved 1048576K
}
Event: 16.660 GC heap after
{Heap after GC invocations=15 (full 0):
 garbage-first heap   total 91136K, used 56732K [0x00000000c2800000, 0x0000000100000000)
  region size 1024K, 2 young (2048K), 2 survivors (2048K)
 Metaspace       used 29721K, committed 29952K, reserved 1114112K
  class space    used 4179K, committed 4288K, reserved 1048576K
}
Event: 16.684 GC heap before
{Heap before GC invocations=16 (full 0):
 garbage-first heap   total 106496K, used 62876K [0x00000000c2800000, 0x0000000100000000)
  region size 1024K, 3 young (3072K), 2 survivors (2048K)
 Metaspace       used 29732K, committed 29952K, reserved 1114112K
  class space    used 4180K, committed 4288K, reserved 1048576K
}
Event: 16.686 GC heap after
{Heap after GC invocations=17 (full 0):
 garbage-first heap   total 106496K, used 62806K [0x00000000c2800000, 0x0000000100000000)
  region size 1024K, 2 young (2048K), 2 survivors (2048K)
 Metaspace       used 29732K, committed 29952K, reserved 1114112K
  class space    used 4180K, committed 4288K, reserved 1048576K
}
Event: 16.722 GC heap before
{Heap before GC invocations=18 (full 0):
 garbage-first heap   total 117760K, used 68950K [0x00000000c2800000, 0x0000000100000000)
  region size 1024K, 4 young (4096K), 2 survivors (2048K)
 Metaspace       used 29873K, committed 30208K, reserved 1114112K
  class space    used 4200K, committed 4352K, reserved 1048576K
}
Event: 16.724 GC heap after
{Heap after GC invocations=19 (full 0):
 garbage-first heap   total 117760K, used 55600K [0x00000000c2800000, 0x0000000100000000)
  region size 1024K, 2 young (2048K), 2 survivors (2048K)
 Metaspace       used 29873K, committed 30208K, reserved 1114112K
  class space    used 4200K, committed 4352K, reserved 1048576K
}
Event: 16.772 GC heap before
{Heap before GC invocations=20 (full 0):
 garbage-first heap   total 204800K, used 124208K [0x00000000c2800000, 0x0000000100000000)
  region size 1024K, 3 young (3072K), 2 survivors (2048K)
 Metaspace       used 29895K, committed 30208K, reserved 1114112K
  class space    used 4203K, committed 4352K, reserved 1048576K
}
Event: 16.774 GC heap after
{Heap after GC invocations=21 (full 0):
 garbage-first heap   total 204800K, used 124292K [0x00000000c2800000, 0x0000000100000000)
  region size 1024K, 2 young (2048K), 2 survivors (2048K)
 Metaspace       used 29895K, committed 30208K, reserved 1114112K
  class space    used 4203K, committed 4352K, reserved 1048576K
}
Event: 32.214 GC heap before
{Heap before GC invocations=22 (full 0):
 garbage-first heap   total 307200K, used 185732K [0x00000000c2800000, 0x0000000100000000)
  region size 1024K, 8 young (8192K), 2 survivors (2048K)
 Metaspace       used 30323K, committed 30592K, reserved 1114112K
  class space    used 4235K, committed 4352K, reserved 1048576K
}
Event: 32.229 GC heap after
{Heap after GC invocations=23 (full 0):
 garbage-first heap   total 307200K, used 124849K [0x00000000c2800000, 0x0000000100000000)
  region size 1024K, 2 young (2048K), 2 survivors (2048K)
 Metaspace       used 30323K, committed 30592K, reserved 1114112K
  class space    used 4235K, committed 4352K, reserved 1048576K
}
Event: 32.603 GC heap before
{Heap before GC invocations=23 (full 0):
 garbage-first heap   total 307200K, used 182193K [0x00000000c2800000, 0x0000000100000000)
  region size 1024K, 3 young (3072K), 2 survivors (2048K)
 Metaspace       used 30329K, committed 30592K, reserved 1114112K
  class space    used 4235K, committed 4352K, reserved 1048576K
}
Event: 32.605 GC heap after
{Heap after GC invocations=24 (full 0):
 garbage-first heap   total 307200K, used 182210K [0x00000000c2800000, 0x0000000100000000)
  region size 1024K, 2 young (2048K), 2 survivors (2048K)
 Metaspace       used 30329K, committed 30592K, reserved 1114112K
  class space    used 4235K, committed 4352K, reserved 1048576K
}
Event: 33.697 GC heap before
{Heap before GC invocations=25 (full 0):
 garbage-first heap   total 311296K, used 191426K [0x00000000c2800000, 0x0000000100000000)
  region size 1024K, 11 young (11264K), 2 survivors (2048K)
 Metaspace       used 31442K, committed 31744K, reserved 1114112K
  class space    used 4435K, committed 4544K, reserved 1048576K
}
Event: 33.701 GC heap after
{Heap after GC invocations=26 (full 0):
 garbage-first heap   total 311296K, used 185439K [0x00000000c2800000, 0x0000000100000000)
  region size 1024K, 4 young (4096K), 4 survivors (4096K)
 Metaspace       used 31442K, committed 31744K, reserved 1114112K
  class space    used 4435K, committed 4544K, reserved 1048576K
}
Event: 48.775 GC heap before
{Heap before GC invocations=27 (full 0):
 garbage-first heap   total 317440K, used 225375K [0x00000000c2800000, 0x0000000100000000)
  region size 1024K, 43 young (44032K), 4 survivors (4096K)
 Metaspace       used 35774K, committed 36224K, reserved 1114112K
  class space    used 5042K, committed 5248K, reserved 1048576K
}
Event: 48.787 GC heap after
{Heap after GC invocations=28 (full 0):
 garbage-first heap   total 317440K, used 191917K [0x00000000c2800000, 0x0000000100000000)
  region size 1024K, 8 young (8192K), 8 survivors (8192K)
 Metaspace       used 35774K, committed 36224K, reserved 1114112K
  class space    used 5042K, committed 5248K, reserved 1048576K
}
Event: 49.191 GC heap before
{Heap before GC invocations=29 (full 0):
 garbage-first heap   total 419840K, used 249261K [0x00000000c2800000, 0x0000000100000000)
  region size 1024K, 9 young (9216K), 8 survivors (8192K)
 Metaspace       used 35775K, committed 36224K, reserved 1114112K
  class space    used 5042K, committed 5248K, reserved 1048576K
}
Event: 49.200 GC heap after
{Heap after GC invocations=30 (full 0):
 garbage-first heap   total 419840K, used 249381K [0x00000000c2800000, 0x0000000100000000)
  region size 1024K, 5 young (5120K), 5 survivors (5120K)
 Metaspace       used 35775K, committed 36224K, reserved 1114112K
  class space    used 5042K, committed 5248K, reserved 1048576K
}
Event: 49.232 GC heap before
{Heap before GC invocations=31 (full 0):
 garbage-first heap   total 423936K, used 254501K [0x00000000c2800000, 0x0000000100000000)
  region size 1024K, 9 young (9216K), 5 survivors (5120K)
 Metaspace       used 35814K, committed 36224K, reserved 1114112K
  class space    used 5047K, committed 5248K, reserved 1048576K
}
Event: 49.236 GC heap after
{Heap after GC invocations=32 (full 0):
 garbage-first heap   total 423936K, used 251498K [0x00000000c2800000, 0x0000000100000000)
  region size 1024K, 5 young (5120K), 5 survivors (5120K)
 Metaspace       used 35814K, committed 36224K, reserved 1114112K
  class space    used 5047K, committed 5248K, reserved 1048576K
}

