# JRE version: OpenJDK Runtime Environment JBR-17.0.12+1-1207.37-nomod (17.0.12+1) (build 17.0.12+1-b1207.37)
# Java VM: OpenJDK 64-Bit Server VM JBR-17.0.12+1-1207.37-nomod (17.0.12+1-b1207.37, mixed mode, sharing, tiered, compressed oops, compressed class ptrs, g1 gc, windows-amd64)
GC Precious Log:
 CPUs: 8 total, 8 available
 Memory: 3929M
 Large Page Support: Disabled
 NUMA Support: Disabled
 Compressed Oops: Enabled (32-bit)
 Heap Region Size: 1M
 Heap Min Capacity: 8M
 Heap Initial Capacity: 62M
 Heap Max Capacity: 984M
 Pre-touch: Disabled
 Parallel Workers: 8
 Concurrent Workers: 2
 Concurrent Refinement Workers: 8
 Periodic GC: Disabled
Heap:
 garbage-first heap   total 275456K, used 167751K [0x00000000c2800000, 0x0000000100000000)
  region size 1024K, 4 young (4096K), 3 survivors (3072K)
 Metaspace       used 31009K, committed 31296K, reserved 1114112K
  class space    used 4347K, committed 4480K, reserved 1048576K
GC Heap History (20 events):
Event: 20.424 GC heap before
{Heap before GC invocations=28 (full 0):
 garbage-first heap   total 178176K, used 107827K [0x00000000c2800000, 0x0000000100000000)
  region size 1024K, 4 young (4096K), 2 survivors (2048K)
 Metaspace       used 30135K, committed 30400K, reserved 1114112K
  class space    used 4213K, committed 4352K, reserved 1048576K
}
Event: 20.479 GC heap after
{Heap after GC invocations=29 (full 0):
 garbage-first heap   total 178176K, used 107020K [0x00000000c2800000, 0x0000000100000000)
  region size 1024K, 2 young (2048K), 2 survivors (2048K)
 Metaspace       used 30135K, committed 30400K, reserved 1114112K
  class space    used 4213K, committed 4352K, reserved 1048576K
}
Event: 20.526 GC heap before
{Heap before GC invocations=30 (full 0):
 garbage-first heap   total 193536K, used 114188K [0x00000000c2800000, 0x0000000100000000)
  region size 1024K, 4 young (4096K), 2 survivors (2048K)
 Metaspace       used 30166K, committed 30400K, reserved 1114112K
  class space    used 4213K, committed 4352K, reserved 1048576K
}
Event: 20.531 GC heap after
{Heap after GC invocations=31 (full 0):
 garbage-first heap   total 193536K, used 113442K [0x00000000c2800000, 0x0000000100000000)
  region size 1024K, 2 young (2048K), 2 survivors (2048K)
 Metaspace       used 30166K, committed 30400K, reserved 1114112K
  class space    used 4213K, committed 4352K, reserved 1048576K
}
Event: 20.577 GC heap before
{Heap before GC invocations=32 (full 0):
 garbage-first heap   total 201728K, used 119586K [0x00000000c2800000, 0x0000000100000000)
  region size 1024K, 3 young (3072K), 2 survivors (2048K)
 Metaspace       used 30174K, committed 30464K, reserved 1114112K
  class space    used 4213K, committed 4352K, reserved 1048576K
}
Event: 20.582 GC heap after
{Heap after GC invocations=33 (full 0):
 garbage-first heap   total 201728K, used 119312K [0x00000000c2800000, 0x0000000100000000)
  region size 1024K, 2 young (2048K), 2 survivors (2048K)
 Metaspace       used 30174K, committed 30464K, reserved 1114112K
  class space    used 4213K, committed 4352K, reserved 1048576K
}
Event: 20.629 GC heap before
{Heap before GC invocations=34 (full 0):
 garbage-first heap   total 211968K, used 127504K [0x00000000c2800000, 0x0000000100000000)
  region size 1024K, 3 young (3072K), 2 survivors (2048K)
 Metaspace       used 30180K, committed 30464K, reserved 1114112K
  class space    used 4213K, committed 4352K, reserved 1048576K
}
Event: 20.634 GC heap after
{Heap after GC invocations=35 (full 0):
 garbage-first heap   total 211968K, used 127563K [0x00000000c2800000, 0x0000000100000000)
  region size 1024K, 2 young (2048K), 2 survivors (2048K)
 Metaspace       used 30180K, committed 30464K, reserved 1114112K
  class space    used 4213K, committed 4352K, reserved 1048576K
}
Event: 20.690 GC heap before
{Heap before GC invocations=36 (full 0):
 garbage-first heap   total 220160K, used 131659K [0x00000000c2800000, 0x0000000100000000)
  region size 1024K, 5 young (5120K), 2 survivors (2048K)
 Metaspace       used 30205K, committed 30528K, reserved 1114112K
  class space    used 4213K, committed 4352K, reserved 1048576K
}
Event: 20.693 GC heap after
{Heap after GC invocations=37 (full 0):
 garbage-first heap   total 220160K, used 92601K [0x00000000c2800000, 0x0000000100000000)
  region size 1024K, 2 young (2048K), 2 survivors (2048K)
 Metaspace       used 30205K, committed 30528K, reserved 1114112K
  class space    used 4213K, committed 4352K, reserved 1048576K
}
Event: 21.205 GC heap before
{Heap before GC invocations=37 (full 0):
 garbage-first heap   total 220160K, used 103865K [0x00000000c2800000, 0x0000000100000000)
  region size 1024K, 6 young (6144K), 2 survivors (2048K)
 Metaspace       used 30296K, committed 30528K, reserved 1114112K
  class space    used 4214K, committed 4352K, reserved 1048576K
}
Event: 21.208 GC heap after
{Heap after GC invocations=38 (full 0):
 garbage-first heap   total 220160K, used 98788K [0x00000000c2800000, 0x0000000100000000)
  region size 1024K, 2 young (2048K), 2 survivors (2048K)
 Metaspace       used 30296K, committed 30528K, reserved 1114112K
  class space    used 4214K, committed 4352K, reserved 1048576K
}
Event: 21.587 GC heap before
{Heap before GC invocations=38 (full 0):
 garbage-first heap   total 220160K, used 103908K [0x00000000c2800000, 0x0000000100000000)
  region size 1024K, 5 young (5120K), 2 survivors (2048K)
 Metaspace       used 30445K, committed 30720K, reserved 1114112K
  class space    used 4226K, committed 4352K, reserved 1048576K
}
Event: 21.589 GC heap after
{Heap after GC invocations=39 (full 0):
 garbage-first heap   total 220160K, used 101914K [0x00000000c2800000, 0x0000000100000000)
  region size 1024K, 2 young (2048K), 2 survivors (2048K)
 Metaspace       used 30445K, committed 30720K, reserved 1114112K
  class space    used 4226K, committed 4352K, reserved 1048576K
}
Event: 22.125 GC heap before
{Heap before GC invocations=40 (full 0):
 garbage-first heap   total 266240K, used 161306K [0x00000000c2800000, 0x0000000100000000)
  region size 1024K, 5 young (5120K), 2 survivors (2048K)
 Metaspace       used 30448K, committed 30720K, reserved 1114112K
  class space    used 4226K, committed 4352K, reserved 1048576K
}
Event: 22.127 GC heap after
{Heap after GC invocations=41 (full 0):
 garbage-first heap   total 266240K, used 159271K [0x00000000c2800000, 0x0000000100000000)
  region size 1024K, 2 young (2048K), 2 survivors (2048K)
 Metaspace       used 30448K, committed 30720K, reserved 1114112K
  class space    used 4226K, committed 4352K, reserved 1048576K
}
Event: 22.224 GC heap before
{Heap before GC invocations=42 (full 0):
 garbage-first heap   total 271360K, used 164391K [0x00000000c2800000, 0x0000000100000000)
  region size 1024K, 6 young (6144K), 2 survivors (2048K)
 Metaspace       used 30605K, committed 30912K, reserved 1114112K
  class space    used 4279K, committed 4416K, reserved 1048576K
}
Event: 22.229 GC heap after
{Heap after GC invocations=43 (full 0):
 garbage-first heap   total 271360K, used 161478K [0x00000000c2800000, 0x0000000100000000)
  region size 1024K, 2 young (2048K), 2 survivors (2048K)
 Metaspace       used 30605K, committed 30912K, reserved 1114112K
  class space    used 4279K, committed 4416K, reserved 1048576K
}
Event: 23.913 GC heap before
{Heap before GC invocations=44 (full 0):
 garbage-first heap   total 275456K, used 170694K [0x00000000c2800000, 0x0000000100000000)
  region size 1024K, 10 young (10240K), 2 survivors (2048K)
 Metaspace       used 31009K, committed 31296K, reserved 1114112K
  class space    used 4347K, committed 4480K, reserved 1048576K
}
Event: 23.924 GC heap after
{Heap after GC invocations=45 (full 0):
 garbage-first heap   total 275456K, used 164679K [0x00000000c2800000, 0x0000000100000000)
  region size 1024K, 3 young (3072K), 3 survivors (3072K)
 Metaspace       used 31009K, committed 31296K, reserved 1114112K
  class space    used 4347K, committed 4480K, reserved 1048576K
}

