# JRE version: OpenJDK Runtime Environment JBR-17.0.14+1-1367.22-nomod (17.0.14+1) (build 17.0.14+1-b1367.22)
# Java VM: OpenJDK 64-Bit Server VM JBR-17.0.14+1-1367.22-nomod (17.0.14+1-b1367.22, mixed mode, sharing, tiered, compressed oops, compressed class ptrs, g1 gc, windows-amd64)
GC Precious Log:
 CPUs: 8 total, 8 available
 Memory: 3929M
 Large Page Support: Disabled
 NUMA Support: Disabled
 Compressed Oops: Enabled (32-bit)
 Heap Region Size: 1M
 Heap Min Capacity: 8M
 Heap Initial Capacity: 62M
 Heap Max Capacity: 984M
 Pre-touch: Disabled
 Parallel Workers: 8
 Concurrent Workers: 2
 Concurrent Refinement Workers: 8
 Periodic GC: Disabled
Heap:
 garbage-first heap   total 63488K, used 24869K [0x00000000c2800000, 0x0000000100000000)
  region size 1024K, 3 young (3072K), 3 survivors (3072K)
 Metaspace       used 26685K, committed 26944K, reserved 1114112K
  class space    used 3184K, committed 3328K, reserved 1048576K
GC Heap History (19 events):
Event: 1.965 GC heap before
{Heap before GC invocations=0 (full 0):
 garbage-first heap   total 63488K, used 23552K [0x00000000c2800000, 0x0000000100000000)
  region size 1024K, 23 young (23552K), 0 survivors (0K)
 Metaspace       used 6036K, committed 6208K, reserved 1114112K
  class space    used 742K, committed 832K, reserved 1048576K
}
Event: 2.027 GC heap after
{Heap after GC invocations=1 (full 0):
 garbage-first heap   total 63488K, used 3676K [0x00000000c2800000, 0x0000000100000000)
  region size 1024K, 3 young (3072K), 3 survivors (3072K)
 Metaspace       used 6036K, committed 6208K, reserved 1114112K
  class space    used 742K, committed 832K, reserved 1048576K
}
Event: 2.792 GC heap before
{Heap before GC invocations=1 (full 0):
 garbage-first heap   total 63488K, used 30300K [0x00000000c2800000, 0x0000000100000000)
  region size 1024K, 29 young (29696K), 3 survivors (3072K)
 Metaspace       used 9057K, committed 9216K, reserved 1114112K
  class space    used 1130K, committed 1216K, reserved 1048576K
}
Event: 2.798 GC heap after
{Heap after GC invocations=2 (full 0):
 garbage-first heap   total 63488K, used 4950K [0x00000000c2800000, 0x0000000100000000)
  region size 1024K, 2 young (2048K), 2 survivors (2048K)
 Metaspace       used 9057K, committed 9216K, reserved 1114112K
  class space    used 1130K, committed 1216K, reserved 1048576K
}
Event: 3.922 GC heap before
{Heap before GC invocations=2 (full 0):
 garbage-first heap   total 63488K, used 40790K [0x00000000c2800000, 0x0000000100000000)
  region size 1024K, 37 young (37888K), 2 survivors (2048K)
 Metaspace       used 15809K, committed 16000K, reserved 1114112K
  class space    used 1998K, committed 2112K, reserved 1048576K
}
Event: 3.932 GC heap after
{Heap after GC invocations=3 (full 0):
 garbage-first heap   total 63488K, used 7895K [0x00000000c2800000, 0x0000000100000000)
  region size 1024K, 5 young (5120K), 5 survivors (5120K)
 Metaspace       used 15809K, committed 16000K, reserved 1114112K
  class space    used 1998K, committed 2112K, reserved 1048576K
}
Event: 4.749 GC heap before
{Heap before GC invocations=3 (full 0):
 garbage-first heap   total 63488K, used 40663K [0x00000000c2800000, 0x0000000100000000)
  region size 1024K, 37 young (37888K), 5 survivors (5120K)
 Metaspace       used 16506K, committed 16704K, reserved 1114112K
  class space    used 2033K, committed 2112K, reserved 1048576K
}
Event: 4.757 GC heap after
{Heap after GC invocations=4 (full 0):
 garbage-first heap   total 63488K, used 10033K [0x00000000c2800000, 0x0000000100000000)
  region size 1024K, 3 young (3072K), 3 survivors (3072K)
 Metaspace       used 16506K, committed 16704K, reserved 1114112K
  class space    used 2033K, committed 2112K, reserved 1048576K
}
Event: 5.518 GC heap before
{Heap before GC invocations=4 (full 0):
 garbage-first heap   total 63488K, used 43825K [0x00000000c2800000, 0x0000000100000000)
  region size 1024K, 36 young (36864K), 3 survivors (3072K)
 Metaspace       used 17871K, committed 18112K, reserved 1114112K
  class space    used 2167K, committed 2304K, reserved 1048576K
}
Event: 5.523 GC heap after
{Heap after GC invocations=5 (full 0):
 garbage-first heap   total 63488K, used 11739K [0x00000000c2800000, 0x0000000100000000)
  region size 1024K, 4 young (4096K), 4 survivors (4096K)
 Metaspace       used 17871K, committed 18112K, reserved 1114112K
  class space    used 2167K, committed 2304K, reserved 1048576K
}
Event: 6.979 GC heap before
{Heap before GC invocations=5 (full 0):
 garbage-first heap   total 63488K, used 44507K [0x00000000c2800000, 0x0000000100000000)
  region size 1024K, 37 young (37888K), 4 survivors (4096K)
 Metaspace       used 20433K, committed 20672K, reserved 1114112K
  class space    used 2456K, committed 2560K, reserved 1048576K
}
Event: 6.985 GC heap after
{Heap after GC invocations=6 (full 0):
 garbage-first heap   total 63488K, used 12861K [0x00000000c2800000, 0x0000000100000000)
  region size 1024K, 4 young (4096K), 4 survivors (4096K)
 Metaspace       used 20433K, committed 20672K, reserved 1114112K
  class space    used 2456K, committed 2560K, reserved 1048576K
}
Event: 7.036 GC heap before
{Heap before GC invocations=6 (full 0):
 garbage-first heap   total 63488K, used 15933K [0x00000000c2800000, 0x0000000100000000)
  region size 1024K, 8 young (8192K), 4 survivors (4096K)
 Metaspace       used 21337K, committed 21504K, reserved 1114112K
  class space    used 2609K, committed 2688K, reserved 1048576K
}
Event: 7.041 GC heap after
{Heap after GC invocations=7 (full 0):
 garbage-first heap   total 63488K, used 13245K [0x00000000c2800000, 0x0000000100000000)
  region size 1024K, 2 young (2048K), 2 survivors (2048K)
 Metaspace       used 21337K, committed 21504K, reserved 1114112K
  class space    used 2609K, committed 2688K, reserved 1048576K
}
Event: 7.374 GC heap before
{Heap before GC invocations=8 (full 0):
 garbage-first heap   total 55296K, used 42941K [0x00000000c2800000, 0x0000000100000000)
  region size 1024K, 32 young (32768K), 2 survivors (2048K)
 Metaspace       used 25958K, committed 26240K, reserved 1114112K
  class space    used 3106K, committed 3264K, reserved 1048576K
}
Event: 7.382 GC heap after
{Heap after GC invocations=9 (full 0):
 garbage-first heap   total 55296K, used 19290K [0x00000000c2800000, 0x0000000100000000)
  region size 1024K, 4 young (4096K), 4 survivors (4096K)
 Metaspace       used 25958K, committed 26240K, reserved 1114112K
  class space    used 3106K, committed 3264K, reserved 1048576K
}
Event: 7.394 GC heap before
{Heap before GC invocations=9 (full 0):
 garbage-first heap   total 55296K, used 20314K [0x00000000c2800000, 0x0000000100000000)
  region size 1024K, 5 young (5120K), 4 survivors (4096K)
 Metaspace       used 25965K, committed 26240K, reserved 1114112K
  class space    used 3107K, committed 3264K, reserved 1048576K
}
Event: 7.399 GC heap after
{Heap after GC invocations=10 (full 0):
 garbage-first heap   total 55296K, used 19808K [0x00000000c2800000, 0x0000000100000000)
  region size 1024K, 1 young (1024K), 1 survivors (1024K)
 Metaspace       used 25965K, committed 26240K, reserved 1114112K
  class space    used 3107K, committed 3264K, reserved 1048576K
}
Event: 7.623 GC heap before
{Heap before GC invocations=10 (full 0):
 garbage-first heap   total 55296K, used 39264K [0x00000000c2800000, 0x0000000100000000)
  region size 1024K, 20 young (20480K), 1 survivors (1024K)
 Metaspace       used 26685K, committed 26944K, reserved 1114112K
  class space    used 3184K, committed 3328K, reserved 1048576K
}

