# JRE version: OpenJDK Runtime Environment JBR-17.0.12+1-1207.37-nomod (17.0.12+1) (build 17.0.12+1-b1207.37)
# Java VM: OpenJDK 64-Bit Server VM JBR-17.0.12+1-1207.37-nomod (17.0.12+1-b1207.37, mixed mode, sharing, tiered, compressed oops, compressed class ptrs, g1 gc, windows-amd64)
GC Precious Log:
 CPUs: 8 total, 8 available
 Memory: 3929M
 Large Page Support: Disabled
 NUMA Support: Disabled
 Compressed Oops: Enabled (32-bit)
 Heap Region Size: 1M
 Heap Min Capacity: 8M
 Heap Initial Capacity: 62M
 Heap Max Capacity: 984M
 Pre-touch: Disabled
 Parallel Workers: 8
 Concurrent Workers: 2
 Concurrent Refinement Workers: 8
 Periodic GC: Disabled
Heap:
 garbage-first heap   total 482304K, used 386313K [0x00000000c2800000, 0x0000000100000000)
  region size 1024K, 10 young (10240K), 5 survivors (5120K)
 Metaspace       used 32494K, committed 32768K, reserved 1114112K
  class space    used 4452K, committed 4608K, reserved 1048576K
GC Heap History (20 events):
Event: 19.104 GC heap before
{Heap before GC invocations=43 (full 0):
 garbage-first heap   total 360448K, used 216823K [0x00000000c2800000, 0x0000000100000000)
  region size 1024K, 6 young (6144K), 2 survivors (2048K)
 Metaspace       used 30234K, committed 30528K, reserved 1114112K
  class space    used 4206K, committed 4352K, reserved 1048576K
}
Event: 19.106 GC heap after
{Heap after GC invocations=44 (full 0):
 garbage-first heap   total 360448K, used 118297K [0x00000000c2800000, 0x0000000100000000)
  region size 1024K, 2 young (2048K), 2 survivors (2048K)
 Metaspace       used 30234K, committed 30528K, reserved 1114112K
  class space    used 4206K, committed 4352K, reserved 1048576K
}
Event: 19.123 GC heap before
{Heap before GC invocations=44 (full 0):
 garbage-first heap   total 360448K, used 175641K [0x00000000c2800000, 0x0000000100000000)
  region size 1024K, 4 young (4096K), 2 survivors (2048K)
 Metaspace       used 30234K, committed 30528K, reserved 1114112K
  class space    used 4206K, committed 4352K, reserved 1048576K
}
Event: 19.125 GC heap after
{Heap after GC invocations=45 (full 0):
 garbage-first heap   total 360448K, used 174562K [0x00000000c2800000, 0x0000000100000000)
  region size 1024K, 2 young (2048K), 2 survivors (2048K)
 Metaspace       used 30234K, committed 30528K, reserved 1114112K
  class space    used 4206K, committed 4352K, reserved 1048576K
}
Event: 20.114 GC heap before
{Heap before GC invocations=46 (full 0):
 garbage-first heap   total 360448K, used 180706K [0x00000000c2800000, 0x0000000100000000)
  region size 1024K, 7 young (7168K), 2 survivors (2048K)
 Metaspace       used 30429K, committed 30720K, reserved 1114112K
  class space    used 4215K, committed 4352K, reserved 1048576K
}
Event: 20.144 GC heap after
{Heap after GC invocations=47 (full 0):
 garbage-first heap   total 360448K, used 176817K [0x00000000c2800000, 0x0000000100000000)
  region size 1024K, 2 young (2048K), 2 survivors (2048K)
 Metaspace       used 30429K, committed 30720K, reserved 1114112K
  class space    used 4215K, committed 4352K, reserved 1048576K
}
Event: 24.057 GC heap before
{Heap before GC invocations=48 (full 0):
 garbage-first heap   total 360448K, used 183985K [0x00000000c2800000, 0x0000000100000000)
  region size 1024K, 7 young (7168K), 2 survivors (2048K)
 Metaspace       used 30687K, committed 30976K, reserved 1114112K
  class space    used 4228K, committed 4352K, reserved 1048576K
}
Event: 24.059 GC heap after
{Heap after GC invocations=49 (full 0):
 garbage-first heap   total 360448K, used 179754K [0x00000000c2800000, 0x0000000100000000)
  region size 1024K, 2 young (2048K), 2 survivors (2048K)
 Metaspace       used 30687K, committed 30976K, reserved 1114112K
  class space    used 4228K, committed 4352K, reserved 1048576K
}
Event: 24.413 GC heap before
{Heap before GC invocations=50 (full 0):
 garbage-first heap   total 396288K, used 237098K [0x00000000c2800000, 0x0000000100000000)
  region size 1024K, 3 young (3072K), 2 survivors (2048K)
 Metaspace       used 30688K, committed 30976K, reserved 1114112K
  class space    used 4228K, committed 4352K, reserved 1048576K
}
Event: 24.415 GC heap after
{Heap after GC invocations=51 (full 0):
 garbage-first heap   total 396288K, used 237101K [0x00000000c2800000, 0x0000000100000000)
  region size 1024K, 2 young (2048K), 2 survivors (2048K)
 Metaspace       used 30688K, committed 30976K, reserved 1114112K
  class space    used 4228K, committed 4352K, reserved 1048576K
}
Event: 24.505 GC heap before
{Heap before GC invocations=52 (full 0):
 garbage-first heap   total 401408K, used 241197K [0x00000000c2800000, 0x0000000100000000)
  region size 1024K, 5 young (5120K), 2 survivors (2048K)
 Metaspace       used 30834K, committed 31104K, reserved 1114112K
  class space    used 4282K, committed 4416K, reserved 1048576K
}
Event: 24.507 GC heap after
{Heap after GC invocations=53 (full 0):
 garbage-first heap   total 401408K, used 239384K [0x00000000c2800000, 0x0000000100000000)
  region size 1024K, 2 young (2048K), 2 survivors (2048K)
 Metaspace       used 30834K, committed 31104K, reserved 1114112K
  class space    used 4282K, committed 4416K, reserved 1048576K
}
Event: 78.702 GC heap before
{Heap before GC invocations=54 (full 0):
 garbage-first heap   total 404480K, used 254744K [0x00000000c2800000, 0x0000000100000000)
  region size 1024K, 16 young (16384K), 2 survivors (2048K)
 Metaspace       used 31902K, committed 32192K, reserved 1114112K
  class space    used 4424K, committed 4544K, reserved 1048576K
}
Event: 78.718 GC heap after
{Heap after GC invocations=55 (full 0):
 garbage-first heap   total 404480K, used 242831K [0x00000000c2800000, 0x0000000100000000)
  region size 1024K, 4 young (4096K), 4 survivors (4096K)
 Metaspace       used 31902K, committed 32192K, reserved 1114112K
  class space    used 4424K, committed 4544K, reserved 1048576K
}
Event: 78.781 GC heap before
{Heap before GC invocations=56 (full 0):
 garbage-first heap   total 414720K, used 248975K [0x00000000c2800000, 0x0000000100000000)
  region size 1024K, 5 young (5120K), 4 survivors (4096K)
 Metaspace       used 31918K, committed 32192K, reserved 1114112K
  class space    used 4424K, committed 4544K, reserved 1048576K
}
Event: 78.786 GC heap after
{Heap after GC invocations=57 (full 0):
 garbage-first heap   total 414720K, used 249140K [0x00000000c2800000, 0x0000000100000000)
  region size 1024K, 4 young (4096K), 4 survivors (4096K)
 Metaspace       used 31918K, committed 32192K, reserved 1114112K
  class space    used 4424K, committed 4544K, reserved 1048576K
}
Event: 78.821 GC heap before
{Heap before GC invocations=58 (full 0):
 garbage-first heap   total 427008K, used 255284K [0x00000000c2800000, 0x0000000100000000)
  region size 1024K, 5 young (5120K), 4 survivors (4096K)
 Metaspace       used 31932K, committed 32192K, reserved 1114112K
  class space    used 4424K, committed 4544K, reserved 1048576K
}
Event: 78.824 GC heap after
{Heap after GC invocations=59 (full 0):
 garbage-first heap   total 427008K, used 255404K [0x00000000c2800000, 0x0000000100000000)
  region size 1024K, 3 young (3072K), 3 survivors (3072K)
 Metaspace       used 31932K, committed 32192K, reserved 1114112K
  class space    used 4424K, committed 4544K, reserved 1048576K
}
Event: 106.987 GC heap before
{Heap before GC invocations=60 (full 0):
 garbage-first heap   total 427008K, used 418220K [0x00000000c2800000, 0x0000000100000000)
  region size 1024K, 28 young (28672K), 3 survivors (3072K)
 Metaspace       used 32425K, committed 32704K, reserved 1114112K
  class space    used 4448K, committed 4608K, reserved 1048576K
}
Event: 107.016 GC heap after
{Heap after GC invocations=61 (full 0):
 garbage-first heap   total 427008K, used 334089K [0x00000000c2800000, 0x0000000100000000)
  region size 1024K, 5 young (5120K), 5 survivors (5120K)
 Metaspace       used 32425K, committed 32704K, reserved 1114112K
  class space    used 4448K, committed 4608K, reserved 1048576K
}

