# JRE version: OpenJDK Runtime Environment JBR-17.0.12+1-1207.37-nomod (17.0.12+1) (build 17.0.12+1-b1207.37)
# Java VM: OpenJDK 64-Bit Server VM JBR-17.0.12+1-1207.37-nomod (17.0.12+1-b1207.37, mixed mode, sharing, tiered, compressed oops, compressed class ptrs, g1 gc, windows-amd64)
GC Precious Log:
 CPUs: 8 total, 8 available
 Memory: 3929M
 Large Page Support: Disabled
 NUMA Support: Disabled
 Compressed Oops: Enabled (32-bit)
 Heap Region Size: 1M
 Heap Min Capacity: 8M
 Heap Initial Capacity: 62M
 Heap Max Capacity: 984M
 Pre-touch: Disabled
 Parallel Workers: 8
 Concurrent Workers: 2
 Concurrent Refinement Workers: 8
 Periodic GC: Disabled
Heap:
 garbage-first heap   total 58368K, used 39423K [0x00000000c2800000, 0x0000000100000000)
  region size 1024K, 25 young (25600K), 1 survivors (1024K)
 Metaspace       used 24090K, committed 24384K, reserved 1114112K
  class space    used 3574K, committed 3712K, reserved 1048576K
GC Heap History (8 events):
Event: 1.107 GC heap before
{Heap before GC invocations=0 (full 0):
 garbage-first heap   total 63488K, used 22528K [0x00000000c2800000, 0x0000000100000000)
  region size 1024K, 23 young (23552K), 0 survivors (0K)
 Metaspace       used 5650K, committed 5760K, reserved 1114112K
  class space    used 656K, committed 704K, reserved 1048576K
}
Event: 1.110 GC heap after
{Heap after GC invocations=1 (full 0):
 garbage-first heap   total 63488K, used 4117K [0x00000000c2800000, 0x0000000100000000)
  region size 1024K, 3 young (3072K), 3 survivors (3072K)
 Metaspace       used 5650K, committed 5760K, reserved 1114112K
  class space    used 656K, committed 704K, reserved 1048576K
}
Event: 2.027 GC heap before
{Heap before GC invocations=1 (full 0):
 garbage-first heap   total 63488K, used 30741K [0x00000000c2800000, 0x0000000100000000)
  region size 1024K, 29 young (29696K), 3 survivors (3072K)
 Metaspace       used 13603K, committed 13824K, reserved 1114112K
  class space    used 1766K, committed 1856K, reserved 1048576K
}
Event: 2.033 GC heap after
{Heap after GC invocations=2 (full 0):
 garbage-first heap   total 63488K, used 9889K [0x00000000c2800000, 0x0000000100000000)
  region size 1024K, 4 young (4096K), 4 survivors (4096K)
 Metaspace       used 13603K, committed 13824K, reserved 1114112K
  class space    used 1766K, committed 1856K, reserved 1048576K
}
Event: 14.155 GC heap before
{Heap before GC invocations=2 (full 0):
 garbage-first heap   total 63488K, used 38561K [0x00000000c2800000, 0x0000000100000000)
  region size 1024K, 31 young (31744K), 4 survivors (4096K)
 Metaspace       used 20694K, committed 20928K, reserved 1114112K
  class space    used 2929K, committed 3072K, reserved 1048576K
}
Event: 14.160 GC heap after
{Heap after GC invocations=3 (full 0):
 garbage-first heap   total 63488K, used 15175K [0x00000000c2800000, 0x0000000100000000)
  region size 1024K, 4 young (4096K), 4 survivors (4096K)
 Metaspace       used 20694K, committed 20928K, reserved 1114112K
  class space    used 2929K, committed 3072K, reserved 1048576K
}
Event: 14.223 GC heap before
{Heap before GC invocations=3 (full 0):
 garbage-first heap   total 63488K, used 18247K [0x00000000c2800000, 0x0000000100000000)
  region size 1024K, 8 young (8192K), 4 survivors (4096K)
 Metaspace       used 21290K, committed 21504K, reserved 1114112K
  class space    used 3084K, committed 3200K, reserved 1048576K
}
Event: 14.227 GC heap after
{Heap after GC invocations=4 (full 0):
 garbage-first heap   total 63488K, used 15871K [0x00000000c2800000, 0x0000000100000000)
  region size 1024K, 1 young (1024K), 1 survivors (1024K)
 Metaspace       used 21290K, committed 21504K, reserved 1114112K
  class space    used 3084K, committed 3200K, reserved 1048576K
}

