# JRE version: OpenJDK Runtime Environment JBR-17.0.12+1-1207.37-nomod (17.0.12+1) (build 17.0.12+1-b1207.37)
# Java VM: OpenJDK 64-Bit Server VM JBR-17.0.12+1-1207.37-nomod (17.0.12+1-b1207.37, mixed mode, sharing, tiered, compressed oops, compressed class ptrs, g1 gc, windows-amd64)
GC Precious Log:
 CPUs: 8 total, 8 available
 Memory: 3929M
 Large Page Support: Disabled
 NUMA Support: Disabled
 Compressed Oops: Enabled (32-bit)
 Heap Region Size: 1M
 Heap Min Capacity: 8M
 Heap Initial Capacity: 62M
 Heap Max Capacity: 984M
 Pre-touch: Disabled
 Parallel Workers: 8
 Concurrent Workers: 2
 Concurrent Refinement Workers: 8
 Periodic GC: Disabled
Heap:
 garbage-first heap   total 423936K, used 250663K [0x00000000c2800000, 0x0000000100000000)
  region size 1024K, 5 young (5120K), 3 survivors (3072K)
 Metaspace       used 28413K, committed 28736K, reserved 1114112K
  class space    used 3790K, committed 3968K, reserved 1048576K
GC Heap History (20 events):
Event: 0.944 GC heap before
{Heap before GC invocations=0 (full 0):
 garbage-first heap   total 63488K, used 22528K [0x00000000c2800000, 0x0000000100000000)
  region size 1024K, 23 young (23552K), 0 survivors (0K)
 Metaspace       used 4860K, committed 5056K, reserved 1114112K
  class space    used 569K, committed 640K, reserved 1048576K
}
Event: 0.947 GC heap after
{Heap after GC invocations=1 (full 0):
 garbage-first heap   total 63488K, used 3364K [0x00000000c2800000, 0x0000000100000000)
  region size 1024K, 3 young (3072K), 3 survivors (3072K)
 Metaspace       used 4860K, committed 5056K, reserved 1114112K
  class space    used 569K, committed 640K, reserved 1048576K
}
Event: 2.044 GC heap before
{Heap before GC invocations=1 (full 0):
 garbage-first heap   total 63488K, used 29988K [0x00000000c2800000, 0x0000000100000000)
  region size 1024K, 30 young (30720K), 3 survivors (3072K)
 Metaspace       used 13126K, committed 13376K, reserved 1114112K
  class space    used 1671K, committed 1792K, reserved 1048576K
}
Event: 2.054 GC heap after
{Heap after GC invocations=2 (full 0):
 garbage-first heap   total 63488K, used 9216K [0x00000000c2800000, 0x0000000100000000)
  region size 1024K, 4 young (4096K), 4 survivors (4096K)
 Metaspace       used 13126K, committed 13376K, reserved 1114112K
  class space    used 1671K, committed 1792K, reserved 1048576K
}
Event: 4.026 GC heap before
{Heap before GC invocations=2 (full 0):
 garbage-first heap   total 63488K, used 37888K [0x00000000c2800000, 0x0000000100000000)
  region size 1024K, 31 young (31744K), 4 survivors (4096K)
 Metaspace       used 20513K, committed 20800K, reserved 1114112K
  class space    used 2705K, committed 2880K, reserved 1048576K
}
Event: 4.046 GC heap after
{Heap after GC invocations=3 (full 0):
 garbage-first heap   total 63488K, used 12080K [0x00000000c2800000, 0x0000000100000000)
  region size 1024K, 2 young (2048K), 2 survivors (2048K)
 Metaspace       used 20513K, committed 20800K, reserved 1114112K
  class space    used 2705K, committed 2880K, reserved 1048576K
}
Event: 4.094 GC heap before
{Heap before GC invocations=3 (full 0):
 garbage-first heap   total 63488K, used 14128K [0x00000000c2800000, 0x0000000100000000)
  region size 1024K, 5 young (5120K), 2 survivors (2048K)
 Metaspace       used 21245K, committed 21504K, reserved 1114112K
  class space    used 2953K, committed 3136K, reserved 1048576K
}
Event: 4.104 GC heap after
{Heap after GC invocations=4 (full 0):
 garbage-first heap   total 63488K, used 12087K [0x00000000c2800000, 0x0000000100000000)
  region size 1024K, 2 young (2048K), 2 survivors (2048K)
 Metaspace       used 21245K, committed 21504K, reserved 1114112K
  class space    used 2953K, committed 3136K, reserved 1048576K
}
Event: 95.341 GC heap before
{Heap before GC invocations=5 (full 0):
 garbage-first heap   total 48128K, used 37687K [0x00000000c2800000, 0x0000000100000000)
  region size 1024K, 27 young (27648K), 2 survivors (2048K)
 Metaspace       used 25611K, committed 25920K, reserved 1114112K
  class space    used 3444K, committed 3584K, reserved 1048576K
}
Event: 95.361 GC heap after
{Heap after GC invocations=6 (full 0):
 garbage-first heap   total 48128K, used 16495K [0x00000000c2800000, 0x0000000100000000)
  region size 1024K, 4 young (4096K), 4 survivors (4096K)
 Metaspace       used 25611K, committed 25920K, reserved 1114112K
  class space    used 3444K, committed 3584K, reserved 1048576K
}
Event: 211.742 GC heap before
{Heap before GC invocations=6 (full 0):
 garbage-first heap   total 48128K, used 37999K [0x00000000c2800000, 0x0000000100000000)
  region size 1024K, 22 young (22528K), 4 survivors (4096K)
 Metaspace       used 26773K, committed 27072K, reserved 1114112K
  class space    used 3510K, committed 3712K, reserved 1048576K
}
Event: 211.835 GC heap after
{Heap after GC invocations=7 (full 0):
 garbage-first heap   total 48128K, used 19074K [0x00000000c2800000, 0x0000000100000000)
  region size 1024K, 2 young (2048K), 2 survivors (2048K)
 Metaspace       used 26773K, committed 27072K, reserved 1114112K
  class space    used 3510K, committed 3712K, reserved 1048576K
}
Event: 232.168 GC heap before
{Heap before GC invocations=7 (full 0):
 garbage-first heap   total 48128K, used 22146K [0x00000000c2800000, 0x0000000100000000)
  region size 1024K, 6 young (6144K), 2 survivors (2048K)
 Metaspace       used 27049K, committed 27392K, reserved 1114112K
  class space    used 3544K, committed 3712K, reserved 1048576K
}
Event: 232.172 GC heap after
{Heap after GC invocations=8 (full 0):
 garbage-first heap   total 48128K, used 19320K [0x00000000c2800000, 0x0000000100000000)
  region size 1024K, 1 young (1024K), 1 survivors (1024K)
 Metaspace       used 27049K, committed 27392K, reserved 1114112K
  class space    used 3544K, committed 3712K, reserved 1048576K
}
Event: 232.514 GC heap before
{Heap before GC invocations=8 (full 0):
 garbage-first heap   total 100352K, used 75640K [0x00000000c2800000, 0x0000000100000000)
  region size 1024K, 2 young (2048K), 1 survivors (1024K)
 Metaspace       used 27087K, committed 27392K, reserved 1114112K
  class space    used 3551K, committed 3712K, reserved 1048576K
}
Event: 232.516 GC heap after
{Heap after GC invocations=9 (full 0):
 garbage-first heap   total 100352K, used 75508K [0x00000000c2800000, 0x0000000100000000)
  region size 1024K, 1 young (1024K), 1 survivors (1024K)
 Metaspace       used 27087K, committed 27392K, reserved 1114112K
  class space    used 3551K, committed 3712K, reserved 1048576K
}
Event: 232.592 GC heap before
{Heap before GC invocations=10 (full 0):
 garbage-first heap   total 132096K, used 76532K [0x00000000c2800000, 0x0000000100000000)
  region size 1024K, 3 young (3072K), 1 survivors (1024K)
 Metaspace       used 27380K, committed 27712K, reserved 1114112K
  class space    used 3603K, committed 3776K, reserved 1048576K
}
Event: 232.594 GC heap after
{Heap after GC invocations=11 (full 0):
 garbage-first heap   total 132096K, used 75729K [0x00000000c2800000, 0x0000000100000000)
  region size 1024K, 1 young (1024K), 1 survivors (1024K)
 Metaspace       used 27380K, committed 27712K, reserved 1114112K
  class space    used 3603K, committed 3776K, reserved 1048576K
}
Event: 235.376 GC heap before
{Heap before GC invocations=12 (full 0):
 garbage-first heap   total 284672K, used 202705K [0x00000000c2800000, 0x0000000100000000)
  region size 1024K, 14 young (14336K), 1 survivors (1024K)
 Metaspace       used 28352K, committed 28672K, reserved 1114112K
  class space    used 3784K, committed 3968K, reserved 1048576K
}
Event: 235.453 GC heap after
{Heap after GC invocations=13 (full 0):
 garbage-first heap   total 284672K, used 192295K [0x00000000c2800000, 0x0000000100000000)
  region size 1024K, 3 young (3072K), 3 survivors (3072K)
 Metaspace       used 28352K, committed 28672K, reserved 1114112K
  class space    used 3784K, committed 3968K, reserved 1048576K
}

