# JRE version: OpenJDK Runtime Environment JBR-17.0.12+1-1207.37-nomod (17.0.12+1) (build 17.0.12+1-b1207.37)
# Java VM: OpenJDK 64-Bit Server VM JBR-17.0.12+1-1207.37-nomod (17.0.12+1-b1207.37, mixed mode, sharing, tiered, compressed oops, compressed class ptrs, g1 gc, windows-amd64)
GC Precious Log:
 CPUs: 8 total, 8 available
 Memory: 3929M
 Large Page Support: Disabled
 NUMA Support: Disabled
 Compressed Oops: Enabled (32-bit)
 Heap Region Size: 1M
 Heap Min Capacity: 8M
 Heap Initial Capacity: 62M
 Heap Max Capacity: 984M
 Pre-touch: Disabled
 Parallel Workers: 8
 Concurrent Workers: 2
 Concurrent Refinement Workers: 8
 Periodic GC: Disabled
Heap:
 garbage-first heap   total 140288K, used 86943K [0x00000000c2800000, 0x0000000100000000)
  region size 1024K, 5 young (5120K), 1 survivors (1024K)
 Metaspace       used 23780K, committed 24000K, reserved 1114112K
  class space    used 3471K, committed 3584K, reserved 1048576K
GC Heap History (14 events):
Event: 0.703 GC heap before
{Heap before GC invocations=0 (full 0):
 garbage-first heap   total 63488K, used 22528K [0x00000000c2800000, 0x0000000100000000)
  region size 1024K, 23 young (23552K), 0 survivors (0K)
 Metaspace       used 5789K, committed 5952K, reserved 1114112K
  class space    used 672K, committed 768K, reserved 1048576K
}
Event: 0.707 GC heap after
{Heap after GC invocations=1 (full 0):
 garbage-first heap   total 63488K, used 4235K [0x00000000c2800000, 0x0000000100000000)
  region size 1024K, 3 young (3072K), 3 survivors (3072K)
 Metaspace       used 5789K, committed 5952K, reserved 1114112K
  class space    used 672K, committed 768K, reserved 1048576K
}
Event: 1.624 GC heap before
{Heap before GC invocations=1 (full 0):
 garbage-first heap   total 63488K, used 29835K [0x00000000c2800000, 0x0000000100000000)
  region size 1024K, 28 young (28672K), 3 survivors (3072K)
 Metaspace       used 13471K, committed 13696K, reserved 1114112K
  class space    used 1739K, committed 1856K, reserved 1048576K
}
Event: 1.630 GC heap after
{Heap after GC invocations=2 (full 0):
 garbage-first heap   total 63488K, used 9619K [0x00000000c2800000, 0x0000000100000000)
  region size 1024K, 4 young (4096K), 4 survivors (4096K)
 Metaspace       used 13471K, committed 13696K, reserved 1114112K
  class space    used 1739K, committed 1856K, reserved 1048576K
}
Event: 12.973 GC heap before
{Heap before GC invocations=2 (full 0):
 garbage-first heap   total 63488K, used 40339K [0x00000000c2800000, 0x0000000100000000)
  region size 1024K, 32 young (32768K), 4 survivors (4096K)
 Metaspace       used 20818K, committed 21120K, reserved 1114112K
  class space    used 2969K, committed 3136K, reserved 1048576K
}
Event: 12.981 GC heap after
{Heap after GC invocations=3 (full 0):
 garbage-first heap   total 63488K, used 15123K [0x00000000c2800000, 0x0000000100000000)
  region size 1024K, 4 young (4096K), 4 survivors (4096K)
 Metaspace       used 20818K, committed 21120K, reserved 1114112K
  class space    used 2969K, committed 3136K, reserved 1048576K
}
Event: 13.027 GC heap before
{Heap before GC invocations=3 (full 0):
 garbage-first heap   total 63488K, used 17171K [0x00000000c2800000, 0x0000000100000000)
  region size 1024K, 7 young (7168K), 4 survivors (4096K)
 Metaspace       used 21261K, committed 21504K, reserved 1114112K
  class space    used 3093K, committed 3200K, reserved 1048576K
}
Event: 13.030 GC heap after
{Heap after GC invocations=4 (full 0):
 garbage-first heap   total 63488K, used 15668K [0x00000000c2800000, 0x0000000100000000)
  region size 1024K, 1 young (1024K), 1 survivors (1024K)
 Metaspace       used 21261K, committed 21504K, reserved 1114112K
  class space    used 3093K, committed 3200K, reserved 1048576K
}
Event: 15.060 GC heap before
{Heap before GC invocations=5 (full 0):
 garbage-first heap   total 58368K, used 51508K [0x00000000c2800000, 0x0000000100000000)
  region size 1024K, 21 young (21504K), 1 survivors (1024K)
 Metaspace       used 23368K, committed 23616K, reserved 1114112K
  class space    used 3440K, committed 3584K, reserved 1048576K
}
Event: 15.065 GC heap after
{Heap after GC invocations=6 (full 0):
 garbage-first heap   total 58368K, used 27404K [0x00000000c2800000, 0x0000000100000000)
  region size 1024K, 4 young (4096K), 4 survivors (4096K)
 Metaspace       used 23368K, committed 23616K, reserved 1114112K
  class space    used 3440K, committed 3584K, reserved 1048576K
}
Event: 15.077 GC heap before
{Heap before GC invocations=6 (full 0):
 garbage-first heap   total 58368K, used 28428K [0x00000000c2800000, 0x0000000100000000)
  region size 1024K, 5 young (5120K), 4 survivors (4096K)
 Metaspace       used 23399K, committed 23616K, reserved 1114112K
  class space    used 3445K, committed 3584K, reserved 1048576K
}
Event: 15.081 GC heap after
{Heap after GC invocations=7 (full 0):
 garbage-first heap   total 58368K, used 27359K [0x00000000c2800000, 0x0000000100000000)
  region size 1024K, 1 young (1024K), 1 survivors (1024K)
 Metaspace       used 23399K, committed 23616K, reserved 1114112K
  class space    used 3445K, committed 3584K, reserved 1048576K
}
Event: 16.393 GC heap before
{Heap before GC invocations=7 (full 0):
 garbage-first heap   total 58368K, used 29407K [0x00000000c2800000, 0x0000000100000000)
  region size 1024K, 4 young (4096K), 1 survivors (1024K)
 Metaspace       used 23599K, committed 23872K, reserved 1114112K
  class space    used 3451K, committed 3584K, reserved 1048576K
}
Event: 16.395 GC heap after
{Heap after GC invocations=8 (full 0):
 garbage-first heap   total 58368K, used 27551K [0x00000000c2800000, 0x0000000100000000)
  region size 1024K, 1 young (1024K), 1 survivors (1024K)
 Metaspace       used 23599K, committed 23872K, reserved 1114112K
  class space    used 3451K, committed 3584K, reserved 1048576K
}

