# JRE version: OpenJDK Runtime Environment JBR-17.0.12+1-1207.37-nomod (17.0.12+1) (build 17.0.12+1-b1207.37)
# Java VM: OpenJDK 64-Bit Server VM JBR-17.0.12+1-1207.37-nomod (17.0.12+1-b1207.37, mixed mode, sharing, tiered, compressed oops, compressed class ptrs, g1 gc, windows-amd64)
GC Precious Log:
 CPUs: 8 total, 8 available
 Memory: 3929M
 Large Page Support: Disabled
 NUMA Support: Disabled
 Compressed Oops: Enabled (32-bit)
 Heap Region Size: 1M
 Heap Min Capacity: 8M
 Heap Initial Capacity: 62M
 Heap Max Capacity: 984M
 Pre-touch: Disabled
 Parallel Workers: 8
 Concurrent Workers: 2
 Concurrent Refinement Workers: 8
 Periodic GC: Disabled
Heap:
 garbage-first heap   total 406528K, used 270328K [0x00000000c2800000, 0x0000000100000000)
  region size 1024K, 32 young (32768K), 3 survivors (3072K)
 Metaspace       used 35916K, committed 36352K, reserved 1114112K
  class space    used 5081K, committed 5312K, reserved 1048576K
GC Heap History (20 events):
Event: 32.831 GC heap before
{Heap before GC invocations=25 (full 0):
 garbage-first heap   total 270336K, used 161948K [0x00000000c2800000, 0x0000000100000000)
  region size 1024K, 2 young (2048K), 1 survivors (1024K)
 Metaspace       used 30550K, committed 30784K, reserved 1114112K
  class space    used 4304K, committed 4416K, reserved 1048576K
}
Event: 32.833 GC heap after
{Heap after GC invocations=26 (full 0):
 garbage-first heap   total 270336K, used 162013K [0x00000000c2800000, 0x0000000100000000)
  region size 1024K, 1 young (1024K), 1 survivors (1024K)
 Metaspace       used 30550K, committed 30784K, reserved 1114112K
  class space    used 4304K, committed 4416K, reserved 1048576K
}
Event: 32.869 GC heap before
{Heap before GC invocations=27 (full 0):
 garbage-first heap   total 281600K, used 171229K [0x00000000c2800000, 0x0000000100000000)
  region size 1024K, 3 young (3072K), 1 survivors (1024K)
 Metaspace       used 30561K, committed 30784K, reserved 1114112K
  class space    used 4306K, committed 4416K, reserved 1048576K
}
Event: 32.871 GC heap after
{Heap after GC invocations=28 (full 0):
 garbage-first heap   total 281600K, used 133377K [0x00000000c2800000, 0x0000000100000000)
  region size 1024K, 1 young (1024K), 1 survivors (1024K)
 Metaspace       used 30561K, committed 30784K, reserved 1114112K
  class space    used 4306K, committed 4416K, reserved 1048576K
}
Event: 32.907 GC heap before
{Heap before GC invocations=29 (full 0):
 garbage-first heap   total 281600K, used 143617K [0x00000000c2800000, 0x0000000100000000)
  region size 1024K, 2 young (2048K), 1 survivors (1024K)
 Metaspace       used 30565K, committed 30784K, reserved 1114112K
  class space    used 4306K, committed 4416K, reserved 1048576K
}
Event: 32.909 GC heap after
{Heap after GC invocations=30 (full 0):
 garbage-first heap   total 281600K, used 143647K [0x00000000c2800000, 0x0000000100000000)
  region size 1024K, 1 young (1024K), 1 survivors (1024K)
 Metaspace       used 30565K, committed 30784K, reserved 1114112K
  class space    used 4306K, committed 4416K, reserved 1048576K
}
Event: 32.941 GC heap before
{Heap before GC invocations=31 (full 0):
 garbage-first heap   total 281600K, used 153887K [0x00000000c2800000, 0x0000000100000000)
  region size 1024K, 2 young (2048K), 1 survivors (1024K)
 Metaspace       used 30582K, committed 30784K, reserved 1114112K
  class space    used 4306K, committed 4416K, reserved 1048576K
}
Event: 32.942 GC heap after
{Heap after GC invocations=32 (full 0):
 garbage-first heap   total 281600K, used 153950K [0x00000000c2800000, 0x0000000100000000)
  region size 1024K, 1 young (1024K), 1 survivors (1024K)
 Metaspace       used 30582K, committed 30784K, reserved 1114112K
  class space    used 4306K, committed 4416K, reserved 1048576K
}
Event: 32.976 GC heap before
{Heap before GC invocations=33 (full 0):
 garbage-first heap   total 281600K, used 164190K [0x00000000c2800000, 0x0000000100000000)
  region size 1024K, 2 young (2048K), 1 survivors (1024K)
 Metaspace       used 30597K, committed 30976K, reserved 1114112K
  class space    used 4306K, committed 4480K, reserved 1048576K
}
Event: 32.977 GC heap after
{Heap after GC invocations=34 (full 0):
 garbage-first heap   total 281600K, used 164239K [0x00000000c2800000, 0x0000000100000000)
  region size 1024K, 1 young (1024K), 1 survivors (1024K)
 Metaspace       used 30597K, committed 30976K, reserved 1114112K
  class space    used 4306K, committed 4480K, reserved 1048576K
}
Event: 33.016 GC heap before
{Heap before GC invocations=35 (full 0):
 garbage-first heap   total 290816K, used 174479K [0x00000000c2800000, 0x0000000100000000)
  region size 1024K, 2 young (2048K), 1 survivors (1024K)
 Metaspace       used 30613K, committed 30976K, reserved 1114112K
  class space    used 4306K, committed 4480K, reserved 1048576K
}
Event: 33.017 GC heap after
{Heap after GC invocations=36 (full 0):
 garbage-first heap   total 290816K, used 174539K [0x00000000c2800000, 0x0000000100000000)
  region size 1024K, 1 young (1024K), 1 survivors (1024K)
 Metaspace       used 30613K, committed 30976K, reserved 1114112K
  class space    used 4306K, committed 4480K, reserved 1048576K
}
Event: 33.278 GC heap before
{Heap before GC invocations=37 (full 0):
 garbage-first heap   total 301056K, used 184779K [0x00000000c2800000, 0x0000000100000000)
  region size 1024K, 8 young (8192K), 1 survivors (1024K)
 Metaspace       used 30849K, committed 31168K, reserved 1114112K
  class space    used 4319K, committed 4480K, reserved 1048576K
}
Event: 33.280 GC heap after
{Heap after GC invocations=38 (full 0):
 garbage-first heap   total 301056K, used 177649K [0x00000000c2800000, 0x0000000100000000)
  region size 1024K, 2 young (2048K), 2 survivors (2048K)
 Metaspace       used 30849K, committed 31168K, reserved 1114112K
  class space    used 4319K, committed 4480K, reserved 1048576K
}
Event: 37.434 GC heap before
{Heap before GC invocations=39 (full 0):
 garbage-first heap   total 398336K, used 250353K [0x00000000c2800000, 0x0000000100000000)
  region size 1024K, 18 young (18432K), 2 survivors (2048K)
 Metaspace       used 31180K, committed 31488K, reserved 1114112K
  class space    used 4341K, committed 4480K, reserved 1048576K
}
Event: 37.440 GC heap after
{Heap after GC invocations=40 (full 0):
 garbage-first heap   total 398336K, used 180120K [0x00000000c2800000, 0x0000000100000000)
  region size 1024K, 3 young (3072K), 3 survivors (3072K)
 Metaspace       used 31180K, committed 31488K, reserved 1114112K
  class space    used 4341K, committed 4480K, reserved 1048576K
}
Event: 37.778 GC heap before
{Heap before GC invocations=40 (full 0):
 garbage-first heap   total 398336K, used 237464K [0x00000000c2800000, 0x0000000100000000)
  region size 1024K, 4 young (4096K), 3 survivors (3072K)
 Metaspace       used 31185K, committed 31488K, reserved 1114112K
  class space    used 4341K, committed 4480K, reserved 1048576K
}
Event: 37.780 GC heap after
{Heap after GC invocations=41 (full 0):
 garbage-first heap   total 398336K, used 237383K [0x00000000c2800000, 0x0000000100000000)
  region size 1024K, 3 young (3072K), 3 survivors (3072K)
 Metaspace       used 31185K, committed 31488K, reserved 1114112K
  class space    used 4341K, committed 4480K, reserved 1048576K
}
Event: 37.853 GC heap before
{Heap before GC invocations=42 (full 0):
 garbage-first heap   total 403456K, used 241479K [0x00000000c2800000, 0x0000000100000000)
  region size 1024K, 6 young (6144K), 3 survivors (3072K)
 Metaspace       used 31317K, committed 31552K, reserved 1114112K
  class space    used 4367K, committed 4480K, reserved 1048576K
}
Event: 37.856 GC heap after
{Heap after GC invocations=43 (full 0):
 garbage-first heap   total 403456K, used 239608K [0x00000000c2800000, 0x0000000100000000)
  region size 1024K, 3 young (3072K), 3 survivors (3072K)
 Metaspace       used 31317K, committed 31552K, reserved 1114112K
  class space    used 4367K, committed 4480K, reserved 1048576K
}

