# JRE version: OpenJDK Runtime Environment JBR-17.0.12+1-1207.37-nomod (17.0.12+1) (build 17.0.12+1-b1207.37)
# Java VM: OpenJDK 64-Bit Server VM JBR-17.0.12+1-1207.37-nomod (17.0.12+1-b1207.37, mixed mode, sharing, tiered, compressed oops, compressed class ptrs, g1 gc, windows-amd64)
GC Precious Log:
 CPUs: 8 total, 8 available
 Memory: 3929M
 Large Page Support: Disabled
 NUMA Support: Disabled
 Compressed Oops: Enabled (32-bit)
 Heap Region Size: 1M
 Heap Min Capacity: 8M
 Heap Initial Capacity: 62M
 Heap Max Capacity: 984M
 Pre-touch: Disabled
 Parallel Workers: 8
 Concurrent Workers: 2
 Concurrent Refinement Workers: 8
 Periodic GC: Disabled
Heap:
 garbage-first heap   total 201728K, used 121744K [0x00000000c2800000, 0x0000000100000000)
  region size 1024K, 6 young (6144K), 2 survivors (2048K)
 Metaspace       used 28762K, committed 29056K, reserved 1114112K
  class space    used 3955K, committed 4096K, reserved 1048576K
GC Heap History (20 events):
Event: 28.740 GC heap before
{Heap before GC invocations=8 (full 0):
 garbage-first heap   total 55296K, used 32238K [0x00000000c2800000, 0x0000000100000000)
  region size 1024K, 2 young (2048K), 1 survivors (1024K)
 Metaspace       used 26117K, committed 26432K, reserved 1114112K
  class space    used 3618K, committed 3776K, reserved 1048576K
}
Event: 28.741 GC heap after
{Heap after GC invocations=9 (full 0):
 garbage-first heap   total 55296K, used 32212K [0x00000000c2800000, 0x0000000100000000)
  region size 1024K, 1 young (1024K), 1 survivors (1024K)
 Metaspace       used 26117K, committed 26432K, reserved 1114112K
  class space    used 3618K, committed 3776K, reserved 1048576K
}
Event: 28.965 GC heap before
{Heap before GC invocations=10 (full 0):
 garbage-first heap   total 61440K, used 45524K [0x00000000c2800000, 0x0000000100000000)
  region size 1024K, 12 young (12288K), 1 survivors (1024K)
 Metaspace       used 26790K, committed 27136K, reserved 1114112K
  class space    used 3737K, committed 3904K, reserved 1048576K
}
Event: 28.968 GC heap after
{Heap after GC invocations=11 (full 0):
 garbage-first heap   total 61440K, used 35791K [0x00000000c2800000, 0x0000000100000000)
  region size 1024K, 2 young (2048K), 2 survivors (2048K)
 Metaspace       used 26790K, committed 27136K, reserved 1114112K
  class space    used 3737K, committed 3904K, reserved 1048576K
}
Event: 30.978 GC heap before
{Heap before GC invocations=11 (full 0):
 garbage-first heap   total 61440K, used 47055K [0x00000000c2800000, 0x0000000100000000)
  region size 1024K, 14 young (14336K), 2 survivors (2048K)
 Metaspace       used 27982K, committed 28288K, reserved 1114112K
  class space    used 3906K, committed 4032K, reserved 1048576K
}
Event: 30.982 GC heap after
{Heap after GC invocations=12 (full 0):
 garbage-first heap   total 61440K, used 38153K [0x00000000c2800000, 0x0000000100000000)
  region size 1024K, 2 young (2048K), 2 survivors (2048K)
 Metaspace       used 27982K, committed 28288K, reserved 1114112K
  class space    used 3906K, committed 4032K, reserved 1048576K
}
Event: 31.008 GC heap before
{Heap before GC invocations=13 (full 0):
 garbage-first heap   total 76800K, used 46345K [0x00000000c2800000, 0x0000000100000000)
  region size 1024K, 3 young (3072K), 2 survivors (2048K)
 Metaspace       used 27986K, committed 28288K, reserved 1114112K
  class space    used 3908K, committed 4032K, reserved 1048576K
}
Event: 31.010 GC heap after
{Heap after GC invocations=14 (full 0):
 garbage-first heap   total 76800K, used 46769K [0x00000000c2800000, 0x0000000100000000)
  region size 1024K, 1 young (1024K), 1 survivors (1024K)
 Metaspace       used 27986K, committed 28288K, reserved 1114112K
  class space    used 3908K, committed 4032K, reserved 1048576K
}
Event: 38.366 GC heap before
{Heap before GC invocations=15 (full 0):
 garbage-first heap   total 91136K, used 62129K [0x00000000c2800000, 0x0000000100000000)
  region size 1024K, 10 young (10240K), 1 survivors (1024K)
 Metaspace       used 28390K, committed 28736K, reserved 1114112K
  class space    used 3924K, committed 4096K, reserved 1048576K
}
Event: 38.373 GC heap after
{Heap after GC invocations=16 (full 0):
 garbage-first heap   total 109568K, used 42413K [0x00000000c2800000, 0x0000000100000000)
  region size 1024K, 2 young (2048K), 2 survivors (2048K)
 Metaspace       used 28390K, committed 28736K, reserved 1114112K
  class space    used 3924K, committed 4096K, reserved 1048576K
}
Event: 38.411 GC heap before
{Heap before GC invocations=16 (full 0):
 garbage-first heap   total 109568K, used 50605K [0x00000000c2800000, 0x0000000100000000)
  region size 1024K, 3 young (3072K), 2 survivors (2048K)
 Metaspace       used 28392K, committed 28736K, reserved 1114112K
  class space    used 3924K, committed 4096K, reserved 1048576K
}
Event: 38.413 GC heap after
{Heap after GC invocations=17 (full 0):
 garbage-first heap   total 109568K, used 50670K [0x00000000c2800000, 0x0000000100000000)
  region size 1024K, 2 young (2048K), 2 survivors (2048K)
 Metaspace       used 28392K, committed 28736K, reserved 1114112K
  class space    used 3924K, committed 4096K, reserved 1048576K
}
Event: 50.180 GC heap before
{Heap before GC invocations=18 (full 0):
 garbage-first heap   total 109568K, used 61934K [0x00000000c2800000, 0x0000000100000000)
  region size 1024K, 6 young (6144K), 2 survivors (2048K)
 Metaspace       used 28495K, committed 28864K, reserved 1114112K
  class space    used 3924K, committed 4096K, reserved 1048576K
}
Event: 50.186 GC heap after
{Heap after GC invocations=19 (full 0):
 garbage-first heap   total 109568K, used 42428K [0x00000000c2800000, 0x0000000100000000)
  region size 1024K, 2 young (2048K), 2 survivors (2048K)
 Metaspace       used 28495K, committed 28864K, reserved 1114112K
  class space    used 3924K, committed 4096K, reserved 1048576K
}
Event: 50.225 GC heap before
{Heap before GC invocations=19 (full 0):
 garbage-first heap   total 109568K, used 50620K [0x00000000c2800000, 0x0000000100000000)
  region size 1024K, 3 young (3072K), 2 survivors (2048K)
 Metaspace       used 28498K, committed 28864K, reserved 1114112K
  class space    used 3924K, committed 4096K, reserved 1048576K
}
Event: 50.226 GC heap after
{Heap after GC invocations=20 (full 0):
 garbage-first heap   total 109568K, used 50686K [0x00000000c2800000, 0x0000000100000000)
  region size 1024K, 2 young (2048K), 2 survivors (2048K)
 Metaspace       used 28498K, committed 28864K, reserved 1114112K
  class space    used 3924K, committed 4096K, reserved 1048576K
}
Event: 51.820 GC heap before
{Heap before GC invocations=21 (full 0):
 garbage-first heap   total 109568K, used 61950K [0x00000000c2800000, 0x0000000100000000)
  region size 1024K, 6 young (6144K), 2 survivors (2048K)
 Metaspace       used 28569K, committed 28928K, reserved 1114112K
  class space    used 3931K, committed 4096K, reserved 1048576K
}
Event: 51.825 GC heap after
{Heap after GC invocations=22 (full 0):
 garbage-first heap   total 109568K, used 59267K [0x00000000c2800000, 0x0000000100000000)
  region size 1024K, 2 young (2048K), 2 survivors (2048K)
 Metaspace       used 28569K, committed 28928K, reserved 1114112K
  class space    used 3931K, committed 4096K, reserved 1048576K
}
Event: 52.164 GC heap before
{Heap before GC invocations=23 (full 0):
 garbage-first heap   total 196608K, used 116611K [0x00000000c2800000, 0x0000000100000000)
  region size 1024K, 3 young (3072K), 2 survivors (2048K)
 Metaspace       used 28571K, committed 28928K, reserved 1114112K
  class space    used 3931K, committed 4096K, reserved 1048576K
}
Event: 52.167 GC heap after
{Heap after GC invocations=24 (full 0):
 garbage-first heap   total 196608K, used 116624K [0x00000000c2800000, 0x0000000100000000)
  region size 1024K, 2 young (2048K), 2 survivors (2048K)
 Metaspace       used 28571K, committed 28928K, reserved 1114112K
  class space    used 3931K, committed 4096K, reserved 1048576K
}

