# JRE version: OpenJDK Runtime Environment JBR-17.0.12+1-1207.37-nomod (17.0.12+1) (build 17.0.12+1-b1207.37)
# Java VM: OpenJDK 64-Bit Server VM JBR-17.0.12+1-1207.37-nomod (17.0.12+1-b1207.37, mixed mode, sharing, tiered, compressed oops, compressed class ptrs, g1 gc, windows-amd64)
GC Precious Log:
 CPUs: 8 total, 8 available
 Memory: 3929M
 Large Page Support: Disabled
 NUMA Support: Disabled
 Compressed Oops: Enabled (32-bit)
 Heap Region Size: 1M
 Heap Min Capacity: 8M
 Heap Initial Capacity: 62M
 Heap Max Capacity: 984M
 Pre-touch: Disabled
 Parallel Workers: 8
 Concurrent Workers: 2
 Concurrent Refinement Workers: 8
 Periodic GC: Disabled
Heap:
 garbage-first heap   total 360448K, used 220599K [0x00000000c2800000, 0x0000000100000000)
  region size 1024K, 9 young (9216K), 1 survivors (1024K)
 Metaspace       used 34559K, committed 34880K, reserved 1114112K
  class space    used 4661K, committed 4864K, reserved 1048576K
GC Heap History (20 events):
Event: 21.652 GC heap before
{Heap before GC invocations=6 (full 0):
 garbage-first heap   total 45056K, used 31117K [0x00000000c2800000, 0x0000000100000000)
  region size 1024K, 14 young (14336K), 4 survivors (4096K)
 Metaspace       used 32044K, committed 32320K, reserved 1114112K
  class space    used 4326K, committed 4480K, reserved 1048576K
}
Event: 21.658 GC heap after
{Heap after GC invocations=7 (full 0):
 garbage-first heap   total 45056K, used 24498K [0x00000000c2800000, 0x0000000100000000)
  region size 1024K, 2 young (2048K), 2 survivors (2048K)
 Metaspace       used 32044K, committed 32320K, reserved 1114112K
  class space    used 4326K, committed 4480K, reserved 1048576K
}
Event: 21.681 GC heap before
{Heap before GC invocations=8 (full 0):
 garbage-first heap   total 51200K, used 30642K [0x00000000c2800000, 0x0000000100000000)
  region size 1024K, 3 young (3072K), 2 survivors (2048K)
 Metaspace       used 32052K, committed 32384K, reserved 1114112K
  class space    used 4327K, committed 4480K, reserved 1048576K
}
Event: 21.683 GC heap after
{Heap after GC invocations=9 (full 0):
 garbage-first heap   total 51200K, used 30902K [0x00000000c2800000, 0x0000000100000000)
  region size 1024K, 1 young (1024K), 1 survivors (1024K)
 Metaspace       used 32052K, committed 32384K, reserved 1114112K
  class space    used 4327K, committed 4480K, reserved 1048576K
}
Event: 21.704 GC heap before
{Heap before GC invocations=10 (full 0):
 garbage-first heap   total 66560K, used 39094K [0x00000000c2800000, 0x0000000100000000)
  region size 1024K, 2 young (2048K), 1 survivors (1024K)
 Metaspace       used 32059K, committed 32384K, reserved 1114112K
  class space    used 4327K, committed 4480K, reserved 1048576K
}
Event: 21.706 GC heap after
{Heap after GC invocations=11 (full 0):
 garbage-first heap   total 79872K, used 39015K [0x00000000c2800000, 0x0000000100000000)
  region size 1024K, 1 young (1024K), 1 survivors (1024K)
 Metaspace       used 32059K, committed 32384K, reserved 1114112K
  class space    used 4327K, committed 4480K, reserved 1048576K
}
Event: 21.731 GC heap before
{Heap before GC invocations=12 (full 0):
 garbage-first heap   total 80896K, used 47207K [0x00000000c2800000, 0x0000000100000000)
  region size 1024K, 2 young (2048K), 1 survivors (1024K)
 Metaspace       used 32069K, committed 32384K, reserved 1114112K
  class space    used 4327K, committed 4480K, reserved 1048576K
}
Event: 21.732 GC heap after
{Heap after GC invocations=13 (full 0):
 garbage-first heap   total 80896K, used 47311K [0x00000000c2800000, 0x0000000100000000)
  region size 1024K, 1 young (1024K), 1 survivors (1024K)
 Metaspace       used 32069K, committed 32384K, reserved 1114112K
  class space    used 4327K, committed 4480K, reserved 1048576K
}
Event: 22.013 GC heap before
{Heap before GC invocations=14 (full 0):
 garbage-first heap   total 94208K, used 73935K [0x00000000c2800000, 0x0000000100000000)
  region size 1024K, 17 young (17408K), 1 survivors (1024K)
 Metaspace       used 33061K, committed 33344K, reserved 1114112K
  class space    used 4498K, committed 4608K, reserved 1048576K
}
Event: 22.016 GC heap after
{Heap after GC invocations=15 (full 0):
 garbage-first heap   total 94208K, used 60716K [0x00000000c2800000, 0x0000000100000000)
  region size 1024K, 3 young (3072K), 3 survivors (3072K)
 Metaspace       used 33061K, committed 33344K, reserved 1114112K
  class space    used 4498K, committed 4608K, reserved 1048576K
}
Event: 23.797 GC heap before
{Heap before GC invocations=15 (full 0):
 garbage-first heap   total 94208K, used 68908K [0x00000000c2800000, 0x0000000100000000)
  region size 1024K, 12 young (12288K), 3 survivors (3072K)
 Metaspace       used 33914K, committed 34176K, reserved 1114112K
  class space    used 4617K, committed 4736K, reserved 1048576K
}
Event: 23.800 GC heap after
{Heap after GC invocations=16 (full 0):
 garbage-first heap   total 94208K, used 62496K [0x00000000c2800000, 0x0000000100000000)
  region size 1024K, 2 young (2048K), 2 survivors (2048K)
 Metaspace       used 33914K, committed 34176K, reserved 1114112K
  class space    used 4617K, committed 4736K, reserved 1048576K
}
Event: 23.837 GC heap before
{Heap before GC invocations=17 (full 0):
 garbage-first heap   total 114688K, used 68640K [0x00000000c2800000, 0x0000000100000000)
  region size 1024K, 3 young (3072K), 2 survivors (2048K)
 Metaspace       used 33914K, committed 34176K, reserved 1114112K
  class space    used 4617K, committed 4736K, reserved 1048576K
}
Event: 23.842 GC heap after
{Heap after GC invocations=18 (full 0):
 garbage-first heap   total 114688K, used 68956K [0x00000000c2800000, 0x0000000100000000)
  region size 1024K, 1 young (1024K), 1 survivors (1024K)
 Metaspace       used 33914K, committed 34176K, reserved 1114112K
  class space    used 4617K, committed 4736K, reserved 1048576K
}
Event: 23.880 GC heap before
{Heap before GC invocations=19 (full 0):
 garbage-first heap   total 128000K, used 74076K [0x00000000c2800000, 0x0000000100000000)
  region size 1024K, 2 young (2048K), 1 survivors (1024K)
 Metaspace       used 34034K, committed 34304K, reserved 1114112K
  class space    used 4632K, committed 4736K, reserved 1048576K
}
Event: 23.881 GC heap after
{Heap after GC invocations=20 (full 0):
 garbage-first heap   total 128000K, used 73919K [0x00000000c2800000, 0x0000000100000000)
  region size 1024K, 1 young (1024K), 1 survivors (1024K)
 Metaspace       used 34034K, committed 34304K, reserved 1114112K
  class space    used 4632K, committed 4736K, reserved 1048576K
}
Event: 23.948 GC heap before
{Heap before GC invocations=21 (full 0):
 garbage-first heap   total 237568K, used 143551K [0x00000000c2800000, 0x0000000100000000)
  region size 1024K, 2 young (2048K), 1 survivors (1024K)
 Metaspace       used 34092K, committed 34304K, reserved 1114112K
  class space    used 4638K, committed 4736K, reserved 1048576K
}
Event: 23.949 GC heap after
{Heap after GC invocations=22 (full 0):
 garbage-first heap   total 237568K, used 143636K [0x00000000c2800000, 0x0000000100000000)
  region size 1024K, 1 young (1024K), 1 survivors (1024K)
 Metaspace       used 34092K, committed 34304K, reserved 1114112K
  class space    used 4638K, committed 4736K, reserved 1048576K
}
Event: 24.000 GC heap before
{Heap before GC invocations=23 (full 0):
 garbage-first heap   total 260096K, used 156948K [0x00000000c2800000, 0x0000000100000000)
  region size 1024K, 3 young (3072K), 1 survivors (1024K)
 Metaspace       used 34111K, committed 34368K, reserved 1114112K
  class space    used 4639K, committed 4736K, reserved 1048576K
}
Event: 24.001 GC heap after
{Heap after GC invocations=24 (full 0):
 garbage-first heap   total 260096K, used 156087K [0x00000000c2800000, 0x0000000100000000)
  region size 1024K, 1 young (1024K), 1 survivors (1024K)
 Metaspace       used 34111K, committed 34368K, reserved 1114112K
  class space    used 4639K, committed 4736K, reserved 1048576K
}

