# JRE version: OpenJDK Runtime Environment JBR-17.0.12+1-1207.37-nomod (17.0.12+1) (build 17.0.12+1-b1207.37)
# Java VM: OpenJDK 64-Bit Server VM JBR-17.0.12+1-1207.37-nomod (17.0.12+1-b1207.37, mixed mode, sharing, tiered, compressed oops, compressed class ptrs, g1 gc, windows-amd64)
GC Precious Log:
 CPUs: 8 total, 8 available
 Memory: 3929M
 Large Page Support: Disabled
 NUMA Support: Disabled
 Compressed Oops: Enabled (32-bit)
 Heap Region Size: 1M
 Heap Min Capacity: 8M
 Heap Initial Capacity: 62M
 Heap Max Capacity: 984M
 Pre-touch: Disabled
 Parallel Workers: 8
 Concurrent Workers: 2
 Concurrent Refinement Workers: 8
 Periodic GC: Disabled
Heap:
 garbage-first heap   total 224256K, used 144419K [0x00000000c2800000, 0x0000000100000000)
  region size 1024K, 15 young (15360K), 2 survivors (2048K)
 Metaspace       used 33097K, committed 33472K, reserved 1114112K
  class space    used 4688K, committed 4864K, reserved 1048576K
GC Heap History (20 events):
Event: 14.343 GC heap before
{Heap before GC invocations=2 (full 0):
 garbage-first heap   total 63488K, used 39745K [0x00000000c2800000, 0x0000000100000000)
  region size 1024K, 31 young (31744K), 4 survivors (4096K)
 Metaspace       used 20651K, committed 20864K, reserved 1114112K
  class space    used 2930K, committed 3072K, reserved 1048576K
}
Event: 14.349 GC heap after
{Heap after GC invocations=3 (full 0):
 garbage-first heap   total 63488K, used 15253K [0x00000000c2800000, 0x0000000100000000)
  region size 1024K, 3 young (3072K), 3 survivors (3072K)
 Metaspace       used 20651K, committed 20864K, reserved 1114112K
  class space    used 2930K, committed 3072K, reserved 1048576K
}
Event: 14.401 GC heap before
{Heap before GC invocations=3 (full 0):
 garbage-first heap   total 63488K, used 17301K [0x00000000c2800000, 0x0000000100000000)
  region size 1024K, 6 young (6144K), 3 survivors (3072K)
 Metaspace       used 21233K, committed 21504K, reserved 1114112K
  class space    used 3080K, committed 3200K, reserved 1048576K
}
Event: 14.405 GC heap after
{Heap after GC invocations=4 (full 0):
 garbage-first heap   total 63488K, used 16101K [0x00000000c2800000, 0x0000000100000000)
  region size 1024K, 1 young (1024K), 1 survivors (1024K)
 Metaspace       used 21233K, committed 21504K, reserved 1114112K
  class space    used 3080K, committed 3200K, reserved 1048576K
}
Event: 16.193 GC heap before
{Heap before GC invocations=5 (full 0):
 garbage-first heap   total 58368K, used 50917K [0x00000000c2800000, 0x0000000100000000)
  region size 1024K, 16 young (16384K), 1 survivors (1024K)
 Metaspace       used 27608K, committed 27904K, reserved 1114112K
  class space    used 3859K, committed 3968K, reserved 1048576K
}
Event: 16.196 GC heap after
{Heap after GC invocations=6 (full 0):
 garbage-first heap   total 58368K, used 39914K [0x00000000c2800000, 0x0000000100000000)
  region size 1024K, 4 young (4096K), 4 survivors (4096K)
 Metaspace       used 27608K, committed 27904K, reserved 1114112K
  class space    used 3859K, committed 3968K, reserved 1048576K
}
Event: 16.221 GC heap before
{Heap before GC invocations=6 (full 0):
 garbage-first heap   total 58368K, used 50154K [0x00000000c2800000, 0x0000000100000000)
  region size 1024K, 5 young (5120K), 4 survivors (4096K)
 Metaspace       used 27614K, committed 27904K, reserved 1114112K
  class space    used 3859K, committed 3968K, reserved 1048576K
}
Event: 16.226 GC heap after
{Heap after GC invocations=7 (full 0):
 garbage-first heap   total 58368K, used 50029K [0x00000000c2800000, 0x0000000100000000)
  region size 1024K, 1 young (1024K), 1 survivors (1024K)
 Metaspace       used 27614K, committed 27904K, reserved 1114112K
  class space    used 3859K, committed 3968K, reserved 1048576K
}
Event: 16.251 GC heap before
{Heap before GC invocations=7 (full 0):
 garbage-first heap   total 58368K, used 53101K [0x00000000c2800000, 0x0000000100000000)
  region size 1024K, 2 young (2048K), 1 survivors (1024K)
 Metaspace       used 27648K, committed 27904K, reserved 1114112K
  class space    used 3860K, committed 3968K, reserved 1048576K
}
Event: 16.252 GC heap after
{Heap after GC invocations=8 (full 0):
 garbage-first heap   total 58368K, used 52145K [0x00000000c2800000, 0x0000000100000000)
  region size 1024K, 1 young (1024K), 1 survivors (1024K)
 Metaspace       used 27648K, committed 27904K, reserved 1114112K
  class space    used 3860K, committed 3968K, reserved 1048576K
}
Event: 16.271 GC heap before
{Heap before GC invocations=9 (full 0):
 garbage-first heap   total 91136K, used 53169K [0x00000000c2800000, 0x0000000100000000)
  region size 1024K, 2 young (2048K), 1 survivors (1024K)
 Metaspace       used 27706K, committed 27968K, reserved 1114112K
  class space    used 3872K, committed 3968K, reserved 1048576K
}
Event: 16.273 GC heap after
{Heap after GC invocations=10 (full 0):
 garbage-first heap   total 91136K, used 52149K [0x00000000c2800000, 0x0000000100000000)
  region size 1024K, 1 young (1024K), 1 survivors (1024K)
 Metaspace       used 27706K, committed 27968K, reserved 1114112K
  class space    used 3872K, committed 3968K, reserved 1048576K
}
Event: 16.321 GC heap before
{Heap before GC invocations=10 (full 0):
 garbage-first heap   total 91136K, used 55221K [0x00000000c2800000, 0x0000000100000000)
  region size 1024K, 4 young (4096K), 1 survivors (1024K)
 Metaspace       used 28057K, committed 28352K, reserved 1114112K
  class space    used 3949K, committed 4096K, reserved 1048576K
}
Event: 16.324 GC heap after
{Heap after GC invocations=11 (full 0):
 garbage-first heap   total 211968K, used 52392K [0x00000000c2800000, 0x0000000100000000)
  region size 1024K, 1 young (1024K), 1 survivors (1024K)
 Metaspace       used 28057K, committed 28352K, reserved 1114112K
  class space    used 3949K, committed 4096K, reserved 1048576K
}
Event: 27.528 GC heap before
{Heap before GC invocations=11 (full 0):
 garbage-first heap   total 211968K, used 101544K [0x00000000c2800000, 0x0000000100000000)
  region size 1024K, 26 young (26624K), 1 survivors (1024K)
 Metaspace       used 30241K, committed 30528K, reserved 1114112K
  class space    used 4233K, committed 4352K, reserved 1048576K
}
Event: 27.533 GC heap after
{Heap after GC invocations=12 (full 0):
 garbage-first heap   total 211968K, used 68835K [0x00000000c2800000, 0x0000000100000000)
  region size 1024K, 5 young (5120K), 5 survivors (5120K)
 Metaspace       used 30241K, committed 30528K, reserved 1114112K
  class space    used 4233K, committed 4352K, reserved 1048576K
}
Event: 27.874 GC heap before
{Heap before GC invocations=12 (full 0):
 garbage-first heap   total 211968K, used 126179K [0x00000000c2800000, 0x0000000100000000)
  region size 1024K, 6 young (6144K), 5 survivors (5120K)
 Metaspace       used 30252K, committed 30528K, reserved 1114112K
  class space    used 4233K, committed 4352K, reserved 1048576K
}
Event: 27.880 GC heap after
{Heap after GC invocations=13 (full 0):
 garbage-first heap   total 211968K, used 126550K [0x00000000c2800000, 0x0000000100000000)
  region size 1024K, 6 young (6144K), 6 survivors (6144K)
 Metaspace       used 30252K, committed 30528K, reserved 1114112K
  class space    used 4233K, committed 4352K, reserved 1048576K
}
Event: 28.946 GC heap before
{Heap before GC invocations=14 (full 0):
 garbage-first heap   total 219136K, used 135766K [0x00000000c2800000, 0x0000000100000000)
  region size 1024K, 15 young (15360K), 6 survivors (6144K)
 Metaspace       used 31361K, committed 31680K, reserved 1114112K
  class space    used 4430K, committed 4544K, reserved 1048576K
}
Event: 28.950 GC heap after
{Heap after GC invocations=15 (full 0):
 garbage-first heap   total 219136K, used 130083K [0x00000000c2800000, 0x0000000100000000)
  region size 1024K, 2 young (2048K), 2 survivors (2048K)
 Metaspace       used 31361K, committed 31680K, reserved 1114112K
  class space    used 4430K, committed 4544K, reserved 1048576K
}

