# JRE version: OpenJDK Runtime Environment JBR-17.0.12+1-1207.37-nomod (17.0.12+1) (build 17.0.12+1-b1207.37)
# Java VM: OpenJDK 64-Bit Server VM JBR-17.0.12+1-1207.37-nomod (17.0.12+1-b1207.37, mixed mode, sharing, tiered, compressed oops, compressed class ptrs, g1 gc, windows-amd64)
GC Precious Log:
 CPUs: 8 total, 8 available
 Memory: 3929M
 Large Page Support: Disabled
 NUMA Support: Disabled
 Compressed Oops: Enabled (32-bit)
 Heap Region Size: 1M
 Heap Min Capacity: 8M
 Heap Initial Capacity: 62M
 Heap Max Capacity: 984M
 Pre-touch: Disabled
 Parallel Workers: 8
 Concurrent Workers: 2
 Concurrent Refinement Workers: 8
 Periodic GC: Disabled
Heap:
 garbage-first heap   total 340992K, used 148142K [0x00000000c2800000, 0x0000000100000000)
  region size 1024K, 29 young (29696K), 1 survivors (1024K)
 Metaspace       used 27800K, committed 28096K, reserved 1114112K
  class space    used 3878K, committed 4032K, reserved 1048576K
GC Heap History (20 events):
Event: 3.329 GC heap before
{Heap before GC invocations=3 (full 0):
 garbage-first heap   total 63488K, used 16304K [0x00000000c2800000, 0x0000000100000000)
  region size 1024K, 7 young (7168K), 2 survivors (2048K)
 Metaspace       used 21231K, committed 21504K, reserved 1114112K
  class space    used 2944K, committed 3072K, reserved 1048576K
}
Event: 3.333 GC heap after
{Heap after GC invocations=4 (full 0):
 garbage-first heap   total 63488K, used 12372K [0x00000000c2800000, 0x0000000100000000)
  region size 1024K, 2 young (2048K), 2 survivors (2048K)
 Metaspace       used 21231K, committed 21504K, reserved 1114112K
  class space    used 2944K, committed 3072K, reserved 1048576K
}
Event: 19.822 GC heap before
{Heap before GC invocations=5 (full 0):
 garbage-first heap   total 48128K, used 35924K [0x00000000c2800000, 0x0000000100000000)
  region size 1024K, 23 young (23552K), 2 survivors (2048K)
 Metaspace       used 25803K, committed 26112K, reserved 1114112K
  class space    used 3561K, committed 3712K, reserved 1048576K
}
Event: 19.827 GC heap after
{Heap after GC invocations=6 (full 0):
 garbage-first heap   total 48128K, used 19583K [0x00000000c2800000, 0x0000000100000000)
  region size 1024K, 4 young (4096K), 4 survivors (4096K)
 Metaspace       used 25803K, committed 26112K, reserved 1114112K
  class space    used 3561K, committed 3712K, reserved 1048576K
}
Event: 19.860 GC heap before
{Heap before GC invocations=6 (full 0):
 garbage-first heap   total 81920K, used 76927K [0x00000000c2800000, 0x0000000100000000)
  region size 1024K, 4 young (4096K), 4 survivors (4096K)
 Metaspace       used 25804K, committed 26112K, reserved 1114112K
  class space    used 3561K, committed 3712K, reserved 1048576K
}
Event: 19.869 GC heap after
{Heap after GC invocations=7 (full 0):
 garbage-first heap   total 81920K, used 76930K [0x00000000c2800000, 0x0000000100000000)
  region size 1024K, 0 young (0K), 0 survivors (0K)
 Metaspace       used 25804K, committed 26112K, reserved 1114112K
  class space    used 3561K, committed 3712K, reserved 1048576K
}
Event: 20.292 GC heap before
{Heap before GC invocations=7 (full 0):
 garbage-first heap   total 81920K, used 76930K [0x00000000c2800000, 0x0000000100000000)
  region size 1024K, 1 young (1024K), 0 survivors (0K)
 Metaspace       used 25989K, committed 26304K, reserved 1114112K
  class space    used 3608K, committed 3776K, reserved 1048576K
}
Event: 20.293 GC heap after
{Heap after GC invocations=8 (full 0):
 garbage-first heap   total 81920K, used 77114K [0x00000000c2800000, 0x0000000100000000)
  region size 1024K, 1 young (1024K), 1 survivors (1024K)
 Metaspace       used 25989K, committed 26304K, reserved 1114112K
  class space    used 3608K, committed 3776K, reserved 1048576K
}
Event: 20.294 GC heap before
{Heap before GC invocations=8 (full 0):
 garbage-first heap   total 81920K, used 79162K [0x00000000c2800000, 0x0000000100000000)
  region size 1024K, 1 young (1024K), 1 survivors (1024K)
 Metaspace       used 25989K, committed 26304K, reserved 1114112K
  class space    used 3608K, committed 3776K, reserved 1048576K
}
Event: 20.295 GC heap after
{Heap after GC invocations=9 (full 0):
 garbage-first heap   total 81920K, used 79141K [0x00000000c2800000, 0x0000000100000000)
  region size 1024K, 1 young (1024K), 1 survivors (1024K)
 Metaspace       used 25989K, committed 26304K, reserved 1114112K
  class space    used 3608K, committed 3776K, reserved 1048576K
}
Event: 20.333 GC heap before
{Heap before GC invocations=10 (full 0):
 garbage-first heap   total 137216K, used 81189K [0x00000000c2800000, 0x0000000100000000)
  region size 1024K, 2 young (2048K), 1 survivors (1024K)
 Metaspace       used 25998K, committed 26304K, reserved 1114112K
  class space    used 3609K, committed 3776K, reserved 1048576K
}
Event: 20.334 GC heap after
{Heap after GC invocations=11 (full 0):
 garbage-first heap   total 137216K, used 81248K [0x00000000c2800000, 0x0000000100000000)
  region size 1024K, 1 young (1024K), 1 survivors (1024K)
 Metaspace       used 25998K, committed 26304K, reserved 1114112K
  class space    used 3609K, committed 3776K, reserved 1048576K
}
Event: 20.364 GC heap before
{Heap before GC invocations=12 (full 0):
 garbage-first heap   total 147456K, used 87392K [0x00000000c2800000, 0x0000000100000000)
  region size 1024K, 2 young (2048K), 1 survivors (1024K)
 Metaspace       used 26009K, committed 26304K, reserved 1114112K
  class space    used 3609K, committed 3776K, reserved 1048576K
}
Event: 20.365 GC heap after
{Heap after GC invocations=13 (full 0):
 garbage-first heap   total 147456K, used 87492K [0x00000000c2800000, 0x0000000100000000)
  region size 1024K, 1 young (1024K), 1 survivors (1024K)
 Metaspace       used 26009K, committed 26304K, reserved 1114112K
  class space    used 3609K, committed 3776K, reserved 1048576K
}
Event: 20.396 GC heap before
{Heap before GC invocations=14 (full 0):
 garbage-first heap   total 157696K, used 93636K [0x00000000c2800000, 0x0000000100000000)
  region size 1024K, 2 young (2048K), 1 survivors (1024K)
 Metaspace       used 26017K, committed 26368K, reserved 1114112K
  class space    used 3609K, committed 3776K, reserved 1048576K
}
Event: 20.397 GC heap after
{Heap after GC invocations=15 (full 0):
 garbage-first heap   total 157696K, used 93729K [0x00000000c2800000, 0x0000000100000000)
  region size 1024K, 1 young (1024K), 1 survivors (1024K)
 Metaspace       used 26017K, committed 26368K, reserved 1114112K
  class space    used 3609K, committed 3776K, reserved 1048576K
}
Event: 20.419 GC heap before
{Heap before GC invocations=16 (full 0):
 garbage-first heap   total 167936K, used 97825K [0x00000000c2800000, 0x0000000100000000)
  region size 1024K, 2 young (2048K), 1 survivors (1024K)
 Metaspace       used 26020K, committed 26368K, reserved 1114112K
  class space    used 3609K, committed 3776K, reserved 1048576K
}
Event: 20.421 GC heap after
{Heap after GC invocations=17 (full 0):
 garbage-first heap   total 167936K, used 97893K [0x00000000c2800000, 0x0000000100000000)
  region size 1024K, 1 young (1024K), 1 survivors (1024K)
 Metaspace       used 26020K, committed 26368K, reserved 1114112K
  class space    used 3609K, committed 3776K, reserved 1048576K
}
Event: 20.444 GC heap before
{Heap before GC invocations=18 (full 0):
 garbage-first heap   total 174080K, used 101989K [0x00000000c2800000, 0x0000000100000000)
  region size 1024K, 2 young (2048K), 1 survivors (1024K)
 Metaspace       used 26024K, committed 26368K, reserved 1114112K
  class space    used 3609K, committed 3776K, reserved 1048576K
}
Event: 20.447 GC heap after
{Heap after GC invocations=19 (full 0):
 garbage-first heap   total 340992K, used 102062K [0x00000000c2800000, 0x0000000100000000)
  region size 1024K, 1 young (1024K), 1 survivors (1024K)
 Metaspace       used 26024K, committed 26368K, reserved 1114112K
  class space    used 3609K, committed 3776K, reserved 1048576K
}

