# JRE version: OpenJDK Runtime Environment JBR-17.0.12+1-1207.37-nomod (17.0.12+1) (build 17.0.12+1-b1207.37)
# Java VM: OpenJDK 64-Bit Server VM JBR-17.0.12+1-1207.37-nomod (17.0.12+1-b1207.37, mixed mode, sharing, tiered, compressed oops, compressed class ptrs, g1 gc, windows-amd64)
GC Precious Log:
 CPUs: 8 total, 8 available
 Memory: 3929M
 Large Page Support: Disabled
 NUMA Support: Disabled
 Compressed Oops: Enabled (32-bit)
 Heap Region Size: 1M
 Heap Min Capacity: 8M
 Heap Initial Capacity: 62M
 Heap Max Capacity: 984M
 Pre-touch: Disabled
 Parallel Workers: 8
 Concurrent Workers: 2
 Concurrent Refinement Workers: 8
 Periodic GC: Disabled
Heap:
 garbage-first heap   total 54272K, used 27945K [0x00000000c2800000, 0x0000000100000000)
  region size 1024K, 2 young (2048K), 2 survivors (2048K)
 Metaspace       used 27055K, committed 27328K, reserved 1114112K
  class space    used 3253K, committed 3392K, reserved 1048576K
GC Heap History (19 events):
Event: 1.247 GC heap before
{Heap before GC invocations=0 (full 0):
 garbage-first heap   total 63488K, used 23552K [0x00000000c2800000, 0x0000000100000000)
  region size 1024K, 23 young (23552K), 0 survivors (0K)
 Metaspace       used 6026K, committed 6208K, reserved 1114112K
  class space    used 742K, committed 832K, reserved 1048576K
}
Event: 1.264 GC heap after
{Heap after GC invocations=1 (full 0):
 garbage-first heap   total 63488K, used 3688K [0x00000000c2800000, 0x0000000100000000)
  region size 1024K, 3 young (3072K), 3 survivors (3072K)
 Metaspace       used 6026K, committed 6208K, reserved 1114112K
  class space    used 742K, committed 832K, reserved 1048576K
}
Event: 2.054 GC heap before
{Heap before GC invocations=1 (full 0):
 garbage-first heap   total 63488K, used 30312K [0x00000000c2800000, 0x0000000100000000)
  region size 1024K, 29 young (29696K), 3 survivors (3072K)
 Metaspace       used 9128K, committed 9280K, reserved 1114112K
  class space    used 1125K, committed 1216K, reserved 1048576K
}
Event: 2.064 GC heap after
{Heap after GC invocations=2 (full 0):
 garbage-first heap   total 63488K, used 4960K [0x00000000c2800000, 0x0000000100000000)
  region size 1024K, 2 young (2048K), 2 survivors (2048K)
 Metaspace       used 9128K, committed 9280K, reserved 1114112K
  class space    used 1125K, committed 1216K, reserved 1048576K
}
Event: 3.444 GC heap before
{Heap before GC invocations=2 (full 0):
 garbage-first heap   total 63488K, used 40800K [0x00000000c2800000, 0x0000000100000000)
  region size 1024K, 37 young (37888K), 2 survivors (2048K)
 Metaspace       used 15812K, committed 16000K, reserved 1114112K
  class space    used 2002K, committed 2112K, reserved 1048576K
}
Event: 3.454 GC heap after
{Heap after GC invocations=3 (full 0):
 garbage-first heap   total 63488K, used 7908K [0x00000000c2800000, 0x0000000100000000)
  region size 1024K, 5 young (5120K), 5 survivors (5120K)
 Metaspace       used 15812K, committed 16000K, reserved 1114112K
  class space    used 2002K, committed 2112K, reserved 1048576K
}
Event: 4.430 GC heap before
{Heap before GC invocations=3 (full 0):
 garbage-first heap   total 63488K, used 40676K [0x00000000c2800000, 0x0000000100000000)
  region size 1024K, 37 young (37888K), 5 survivors (5120K)
 Metaspace       used 16757K, committed 16960K, reserved 1114112K
  class space    used 2068K, committed 2176K, reserved 1048576K
}
Event: 4.441 GC heap after
{Heap after GC invocations=4 (full 0):
 garbage-first heap   total 63488K, used 9369K [0x00000000c2800000, 0x0000000100000000)
  region size 1024K, 2 young (2048K), 2 survivors (2048K)
 Metaspace       used 16757K, committed 16960K, reserved 1114112K
  class space    used 2068K, committed 2176K, reserved 1048576K
}
Event: 5.453 GC heap before
{Heap before GC invocations=4 (full 0):
 garbage-first heap   total 63488K, used 42137K [0x00000000c2800000, 0x0000000100000000)
  region size 1024K, 35 young (35840K), 2 survivors (2048K)
 Metaspace       used 21295K, committed 21504K, reserved 1114112K
  class space    used 2644K, committed 2752K, reserved 1048576K
}
Event: 5.460 GC heap after
{Heap after GC invocations=5 (full 0):
 garbage-first heap   total 63488K, used 11318K [0x00000000c2800000, 0x0000000100000000)
  region size 1024K, 4 young (4096K), 4 survivors (4096K)
 Metaspace       used 21295K, committed 21504K, reserved 1114112K
  class space    used 2644K, committed 2752K, reserved 1048576K
}
Event: 5.798 GC heap before
{Heap before GC invocations=6 (full 0):
 garbage-first heap   total 45056K, used 32822K [0x00000000c2800000, 0x0000000100000000)
  region size 1024K, 26 young (26624K), 4 survivors (4096K)
 Metaspace       used 25547K, committed 25792K, reserved 1114112K
  class space    used 3105K, committed 3264K, reserved 1048576K
}
Event: 5.805 GC heap after
{Heap after GC invocations=7 (full 0):
 garbage-first heap   total 54272K, used 15426K [0x00000000c2800000, 0x0000000100000000)
  region size 1024K, 4 young (4096K), 4 survivors (4096K)
 Metaspace       used 25547K, committed 25792K, reserved 1114112K
  class space    used 3105K, committed 3264K, reserved 1048576K
}
Event: 5.814 GC heap before
{Heap before GC invocations=7 (full 0):
 garbage-first heap   total 54272K, used 16450K [0x00000000c2800000, 0x0000000100000000)
  region size 1024K, 5 young (5120K), 4 survivors (4096K)
 Metaspace       used 25571K, committed 25856K, reserved 1114112K
  class space    used 3105K, committed 3264K, reserved 1048576K
}
Event: 5.819 GC heap after
{Heap after GC invocations=8 (full 0):
 garbage-first heap   total 54272K, used 15618K [0x00000000c2800000, 0x0000000100000000)
  region size 1024K, 1 young (1024K), 1 survivors (1024K)
 Metaspace       used 25571K, committed 25856K, reserved 1114112K
  class space    used 3105K, committed 3264K, reserved 1048576K
}
Event: 6.081 GC heap before
{Heap before GC invocations=8 (full 0):
 garbage-first heap   total 54272K, used 38146K [0x00000000c2800000, 0x0000000100000000)
  region size 1024K, 24 young (24576K), 1 survivors (1024K)
 Metaspace       used 26407K, committed 26688K, reserved 1114112K
  class space    used 3200K, committed 3328K, reserved 1048576K
}
Event: 6.089 GC heap after
{Heap after GC invocations=9 (full 0):
 garbage-first heap   total 54272K, used 22121K [0x00000000c2800000, 0x0000000100000000)
  region size 1024K, 3 young (3072K), 3 survivors (3072K)
 Metaspace       used 26407K, committed 26688K, reserved 1114112K
  class space    used 3200K, committed 3328K, reserved 1048576K
}
Event: 6.211 GC heap before
{Heap before GC invocations=9 (full 0):
 garbage-first heap   total 54272K, used 37481K [0x00000000c2800000, 0x0000000100000000)
  region size 1024K, 19 young (19456K), 3 survivors (3072K)
 Metaspace       used 26810K, committed 27136K, reserved 1114112K
  class space    used 3242K, committed 3392K, reserved 1048576K
}
Event: 6.221 GC heap after
{Heap after GC invocations=10 (full 0):
 garbage-first heap   total 54272K, used 25591K [0x00000000c2800000, 0x0000000100000000)
  region size 1024K, 3 young (3072K), 3 survivors (3072K)
 Metaspace       used 26810K, committed 27136K, reserved 1114112K
  class space    used 3242K, committed 3392K, reserved 1048576K
}
Event: 6.313 GC heap before
{Heap before GC invocations=10 (full 0):
 garbage-first heap   total 54272K, used 38903K [0x00000000c2800000, 0x0000000100000000)
  region size 1024K, 16 young (16384K), 3 survivors (3072K)
 Metaspace       used 27055K, committed 27328K, reserved 1114112K
  class space    used 3253K, committed 3392K, reserved 1048576K
}

