# JRE version: OpenJDK Runtime Environment JBR-17.0.14+1-1367.22-nomod (17.0.14+1) (build 17.0.14+1-b1367.22)
# Java VM: OpenJDK 64-Bit Server VM JBR-17.0.14+1-1367.22-nomod (17.0.14+1-b1367.22, mixed mode, sharing, tiered, compressed oops, compressed class ptrs, g1 gc, windows-amd64)
GC Precious Log:
 CPUs: 8 total, 8 available
 Memory: 3929M
 Large Page Support: Disabled
 NUMA Support: Disabled
 Compressed Oops: Enabled (32-bit)
 Heap Region Size: 1M
 Heap Min Capacity: 8M
 Heap Initial Capacity: 62M
 Heap Max Capacity: 984M
 Pre-touch: Disabled
 Parallel Workers: 8
 Concurrent Workers: 2
 Concurrent Refinement Workers: 8
 Periodic GC: Disabled
Heap:
 garbage-first heap   total 69632K, used 42206K [0x00000000c2800000, 0x0000000100000000)
  region size 1024K, 8 young (8192K), 3 survivors (3072K)
 Metaspace       used 27582K, committed 27904K, reserved 1114112K
  class space    used 3251K, committed 3392K, reserved 1048576K
GC Heap History (20 events):
Event: 1.818 GC heap before
{Heap before GC invocations=2 (full 0):
 garbage-first heap   total 63488K, used 40856K [0x00000000c2800000, 0x0000000100000000)
  region size 1024K, 37 young (37888K), 2 survivors (2048K)
 Metaspace       used 15811K, committed 16000K, reserved 1114112K
  class space    used 2000K, committed 2112K, reserved 1048576K
}
Event: 1.825 GC heap after
{Heap after GC invocations=3 (full 0):
 garbage-first heap   total 63488K, used 7965K [0x00000000c2800000, 0x0000000100000000)
  region size 1024K, 5 young (5120K), 5 survivors (5120K)
 Metaspace       used 15811K, committed 16000K, reserved 1114112K
  class space    used 2000K, committed 2112K, reserved 1048576K
}
Event: 2.278 GC heap before
{Heap before GC invocations=3 (full 0):
 garbage-first heap   total 63488K, used 40733K [0x00000000c2800000, 0x0000000100000000)
  region size 1024K, 37 young (37888K), 5 survivors (5120K)
 Metaspace       used 16512K, committed 16704K, reserved 1114112K
  class space    used 2034K, committed 2112K, reserved 1048576K
}
Event: 2.286 GC heap after
{Heap after GC invocations=4 (full 0):
 garbage-first heap   total 63488K, used 10109K [0x00000000c2800000, 0x0000000100000000)
  region size 1024K, 3 young (3072K), 3 survivors (3072K)
 Metaspace       used 16512K, committed 16704K, reserved 1114112K
  class space    used 2034K, committed 2112K, reserved 1048576K
}
Event: 2.795 GC heap before
{Heap before GC invocations=4 (full 0):
 garbage-first heap   total 63488K, used 43901K [0x00000000c2800000, 0x0000000100000000)
  region size 1024K, 36 young (36864K), 3 survivors (3072K)
 Metaspace       used 17881K, committed 18112K, reserved 1114112K
  class space    used 2169K, committed 2304K, reserved 1048576K
}
Event: 2.801 GC heap after
{Heap after GC invocations=5 (full 0):
 garbage-first heap   total 63488K, used 11687K [0x00000000c2800000, 0x0000000100000000)
  region size 1024K, 4 young (4096K), 4 survivors (4096K)
 Metaspace       used 17881K, committed 18112K, reserved 1114112K
  class space    used 2169K, committed 2304K, reserved 1048576K
}
Event: 3.785 GC heap before
{Heap before GC invocations=5 (full 0):
 garbage-first heap   total 63488K, used 44455K [0x00000000c2800000, 0x0000000100000000)
  region size 1024K, 37 young (37888K), 4 survivors (4096K)
 Metaspace       used 20417K, committed 20672K, reserved 1114112K
  class space    used 2457K, committed 2560K, reserved 1048576K
}
Event: 3.791 GC heap after
{Heap after GC invocations=6 (full 0):
 garbage-first heap   total 76800K, used 12938K [0x00000000c2800000, 0x0000000100000000)
  region size 1024K, 4 young (4096K), 4 survivors (4096K)
 Metaspace       used 20417K, committed 20672K, reserved 1114112K
  class space    used 2457K, committed 2560K, reserved 1048576K
}
Event: 3.836 GC heap before
{Heap before GC invocations=6 (full 0):
 garbage-first heap   total 76800K, used 16010K [0x00000000c2800000, 0x0000000100000000)
  region size 1024K, 8 young (8192K), 4 survivors (4096K)
 Metaspace       used 21268K, committed 21504K, reserved 1114112K
  class space    used 2602K, committed 2688K, reserved 1048576K
}
Event: 3.842 GC heap after
{Heap after GC invocations=7 (full 0):
 garbage-first heap   total 76800K, used 13249K [0x00000000c2800000, 0x0000000100000000)
  region size 1024K, 2 young (2048K), 2 survivors (2048K)
 Metaspace       used 21268K, committed 21504K, reserved 1114112K
  class space    used 2602K, committed 2688K, reserved 1048576K
}
Event: 4.191 GC heap before
{Heap before GC invocations=8 (full 0):
 garbage-first heap   total 55296K, used 42945K [0x00000000c2800000, 0x0000000100000000)
  region size 1024K, 32 young (32768K), 2 survivors (2048K)
 Metaspace       used 25938K, committed 26240K, reserved 1114112K
  class space    used 3105K, committed 3264K, reserved 1048576K
}
Event: 4.201 GC heap after
{Heap after GC invocations=9 (full 0):
 garbage-first heap   total 55296K, used 19229K [0x00000000c2800000, 0x0000000100000000)
  region size 1024K, 4 young (4096K), 4 survivors (4096K)
 Metaspace       used 25938K, committed 26240K, reserved 1114112K
  class space    used 3105K, committed 3264K, reserved 1048576K
}
Event: 4.439 GC heap before
{Heap before GC invocations=9 (full 0):
 garbage-first heap   total 55296K, used 38685K [0x00000000c2800000, 0x0000000100000000)
  region size 1024K, 23 young (23552K), 4 survivors (4096K)
 Metaspace       used 26652K, committed 26944K, reserved 1114112K
  class space    used 3183K, committed 3328K, reserved 1048576K
}
Event: 4.448 GC heap after
{Heap after GC invocations=10 (full 0):
 garbage-first heap   total 55296K, used 24482K [0x00000000c2800000, 0x0000000100000000)
  region size 1024K, 3 young (3072K), 3 survivors (3072K)
 Metaspace       used 26652K, committed 26944K, reserved 1114112K
  class space    used 3183K, committed 3328K, reserved 1048576K
}
Event: 4.692 GC heap before
{Heap before GC invocations=10 (full 0):
 garbage-first heap   total 55296K, used 38818K [0x00000000c2800000, 0x0000000100000000)
  region size 1024K, 17 young (17408K), 3 survivors (3072K)
 Metaspace       used 26823K, committed 27072K, reserved 1114112K
  class space    used 3206K, committed 3328K, reserved 1048576K
}
Event: 4.698 GC heap after
{Heap after GC invocations=11 (full 0):
 garbage-first heap   total 55296K, used 28692K [0x00000000c2800000, 0x0000000100000000)
  region size 1024K, 3 young (3072K), 3 survivors (3072K)
 Metaspace       used 26823K, committed 27072K, reserved 1114112K
  class space    used 3206K, committed 3328K, reserved 1048576K
}
Event: 4.805 GC heap before
{Heap before GC invocations=11 (full 0):
 garbage-first heap   total 55296K, used 39956K [0x00000000c2800000, 0x0000000100000000)
  region size 1024K, 14 young (14336K), 3 survivors (3072K)
 Metaspace       used 27184K, committed 27520K, reserved 1114112K
  class space    used 3239K, committed 3392K, reserved 1048576K
}
Event: 4.813 GC heap after
{Heap after GC invocations=12 (full 0):
 garbage-first heap   total 69632K, used 31401K [0x00000000c2800000, 0x0000000100000000)
  region size 1024K, 2 young (2048K), 2 survivors (2048K)
 Metaspace       used 27184K, committed 27520K, reserved 1114112K
  class space    used 3239K, committed 3392K, reserved 1048576K
}
Event: 4.916 GC heap before
{Heap before GC invocations=13 (full 0):
 garbage-first heap   total 69632K, used 49833K [0x00000000c2800000, 0x0000000100000000)
  region size 1024K, 20 young (20480K), 2 survivors (2048K)
 Metaspace       used 27481K, committed 27776K, reserved 1114112K
  class space    used 3251K, committed 3392K, reserved 1048576K
}
Event: 4.924 GC heap after
{Heap after GC invocations=14 (full 0):
 garbage-first heap   total 69632K, used 34833K [0x00000000c2800000, 0x0000000100000000)
  region size 1024K, 3 young (3072K), 3 survivors (3072K)
 Metaspace       used 27481K, committed 27776K, reserved 1114112K
  class space    used 3251K, committed 3392K, reserved 1048576K
}

