# JRE version: OpenJDK Runtime Environment JBR-17.0.12+1-1207.37-nomod (17.0.12+1) (build 17.0.12+1-b1207.37)
# Java VM: OpenJDK 64-Bit Server VM JBR-17.0.12+1-1207.37-nomod (17.0.12+1-b1207.37, mixed mode, sharing, tiered, compressed oops, compressed class ptrs, g1 gc, windows-amd64)
GC Precious Log:
 CPUs: 8 total, 8 available
 Memory: 3929M
 Large Page Support: Disabled
 NUMA Support: Disabled
 Compressed Oops: Enabled (32-bit)
 Heap Region Size: 1M
 Heap Min Capacity: 8M
 Heap Initial Capacity: 62M
 Heap Max Capacity: 984M
 Pre-touch: Disabled
 Parallel Workers: 8
 Concurrent Workers: 2
 Concurrent Refinement Workers: 8
 Periodic GC: Disabled
Heap:
 garbage-first heap   total 183296K, used 124208K [0x00000000c2800000, 0x0000000100000000)
  region size 1024K, 1 young (1024K), 1 survivors (1024K)
 Metaspace       used 30601K, committed 30848K, reserved 1114112K
  class space    used 4296K, committed 4416K, reserved 1048576K
GC Heap History (20 events):
Event: 6.050 GC heap before
{Heap before GC invocations=3 (full 0):
 garbage-first heap   total 63488K, used 14814K [0x00000000c2800000, 0x0000000100000000)
  region size 1024K, 6 young (6144K), 3 survivors (3072K)
 Metaspace       used 21225K, committed 21504K, reserved 1114112K
  class space    used 3288K, committed 3456K, reserved 1048576K
}
Event: 6.057 GC heap after
{Heap after GC invocations=4 (full 0):
 garbage-first heap   total 63488K, used 13206K [0x00000000c2800000, 0x0000000100000000)
  region size 1024K, 1 young (1024K), 1 survivors (1024K)
 Metaspace       used 21225K, committed 21504K, reserved 1114112K
  class space    used 3288K, committed 3456K, reserved 1048576K
}
Event: 8.605 GC heap before
{Heap before GC invocations=5 (full 0):
 garbage-first heap   total 51200K, used 44950K [0x00000000c2800000, 0x0000000100000000)
  region size 1024K, 15 young (15360K), 1 survivors (1024K)
 Metaspace       used 23222K, committed 23488K, reserved 1114112K
  class space    used 3557K, committed 3648K, reserved 1048576K
}
Event: 8.608 GC heap after
{Heap after GC invocations=6 (full 0):
 garbage-first heap   total 51200K, used 34219K [0x00000000c2800000, 0x0000000100000000)
  region size 1024K, 4 young (4096K), 4 survivors (4096K)
 Metaspace       used 23222K, committed 23488K, reserved 1114112K
  class space    used 3557K, committed 3648K, reserved 1048576K
}
Event: 8.642 GC heap before
{Heap before GC invocations=6 (full 0):
 garbage-first heap   total 51200K, used 43435K [0x00000000c2800000, 0x0000000100000000)
  region size 1024K, 5 young (5120K), 4 survivors (4096K)
 Metaspace       used 23861K, committed 24064K, reserved 1114112K
  class space    used 3625K, committed 3712K, reserved 1048576K
}
Event: 8.646 GC heap after
{Heap after GC invocations=7 (full 0):
 garbage-first heap   total 51200K, used 42724K [0x00000000c2800000, 0x0000000100000000)
  region size 1024K, 1 young (1024K), 1 survivors (1024K)
 Metaspace       used 23861K, committed 24064K, reserved 1114112K
  class space    used 3625K, committed 3712K, reserved 1048576K
}
Event: 8.657 GC heap before
{Heap before GC invocations=7 (full 0):
 garbage-first heap   total 51200K, used 42724K [0x00000000c2800000, 0x0000000100000000)
  region size 1024K, 2 young (2048K), 1 survivors (1024K)
 Metaspace       used 23962K, committed 24192K, reserved 1114112K
  class space    used 3638K, committed 3776K, reserved 1048576K
}
Event: 8.658 GC heap after
{Heap after GC invocations=8 (full 0):
 garbage-first heap   total 51200K, used 42618K [0x00000000c2800000, 0x0000000100000000)
  region size 1024K, 1 young (1024K), 1 survivors (1024K)
 Metaspace       used 23962K, committed 24192K, reserved 1114112K
  class space    used 3638K, committed 3776K, reserved 1048576K
}
Event: 8.704 GC heap before
{Heap before GC invocations=9 (full 0):
 garbage-first heap   total 78848K, used 49786K [0x00000000c2800000, 0x0000000100000000)
  region size 1024K, 2 young (2048K), 1 survivors (1024K)
 Metaspace       used 24612K, committed 24896K, reserved 1114112K
  class space    used 3706K, committed 3840K, reserved 1048576K
}
Event: 8.707 GC heap after
{Heap after GC invocations=10 (full 0):
 garbage-first heap   total 78848K, used 48880K [0x00000000c2800000, 0x0000000100000000)
  region size 1024K, 1 young (1024K), 1 survivors (1024K)
 Metaspace       used 24612K, committed 24896K, reserved 1114112K
  class space    used 3706K, committed 3840K, reserved 1048576K
}
Event: 8.759 GC heap before
{Heap before GC invocations=10 (full 0):
 garbage-first heap   total 78848K, used 57072K [0x00000000c2800000, 0x0000000100000000)
  region size 1024K, 3 young (3072K), 1 survivors (1024K)
 Metaspace       used 25118K, committed 25408K, reserved 1114112K
  class space    used 3760K, committed 3840K, reserved 1048576K
}
Event: 8.764 GC heap after
{Heap after GC invocations=11 (full 0):
 garbage-first heap   total 140288K, used 55263K [0x00000000c2800000, 0x0000000100000000)
  region size 1024K, 1 young (1024K), 1 survivors (1024K)
 Metaspace       used 25118K, committed 25408K, reserved 1114112K
  class space    used 3760K, committed 3840K, reserved 1048576K
}
Event: 9.643 GC heap before
{Heap before GC invocations=11 (full 0):
 garbage-first heap   total 140288K, used 74719K [0x00000000c2800000, 0x0000000100000000)
  region size 1024K, 14 young (14336K), 1 survivors (1024K)
 Metaspace       used 28557K, committed 28800K, reserved 1114112K
  class space    used 4155K, committed 4288K, reserved 1048576K
}
Event: 9.647 GC heap after
{Heap after GC invocations=12 (full 0):
 garbage-first heap   total 140288K, used 65845K [0x00000000c2800000, 0x0000000100000000)
  region size 1024K, 4 young (4096K), 4 survivors (4096K)
 Metaspace       used 28557K, committed 28800K, reserved 1114112K
  class space    used 4155K, committed 4288K, reserved 1048576K
}
Event: 13.357 GC heap before
{Heap before GC invocations=13 (full 0):
 garbage-first heap   total 140288K, used 129333K [0x00000000c2800000, 0x0000000100000000)
  region size 1024K, 23 young (23552K), 4 survivors (4096K)
 Metaspace       used 30353K, committed 30592K, reserved 1114112K
  class space    used 4287K, committed 4416K, reserved 1048576K
}
Event: 13.372 GC heap after
{Heap after GC invocations=14 (full 0):
 garbage-first heap   total 140288K, used 96294K [0x00000000c2800000, 0x0000000100000000)
  region size 1024K, 4 young (4096K), 4 survivors (4096K)
 Metaspace       used 30353K, committed 30592K, reserved 1114112K
  class space    used 4287K, committed 4416K, reserved 1048576K
}
Event: 14.277 GC heap before
{Heap before GC invocations=14 (full 0):
 garbage-first heap   total 140288K, used 98342K [0x00000000c2800000, 0x0000000100000000)
  region size 1024K, 6 young (6144K), 4 survivors (4096K)
 Metaspace       used 30396K, committed 30656K, reserved 1114112K
  class space    used 4287K, committed 4416K, reserved 1048576K
}
Event: 14.297 GC heap after
{Heap after GC invocations=15 (full 0):
 garbage-first heap   total 140288K, used 96301K [0x00000000c2800000, 0x0000000100000000)
  region size 1024K, 1 young (1024K), 1 survivors (1024K)
 Metaspace       used 30396K, committed 30656K, reserved 1114112K
  class space    used 4287K, committed 4416K, reserved 1048576K
}
Event: 20.340 GC heap before
{Heap before GC invocations=15 (full 0):
 garbage-first heap   total 140288K, used 108589K [0x00000000c2800000, 0x0000000100000000)
  region size 1024K, 14 young (14336K), 1 survivors (1024K)
 Metaspace       used 30601K, committed 30848K, reserved 1114112K
  class space    used 4296K, committed 4416K, reserved 1048576K
}
Event: 20.348 GC heap after
{Heap after GC invocations=16 (full 0):
 garbage-first heap   total 140288K, used 96560K [0x00000000c2800000, 0x0000000100000000)
  region size 1024K, 1 young (1024K), 1 survivors (1024K)
 Metaspace       used 30601K, committed 30848K, reserved 1114112K
  class space    used 4296K, committed 4416K, reserved 1048576K
}

