# JRE version: OpenJDK Runtime Environment JBR-17.0.12+1-1207.37-nomod (17.0.12+1) (build 17.0.12+1-b1207.37)
# Java VM: OpenJDK 64-Bit Server VM JBR-17.0.12+1-1207.37-nomod (17.0.12+1-b1207.37, mixed mode, sharing, tiered, compressed oops, compressed class ptrs, g1 gc, windows-amd64)
GC Precious Log:
 CPUs: 8 total, 8 available
 Memory: 3929M
 Large Page Support: Disabled
 NUMA Support: Disabled
 Compressed Oops: Enabled (32-bit)
 Heap Region Size: 1M
 Heap Min Capacity: 8M
 Heap Initial Capacity: 62M
 Heap Max Capacity: 984M
 Pre-touch: Disabled
 Parallel Workers: 8
 Concurrent Workers: 2
 Concurrent Refinement Workers: 8
 Periodic GC: Disabled
Heap:
 garbage-first heap   total 71680K, used 38034K [0x00000000c2800000, 0x0000000100000000)
  region size 1024K, 8 young (8192K), 1 survivors (1024K)
 Metaspace       used 28385K, committed 28608K, reserved 1114112K
  class space    used 3992K, committed 4096K, reserved 1048576K
GC Heap History (18 events):
Event: 1.059 GC heap before
{Heap before GC invocations=0 (full 0):
 garbage-first heap   total 63488K, used 22528K [0x00000000c2800000, 0x0000000100000000)
  region size 1024K, 23 young (23552K), 0 survivors (0K)
 Metaspace       used 4781K, committed 4928K, reserved 1114112K
  class space    used 566K, committed 640K, reserved 1048576K
}
Event: 1.062 GC heap after
{Heap after GC invocations=1 (full 0):
 garbage-first heap   total 63488K, used 3055K [0x00000000c2800000, 0x0000000100000000)
  region size 1024K, 3 young (3072K), 3 survivors (3072K)
 Metaspace       used 4781K, committed 4928K, reserved 1114112K
  class space    used 566K, committed 640K, reserved 1048576K
}
Event: 1.867 GC heap before
{Heap before GC invocations=1 (full 0):
 garbage-first heap   total 63488K, used 30703K [0x00000000c2800000, 0x0000000100000000)
  region size 1024K, 31 young (31744K), 3 survivors (3072K)
 Metaspace       used 13171K, committed 13376K, reserved 1114112K
  class space    used 1677K, committed 1792K, reserved 1048576K
}
Event: 1.874 GC heap after
{Heap after GC invocations=2 (full 0):
 garbage-first heap   total 63488K, used 8636K [0x00000000c2800000, 0x0000000100000000)
  region size 1024K, 4 young (4096K), 4 survivors (4096K)
 Metaspace       used 13171K, committed 13376K, reserved 1114112K
  class space    used 1677K, committed 1792K, reserved 1048576K
}
Event: 3.313 GC heap before
{Heap before GC invocations=2 (full 0):
 garbage-first heap   total 63488K, used 37308K [0x00000000c2800000, 0x0000000100000000)
  region size 1024K, 31 young (31744K), 4 survivors (4096K)
 Metaspace       used 20686K, committed 20992K, reserved 1114112K
  class space    used 2758K, committed 2944K, reserved 1048576K
}
Event: 3.318 GC heap after
{Heap after GC invocations=3 (full 0):
 garbage-first heap   total 63488K, used 11504K [0x00000000c2800000, 0x0000000100000000)
  region size 1024K, 2 young (2048K), 2 survivors (2048K)
 Metaspace       used 20686K, committed 20992K, reserved 1114112K
  class space    used 2758K, committed 2944K, reserved 1048576K
}
Event: 3.342 GC heap before
{Heap before GC invocations=3 (full 0):
 garbage-first heap   total 63488K, used 12528K [0x00000000c2800000, 0x0000000100000000)
  region size 1024K, 4 young (4096K), 2 survivors (2048K)
 Metaspace       used 21244K, committed 21504K, reserved 1114112K
  class space    used 2949K, committed 3072K, reserved 1048576K
}
Event: 3.345 GC heap after
{Heap after GC invocations=4 (full 0):
 garbage-first heap   total 63488K, used 11335K [0x00000000c2800000, 0x0000000100000000)
  region size 1024K, 2 young (2048K), 2 survivors (2048K)
 Metaspace       used 21244K, committed 21504K, reserved 1114112K
  class space    used 2949K, committed 3072K, reserved 1048576K
}
Event: 26.841 GC heap before
{Heap before GC invocations=5 (full 0):
 garbage-first heap   total 45056K, used 35911K [0x00000000c2800000, 0x0000000100000000)
  region size 1024K, 25 young (25600K), 2 survivors (2048K)
 Metaspace       used 26461K, committed 26752K, reserved 1114112K
  class space    used 3707K, committed 3840K, reserved 1048576K
}
Event: 26.846 GC heap after
{Heap after GC invocations=6 (full 0):
 garbage-first heap   total 45056K, used 16363K [0x00000000c2800000, 0x0000000100000000)
  region size 1024K, 4 young (4096K), 4 survivors (4096K)
 Metaspace       used 26461K, committed 26752K, reserved 1114112K
  class space    used 3707K, committed 3840K, reserved 1048576K
}
Event: 26.909 GC heap before
{Heap before GC invocations=6 (full 0):
 garbage-first heap   total 45056K, used 29675K [0x00000000c2800000, 0x0000000100000000)
  region size 1024K, 5 young (5120K), 4 survivors (4096K)
 Metaspace       used 26501K, committed 26752K, reserved 1114112K
  class space    used 3707K, committed 3840K, reserved 1048576K
}
Event: 26.915 GC heap after
{Heap after GC invocations=7 (full 0):
 garbage-first heap   total 45056K, used 29326K [0x00000000c2800000, 0x0000000100000000)
  region size 1024K, 1 young (1024K), 1 survivors (1024K)
 Metaspace       used 26501K, committed 26752K, reserved 1114112K
  class space    used 3707K, committed 3840K, reserved 1048576K
}
Event: 27.040 GC heap before
{Heap before GC invocations=7 (full 0):
 garbage-first heap   total 45056K, used 36494K [0x00000000c2800000, 0x0000000100000000)
  region size 1024K, 8 young (8192K), 1 survivors (1024K)
 Metaspace       used 26939K, committed 27200K, reserved 1114112K
  class space    used 3783K, committed 3904K, reserved 1048576K
}
Event: 27.042 GC heap after
{Heap after GC invocations=8 (full 0):
 garbage-first heap   total 45056K, used 30058K [0x00000000c2800000, 0x0000000100000000)
  region size 1024K, 1 young (1024K), 1 survivors (1024K)
 Metaspace       used 26939K, committed 27200K, reserved 1114112K
  class space    used 3783K, committed 3904K, reserved 1048576K
}
Event: 27.160 GC heap before
{Heap before GC invocations=9 (full 0):
 garbage-first heap   total 53248K, used 36202K [0x00000000c2800000, 0x0000000100000000)
  region size 1024K, 7 young (7168K), 1 survivors (1024K)
 Metaspace       used 27425K, committed 27712K, reserved 1114112K
  class space    used 3874K, committed 4032K, reserved 1048576K
}
Event: 27.163 GC heap after
{Heap after GC invocations=10 (full 0):
 garbage-first heap   total 53248K, used 31711K [0x00000000c2800000, 0x0000000100000000)
  region size 1024K, 1 young (1024K), 1 survivors (1024K)
 Metaspace       used 27425K, committed 27712K, reserved 1114112K
  class space    used 3874K, committed 4032K, reserved 1048576K
}
Event: 27.180 GC heap before
{Heap before GC invocations=10 (full 0):
 garbage-first heap   total 53248K, used 32735K [0x00000000c2800000, 0x0000000100000000)
  region size 1024K, 2 young (2048K), 1 survivors (1024K)
 Metaspace       used 27574K, committed 27840K, reserved 1114112K
  class space    used 3907K, committed 4032K, reserved 1048576K
}
Event: 27.184 GC heap after
{Heap after GC invocations=11 (full 0):
 garbage-first heap   total 71680K, used 31890K [0x00000000c2800000, 0x0000000100000000)
  region size 1024K, 1 young (1024K), 1 survivors (1024K)
 Metaspace       used 27574K, committed 27840K, reserved 1114112K
  class space    used 3907K, committed 4032K, reserved 1048576K
}

