# JRE version: OpenJDK Runtime Environment JBR-17.0.12+1-1207.37-nomod (17.0.12+1) (build 17.0.12+1-b1207.37)
# Java VM: OpenJDK 64-Bit Server VM JBR-17.0.12+1-1207.37-nomod (17.0.12+1-b1207.37, mixed mode, sharing, tiered, compressed oops, compressed class ptrs, g1 gc, windows-amd64)
GC Precious Log:
 CPUs: 8 total, 8 available
 Memory: 3929M
 Large Page Support: Disabled
 NUMA Support: Disabled
 Compressed Oops: Enabled (32-bit)
 Heap Region Size: 1M
 Heap Min Capacity: 8M
 Heap Initial Capacity: 62M
 Heap Max Capacity: 984M
 Pre-touch: Disabled
 Parallel Workers: 8
 Concurrent Workers: 2
 Concurrent Refinement Workers: 8
 Periodic GC: Disabled
Heap:
 garbage-first heap   total 88064K, used 51133K [0x00000000c2800000, 0x0000000100000000)
  region size 1024K, 17 young (17408K), 4 survivors (4096K)
 Metaspace       used 31825K, committed 32128K, reserved 1114112K
  class space    used 3743K, committed 3904K, reserved 1048576K
GC Heap History (20 events):
Event: 5.384 GC heap before
{Heap before GC invocations=4 (full 0):
 garbage-first heap   total 63488K, used 41629K [0x00000000c2800000, 0x0000000100000000)
  region size 1024K, 35 young (35840K), 2 survivors (2048K)
 Metaspace       used 21281K, committed 21504K, reserved 1114112K
  class space    used 2647K, committed 2752K, reserved 1048576K
}
Event: 5.397 GC heap after
{Heap after GC invocations=5 (full 0):
 garbage-first heap   total 63488K, used 11910K [0x00000000c2800000, 0x0000000100000000)
  region size 1024K, 4 young (4096K), 4 survivors (4096K)
 Metaspace       used 21281K, committed 21504K, reserved 1114112K
  class space    used 2647K, committed 2752K, reserved 1048576K
}
Event: 5.804 GC heap before
{Heap before GC invocations=6 (full 0):
 garbage-first heap   total 45056K, used 33414K [0x00000000c2800000, 0x0000000100000000)
  region size 1024K, 26 young (26624K), 4 survivors (4096K)
 Metaspace       used 25530K, committed 25792K, reserved 1114112K
  class space    used 3106K, committed 3264K, reserved 1048576K
}
Event: 5.815 GC heap after
{Heap after GC invocations=7 (full 0):
 garbage-first heap   total 54272K, used 15825K [0x00000000c2800000, 0x0000000100000000)
  region size 1024K, 4 young (4096K), 4 survivors (4096K)
 Metaspace       used 25530K, committed 25792K, reserved 1114112K
  class space    used 3106K, committed 3264K, reserved 1048576K
}
Event: 6.181 GC heap before
{Heap before GC invocations=7 (full 0):
 garbage-first heap   total 54272K, used 38353K [0x00000000c2800000, 0x0000000100000000)
  region size 1024K, 26 young (26624K), 4 survivors (4096K)
 Metaspace       used 26283K, committed 26560K, reserved 1114112K
  class space    used 3187K, committed 3328K, reserved 1048576K
}
Event: 6.194 GC heap after
{Heap after GC invocations=8 (full 0):
 garbage-first heap   total 54272K, used 21745K [0x00000000c2800000, 0x0000000100000000)
  region size 1024K, 4 young (4096K), 4 survivors (4096K)
 Metaspace       used 26283K, committed 26560K, reserved 1114112K
  class space    used 3187K, committed 3328K, reserved 1048576K
}
Event: 6.394 GC heap before
{Heap before GC invocations=8 (full 0):
 garbage-first heap   total 54272K, used 37105K [0x00000000c2800000, 0x0000000100000000)
  region size 1024K, 19 young (19456K), 4 survivors (4096K)
 Metaspace       used 26767K, committed 27072K, reserved 1114112K
  class space    used 3243K, committed 3392K, reserved 1048576K
}
Event: 6.413 GC heap after
{Heap after GC invocations=9 (full 0):
 garbage-first heap   total 54272K, used 25247K [0x00000000c2800000, 0x0000000100000000)
  region size 1024K, 3 young (3072K), 3 survivors (3072K)
 Metaspace       used 26767K, committed 27072K, reserved 1114112K
  class space    used 3243K, committed 3392K, reserved 1048576K
}
Event: 6.572 GC heap before
{Heap before GC invocations=9 (full 0):
 garbage-first heap   total 54272K, used 38559K [0x00000000c2800000, 0x0000000100000000)
  region size 1024K, 16 young (16384K), 3 survivors (3072K)
 Metaspace       used 27001K, committed 27264K, reserved 1114112K
  class space    used 3254K, committed 3392K, reserved 1048576K
}
Event: 6.586 GC heap after
{Heap after GC invocations=10 (full 0):
 garbage-first heap   total 54272K, used 28086K [0x00000000c2800000, 0x0000000100000000)
  region size 1024K, 2 young (2048K), 2 survivors (2048K)
 Metaspace       used 27001K, committed 27264K, reserved 1114112K
  class space    used 3254K, committed 3392K, reserved 1048576K
}
Event: 6.682 GC heap before
{Heap before GC invocations=10 (full 0):
 garbage-first heap   total 54272K, used 39350K [0x00000000c2800000, 0x0000000100000000)
  region size 1024K, 13 young (13312K), 2 survivors (2048K)
 Metaspace       used 27111K, committed 27392K, reserved 1114112K
  class space    used 3255K, committed 3392K, reserved 1048576K
}
Event: 6.692 GC heap after
{Heap after GC invocations=11 (full 0):
 garbage-first heap   total 88064K, used 30316K [0x00000000c2800000, 0x0000000100000000)
  region size 1024K, 2 young (2048K), 2 survivors (2048K)
 Metaspace       used 27111K, committed 27392K, reserved 1114112K
  class space    used 3255K, committed 3392K, reserved 1048576K
}
Event: 7.429 GC heap before
{Heap before GC invocations=12 (full 0):
 garbage-first heap   total 88064K, used 62060K [0x00000000c2800000, 0x0000000100000000)
  region size 1024K, 33 young (33792K), 2 survivors (2048K)
 Metaspace       used 29257K, committed 29504K, reserved 1114112K
  class space    used 3495K, committed 3584K, reserved 1048576K
}
Event: 7.458 GC heap after
{Heap after GC invocations=13 (full 0):
 garbage-first heap   total 88064K, used 33388K [0x00000000c2800000, 0x0000000100000000)
  region size 1024K, 5 young (5120K), 5 survivors (5120K)
 Metaspace       used 29257K, committed 29504K, reserved 1114112K
  class space    used 3495K, committed 3584K, reserved 1048576K
}
Event: 8.193 GC heap before
{Heap before GC invocations=13 (full 0):
 garbage-first heap   total 88064K, used 64108K [0x00000000c2800000, 0x0000000100000000)
  region size 1024K, 35 young (35840K), 5 survivors (5120K)
 Metaspace       used 29869K, committed 30144K, reserved 1114112K
  class space    used 3515K, committed 3648K, reserved 1048576K
}
Event: 8.209 GC heap after
{Heap after GC invocations=14 (full 0):
 garbage-first heap   total 88064K, used 35042K [0x00000000c2800000, 0x0000000100000000)
  region size 1024K, 2 young (2048K), 2 survivors (2048K)
 Metaspace       used 29869K, committed 30144K, reserved 1114112K
  class space    used 3515K, committed 3648K, reserved 1048576K
}
Event: 8.857 GC heap before
{Heap before GC invocations=14 (full 0):
 garbage-first heap   total 88064K, used 65762K [0x00000000c2800000, 0x0000000100000000)
  region size 1024K, 32 young (32768K), 2 survivors (2048K)
 Metaspace       used 30223K, committed 30464K, reserved 1114112K
  class space    used 3528K, committed 3648K, reserved 1048576K
}
Event: 8.869 GC heap after
{Heap after GC invocations=15 (full 0):
 garbage-first heap   total 88064K, used 36926K [0x00000000c2800000, 0x0000000100000000)
  region size 1024K, 4 young (4096K), 4 survivors (4096K)
 Metaspace       used 30223K, committed 30464K, reserved 1114112K
  class space    used 3528K, committed 3648K, reserved 1048576K
}
Event: 9.471 GC heap before
{Heap before GC invocations=15 (full 0):
 garbage-first heap   total 88064K, used 67646K [0x00000000c2800000, 0x0000000100000000)
  region size 1024K, 34 young (34816K), 4 survivors (4096K)
 Metaspace       used 30862K, committed 31168K, reserved 1114112K
  class space    used 3578K, committed 3712K, reserved 1048576K
}
Event: 9.481 GC heap after
{Heap after GC invocations=16 (full 0):
 garbage-first heap   total 88064K, used 38845K [0x00000000c2800000, 0x0000000100000000)
  region size 1024K, 4 young (4096K), 4 survivors (4096K)
 Metaspace       used 30862K, committed 31168K, reserved 1114112K
  class space    used 3578K, committed 3712K, reserved 1048576K
}

