# JRE version: OpenJDK Runtime Environment JBR-17.0.12+1-1207.37-nomod (17.0.12+1) (build 17.0.12+1-b1207.37)
# Java VM: OpenJDK 64-Bit Server VM JBR-17.0.12+1-1207.37-nomod (17.0.12+1-b1207.37, mixed mode, sharing, tiered, compressed oops, compressed class ptrs, g1 gc, windows-amd64)
GC Precious Log:
 CPUs: 8 total, 8 available
 Memory: 3929M
 Large Page Support: Disabled
 NUMA Support: Disabled
 Compressed Oops: Enabled (32-bit)
 Heap Region Size: 1M
 Heap Min Capacity: 8M
 Heap Initial Capacity: 62M
 Heap Max Capacity: 984M
 Pre-touch: Disabled
 Parallel Workers: 8
 Concurrent Workers: 2
 Concurrent Refinement Workers: 8
 Periodic GC: Disabled
Heap:
 garbage-first heap   total 486400K, used 393753K [0x00000000c2800000, 0x0000000100000000)
  region size 1024K, 17 young (17408K), 3 survivors (3072K)
 Metaspace       used 31645K, committed 31936K, reserved 1114112K
  class space    used 4363K, committed 4480K, reserved 1048576K
GC Heap History (20 events):
Event: 46.541 GC heap before
{Heap before GC invocations=45 (full 0):
 garbage-first heap   total 368640K, used 222078K [0x00000000c2800000, 0x0000000100000000)
  region size 1024K, 5 young (5120K), 3 survivors (3072K)
 Metaspace       used 30381K, committed 30656K, reserved 1114112K
  class space    used 4213K, committed 4352K, reserved 1048576K
}
Event: 46.551 GC heap after
{Heap after GC invocations=46 (full 0):
 garbage-first heap   total 368640K, used 220946K [0x00000000c2800000, 0x0000000100000000)
  region size 1024K, 3 young (3072K), 3 survivors (3072K)
 Metaspace       used 30381K, committed 30656K, reserved 1114112K
  class space    used 4213K, committed 4352K, reserved 1048576K
}
Event: 46.627 GC heap before
{Heap before GC invocations=47 (full 0):
 garbage-first heap   total 382976K, used 229138K [0x00000000c2800000, 0x0000000100000000)
  region size 1024K, 6 young (6144K), 3 survivors (3072K)
 Metaspace       used 30382K, committed 30656K, reserved 1114112K
  class space    used 4213K, committed 4352K, reserved 1048576K
}
Event: 46.634 GC heap after
{Heap after GC invocations=48 (full 0):
 garbage-first heap   total 382976K, used 227297K [0x00000000c2800000, 0x0000000100000000)
  region size 1024K, 3 young (3072K), 3 survivors (3072K)
 Metaspace       used 30382K, committed 30656K, reserved 1114112K
  class space    used 4213K, committed 4352K, reserved 1048576K
}
Event: 46.665 GC heap before
{Heap before GC invocations=49 (full 0):
 garbage-first heap   total 393216K, used 234465K [0x00000000c2800000, 0x0000000100000000)
  region size 1024K, 5 young (5120K), 3 survivors (3072K)
 Metaspace       used 30394K, committed 30656K, reserved 1114112K
  class space    used 4213K, committed 4352K, reserved 1048576K
}
Event: 46.668 GC heap after
{Heap after GC invocations=50 (full 0):
 garbage-first heap   total 393216K, used 233255K [0x00000000c2800000, 0x0000000100000000)
  region size 1024K, 3 young (3072K), 3 survivors (3072K)
 Metaspace       used 30394K, committed 30656K, reserved 1114112K
  class space    used 4213K, committed 4352K, reserved 1048576K
}
Event: 46.697 GC heap before
{Heap before GC invocations=51 (full 0):
 garbage-first heap   total 406528K, used 243495K [0x00000000c2800000, 0x0000000100000000)
  region size 1024K, 6 young (6144K), 3 survivors (3072K)
 Metaspace       used 30404K, committed 30656K, reserved 1114112K
  class space    used 4213K, committed 4352K, reserved 1048576K
}
Event: 46.700 GC heap after
{Heap after GC invocations=52 (full 0):
 garbage-first heap   total 406528K, used 241526K [0x00000000c2800000, 0x0000000100000000)
  region size 1024K, 3 young (3072K), 3 survivors (3072K)
 Metaspace       used 30404K, committed 30656K, reserved 1114112K
  class space    used 4213K, committed 4352K, reserved 1048576K
}
Event: 47.549 GC heap before
{Heap before GC invocations=53 (full 0):
 garbage-first heap   total 413696K, used 249718K [0x00000000c2800000, 0x0000000100000000)
  region size 1024K, 10 young (10240K), 3 survivors (3072K)
 Metaspace       used 30536K, committed 30784K, reserved 1114112K
  class space    used 4213K, committed 4352K, reserved 1048576K
}
Event: 47.556 GC heap after
{Heap after GC invocations=54 (full 0):
 garbage-first heap   total 413696K, used 161850K [0x00000000c2800000, 0x0000000100000000)
  region size 1024K, 3 young (3072K), 3 survivors (3072K)
 Metaspace       used 30536K, committed 30784K, reserved 1114112K
  class space    used 4213K, committed 4352K, reserved 1048576K
}
Event: 48.399 GC heap before
{Heap before GC invocations=54 (full 0):
 garbage-first heap   total 413696K, used 174138K [0x00000000c2800000, 0x0000000100000000)
  region size 1024K, 8 young (8192K), 3 survivors (3072K)
 Metaspace       used 30606K, committed 30912K, reserved 1114112K
  class space    used 4214K, committed 4352K, reserved 1048576K
}
Event: 48.401 GC heap after
{Heap after GC invocations=55 (full 0):
 garbage-first heap   total 413696K, used 170114K [0x00000000c2800000, 0x0000000100000000)
  region size 1024K, 3 young (3072K), 3 survivors (3072K)
 Metaspace       used 30606K, committed 30912K, reserved 1114112K
  class space    used 4214K, committed 4352K, reserved 1048576K
}
Event: 52.399 GC heap before
{Heap before GC invocations=55 (full 0):
 garbage-first heap   total 413696K, used 247938K [0x00000000c2800000, 0x0000000100000000)
  region size 1024K, 24 young (24576K), 3 survivors (3072K)
 Metaspace       used 30871K, committed 31104K, reserved 1114112K
  class space    used 4236K, committed 4352K, reserved 1048576K
}
Event: 52.402 GC heap after
{Heap after GC invocations=56 (full 0):
 garbage-first heap   total 413696K, used 227842K [0x00000000c2800000, 0x0000000100000000)
  region size 1024K, 3 young (3072K), 3 survivors (3072K)
 Metaspace       used 30871K, committed 31104K, reserved 1114112K
  class space    used 4236K, committed 4352K, reserved 1048576K
}
Event: 52.792 GC heap before
{Heap before GC invocations=57 (full 0):
 garbage-first heap   total 478208K, used 285186K [0x00000000c2800000, 0x0000000100000000)
  region size 1024K, 4 young (4096K), 3 survivors (3072K)
 Metaspace       used 30872K, committed 31104K, reserved 1114112K
  class space    used 4236K, committed 4352K, reserved 1048576K
}
Event: 52.800 GC heap after
{Heap after GC invocations=58 (full 0):
 garbage-first heap   total 478208K, used 284977K [0x00000000c2800000, 0x0000000100000000)
  region size 1024K, 3 young (3072K), 3 survivors (3072K)
 Metaspace       used 30872K, committed 31104K, reserved 1114112K
  class space    used 4236K, committed 4352K, reserved 1048576K
}
Event: 52.893 GC heap before
{Heap before GC invocations=59 (full 0):
 garbage-first heap   total 483328K, used 290097K [0x00000000c2800000, 0x0000000100000000)
  region size 1024K, 7 young (7168K), 3 survivors (3072K)
 Metaspace       used 31004K, committed 31232K, reserved 1114112K
  class space    used 4289K, committed 4416K, reserved 1048576K
}
Event: 52.896 GC heap after
{Heap after GC invocations=60 (full 0):
 garbage-first heap   total 483328K, used 287054K [0x00000000c2800000, 0x0000000100000000)
  region size 1024K, 2 young (2048K), 2 survivors (2048K)
 Metaspace       used 31004K, committed 31232K, reserved 1114112K
  class space    used 4289K, committed 4416K, reserved 1048576K
}
Event: 64.310 GC heap before
{Heap before GC invocations=61 (full 0):
 garbage-first heap   total 486400K, used 296270K [0x00000000c2800000, 0x0000000100000000)
  region size 1024K, 10 young (10240K), 2 survivors (2048K)
 Metaspace       used 31444K, committed 31680K, reserved 1114112K
  class space    used 4359K, committed 4480K, reserved 1048576K
}
Event: 64.324 GC heap after
{Heap after GC invocations=62 (full 0):
 garbage-first heap   total 486400K, used 290329K [0x00000000c2800000, 0x0000000100000000)
  region size 1024K, 3 young (3072K), 3 survivors (3072K)
 Metaspace       used 31444K, committed 31680K, reserved 1114112K
  class space    used 4359K, committed 4480K, reserved 1048576K
}

