# JRE version: OpenJDK Runtime Environment JBR-17.0.12+1-1207.37-nomod (17.0.12+1) (build 17.0.12+1-b1207.37)
# Java VM: OpenJDK 64-Bit Server VM JBR-17.0.12+1-1207.37-nomod (17.0.12+1-b1207.37, mixed mode, sharing, tiered, compressed oops, compressed class ptrs, g1 gc, windows-amd64)
GC Precious Log:
 CPUs: 8 total, 8 available
 Memory: 3929M
 Large Page Support: Disabled
 NUMA Support: Disabled
 Compressed Oops: Enabled (32-bit)
 Heap Region Size: 1M
 Heap Min Capacity: 8M
 Heap Initial Capacity: 62M
 Heap Max Capacity: 984M
 Pre-touch: Disabled
 Parallel Workers: 8
 Concurrent Workers: 2
 Concurrent Refinement Workers: 8
 Periodic GC: Disabled
Heap:
 garbage-first heap   total 101376K, used 62414K [0x00000000c2800000, 0x0000000100000000)
  region size 1024K, 5 young (5120K), 4 survivors (4096K)
 Metaspace       used 28108K, committed 28416K, reserved 1114112K
  class space    used 3911K, committed 4032K, reserved 1048576K
GC Heap History (20 events):
Event: 30.199 GC heap before
{Heap before GC invocations=5 (full 0):
 garbage-first heap   total 51200K, used 43122K [0x00000000c2800000, 0x0000000100000000)
  region size 1024K, 26 young (26624K), 2 survivors (2048K)
 Metaspace       used 26332K, committed 26624K, reserved 1114112K
  class space    used 3646K, committed 3776K, reserved 1048576K
}
Event: 30.204 GC heap after
{Heap after GC invocations=6 (full 0):
 garbage-first heap   total 51200K, used 22588K [0x00000000c2800000, 0x0000000100000000)
  region size 1024K, 4 young (4096K), 4 survivors (4096K)
 Metaspace       used 26332K, committed 26624K, reserved 1114112K
  class space    used 3646K, committed 3776K, reserved 1048576K
}
Event: 30.221 GC heap before
{Heap before GC invocations=6 (full 0):
 garbage-first heap   total 51200K, used 26684K [0x00000000c2800000, 0x0000000100000000)
  region size 1024K, 5 young (5120K), 4 survivors (4096K)
 Metaspace       used 26334K, committed 26624K, reserved 1114112K
  class space    used 3646K, committed 3776K, reserved 1048576K
}
Event: 30.225 GC heap after
{Heap after GC invocations=7 (full 0):
 garbage-first heap   total 51200K, used 26845K [0x00000000c2800000, 0x0000000100000000)
  region size 1024K, 1 young (1024K), 1 survivors (1024K)
 Metaspace       used 26334K, committed 26624K, reserved 1114112K
  class space    used 3646K, committed 3776K, reserved 1048576K
}
Event: 30.248 GC heap before
{Heap before GC invocations=8 (full 0):
 garbage-first heap   total 53248K, used 30941K [0x00000000c2800000, 0x0000000100000000)
  region size 1024K, 2 young (2048K), 1 survivors (1024K)
 Metaspace       used 26340K, committed 26624K, reserved 1114112K
  class space    used 3646K, committed 3776K, reserved 1048576K
}
Event: 30.249 GC heap after
{Heap after GC invocations=9 (full 0):
 garbage-first heap   total 53248K, used 30932K [0x00000000c2800000, 0x0000000100000000)
  region size 1024K, 1 young (1024K), 1 survivors (1024K)
 Metaspace       used 26340K, committed 26624K, reserved 1114112K
  class space    used 3646K, committed 3776K, reserved 1048576K
}
Event: 30.267 GC heap before
{Heap before GC invocations=10 (full 0):
 garbage-first heap   total 63488K, used 35028K [0x00000000c2800000, 0x0000000100000000)
  region size 1024K, 2 young (2048K), 1 survivors (1024K)
 Metaspace       used 26347K, committed 26624K, reserved 1114112K
  class space    used 3646K, committed 3776K, reserved 1048576K
}
Event: 30.268 GC heap after
{Heap after GC invocations=11 (full 0):
 garbage-first heap   total 63488K, used 35056K [0x00000000c2800000, 0x0000000100000000)
  region size 1024K, 1 young (1024K), 1 survivors (1024K)
 Metaspace       used 26347K, committed 26624K, reserved 1114112K
  class space    used 3646K, committed 3776K, reserved 1048576K
}
Event: 30.288 GC heap before
{Heap before GC invocations=12 (full 0):
 garbage-first heap   total 70656K, used 39152K [0x00000000c2800000, 0x0000000100000000)
  region size 1024K, 2 young (2048K), 1 survivors (1024K)
 Metaspace       used 26356K, committed 26624K, reserved 1114112K
  class space    used 3646K, committed 3776K, reserved 1048576K
}
Event: 30.289 GC heap after
{Heap after GC invocations=13 (full 0):
 garbage-first heap   total 70656K, used 39210K [0x00000000c2800000, 0x0000000100000000)
  region size 1024K, 1 young (1024K), 1 survivors (1024K)
 Metaspace       used 26356K, committed 26624K, reserved 1114112K
  class space    used 3646K, committed 3776K, reserved 1048576K
}
Event: 30.311 GC heap before
{Heap before GC invocations=14 (full 0):
 garbage-first heap   total 76800K, used 43306K [0x00000000c2800000, 0x0000000100000000)
  region size 1024K, 2 young (2048K), 1 survivors (1024K)
 Metaspace       used 26361K, committed 26624K, reserved 1114112K
  class space    used 3646K, committed 3776K, reserved 1048576K
}
Event: 30.312 GC heap after
{Heap after GC invocations=15 (full 0):
 garbage-first heap   total 76800K, used 43370K [0x00000000c2800000, 0x0000000100000000)
  region size 1024K, 1 young (1024K), 1 survivors (1024K)
 Metaspace       used 26361K, committed 26624K, reserved 1114112K
  class space    used 3646K, committed 3776K, reserved 1048576K
}
Event: 30.338 GC heap before
{Heap before GC invocations=16 (full 0):
 garbage-first heap   total 83968K, used 47466K [0x00000000c2800000, 0x0000000100000000)
  region size 1024K, 2 young (2048K), 1 survivors (1024K)
 Metaspace       used 26366K, committed 26624K, reserved 1114112K
  class space    used 3646K, committed 3776K, reserved 1048576K
}
Event: 30.339 GC heap after
{Heap after GC invocations=17 (full 0):
 garbage-first heap   total 83968K, used 47538K [0x00000000c2800000, 0x0000000100000000)
  region size 1024K, 1 young (1024K), 1 survivors (1024K)
 Metaspace       used 26366K, committed 26624K, reserved 1114112K
  class space    used 3646K, committed 3776K, reserved 1048576K
}
Event: 30.369 GC heap before
{Heap before GC invocations=18 (full 0):
 garbage-first heap   total 87040K, used 51634K [0x00000000c2800000, 0x0000000100000000)
  region size 1024K, 2 young (2048K), 1 survivors (1024K)
 Metaspace       used 26370K, committed 26624K, reserved 1114112K
  class space    used 3646K, committed 3776K, reserved 1048576K
}
Event: 30.372 GC heap after
{Heap after GC invocations=19 (full 0):
 garbage-first heap   total 87040K, used 51694K [0x00000000c2800000, 0x0000000100000000)
  region size 1024K, 1 young (1024K), 1 survivors (1024K)
 Metaspace       used 26370K, committed 26624K, reserved 1114112K
  class space    used 3646K, committed 3776K, reserved 1048576K
}
Event: 30.400 GC heap before
{Heap before GC invocations=20 (full 0):
 garbage-first heap   total 97280K, used 55790K [0x00000000c2800000, 0x0000000100000000)
  region size 1024K, 2 young (2048K), 1 survivors (1024K)
 Metaspace       used 26375K, committed 26624K, reserved 1114112K
  class space    used 3646K, committed 3776K, reserved 1048576K
}
Event: 30.401 GC heap after
{Heap after GC invocations=21 (full 0):
 garbage-first heap   total 97280K, used 55847K [0x00000000c2800000, 0x0000000100000000)
  region size 1024K, 1 young (1024K), 1 survivors (1024K)
 Metaspace       used 26375K, committed 26624K, reserved 1114112K
  class space    used 3646K, committed 3776K, reserved 1048576K
}
Event: 31.192 GC heap before
{Heap before GC invocations=22 (full 0):
 garbage-first heap   total 101376K, used 82471K [0x00000000c2800000, 0x0000000100000000)
  region size 1024K, 25 young (25600K), 1 survivors (1024K)
 Metaspace       used 28031K, committed 28352K, reserved 1114112K
  class space    used 3911K, committed 4032K, reserved 1048576K
}
Event: 31.201 GC heap after
{Heap after GC invocations=23 (full 0):
 garbage-first heap   total 101376K, used 62414K [0x00000000c2800000, 0x0000000100000000)
  region size 1024K, 4 young (4096K), 4 survivors (4096K)
 Metaspace       used 28031K, committed 28352K, reserved 1114112K
  class space    used 3911K, committed 4032K, reserved 1048576K
}

