# JRE version: OpenJDK Runtime Environment JBR-17.0.14+1-1367.22-nomod (17.0.14+1) (build 17.0.14+1-b1367.22)
# Java VM: OpenJDK 64-Bit Server VM JBR-17.0.14+1-1367.22-nomod (17.0.14+1-b1367.22, mixed mode, sharing, tiered, compressed oops, compressed class ptrs, g1 gc, windows-amd64)
GC Precious Log:
 CPUs: 8 total, 8 available
 Memory: 3929M
 Large Page Support: Disabled
 NUMA Support: Disabled
 Compressed Oops: Enabled (32-bit)
 Heap Region Size: 1M
 Heap Min Capacity: 8M
 Heap Initial Capacity: 62M
 Heap Max Capacity: 984M
 Pre-touch: Disabled
 Parallel Workers: 8
 Concurrent Workers: 2
 Concurrent Refinement Workers: 8
 Periodic GC: Disabled
Heap:
 garbage-first heap   total 51200K, used 22471K [0x00000000c2800000, 0x0000000100000000)
  region size 1024K, 13 young (13312K), 2 survivors (2048K)
 Metaspace       used 23730K, committed 24000K, reserved 1114112K
  class space    used 2886K, committed 3008K, reserved 1048576K
GC Heap History (14 events):
Event: 1.109 GC heap before
{Heap before GC invocations=0 (full 0):
 garbage-first heap   total 63488K, used 23552K [0x00000000c2800000, 0x0000000100000000)
  region size 1024K, 23 young (23552K), 0 survivors (0K)
 Metaspace       used 6026K, committed 6208K, reserved 1114112K
  class space    used 742K, committed 832K, reserved 1048576K
}
Event: 1.116 GC heap after
{Heap after GC invocations=1 (full 0):
 garbage-first heap   total 63488K, used 3720K [0x00000000c2800000, 0x0000000100000000)
  region size 1024K, 3 young (3072K), 3 survivors (3072K)
 Metaspace       used 6026K, committed 6208K, reserved 1114112K
  class space    used 742K, committed 832K, reserved 1048576K
}
Event: 1.498 GC heap before
{Heap before GC invocations=1 (full 0):
 garbage-first heap   total 63488K, used 30344K [0x00000000c2800000, 0x0000000100000000)
  region size 1024K, 29 young (29696K), 3 survivors (3072K)
 Metaspace       used 9176K, committed 9344K, reserved 1114112K
  class space    used 1134K, committed 1216K, reserved 1048576K
}
Event: 1.503 GC heap after
{Heap after GC invocations=2 (full 0):
 garbage-first heap   total 63488K, used 4951K [0x00000000c2800000, 0x0000000100000000)
  region size 1024K, 2 young (2048K), 2 survivors (2048K)
 Metaspace       used 9176K, committed 9344K, reserved 1114112K
  class space    used 1134K, committed 1216K, reserved 1048576K
}
Event: 2.115 GC heap before
{Heap before GC invocations=2 (full 0):
 garbage-first heap   total 63488K, used 40791K [0x00000000c2800000, 0x0000000100000000)
  region size 1024K, 37 young (37888K), 2 survivors (2048K)
 Metaspace       used 15830K, committed 16064K, reserved 1114112K
  class space    used 2000K, committed 2112K, reserved 1048576K
}
Event: 2.125 GC heap after
{Heap after GC invocations=3 (full 0):
 garbage-first heap   total 63488K, used 7902K [0x00000000c2800000, 0x0000000100000000)
  region size 1024K, 5 young (5120K), 5 survivors (5120K)
 Metaspace       used 15830K, committed 16064K, reserved 1114112K
  class space    used 2000K, committed 2112K, reserved 1048576K
}
Event: 2.664 GC heap before
{Heap before GC invocations=3 (full 0):
 garbage-first heap   total 63488K, used 40670K [0x00000000c2800000, 0x0000000100000000)
  region size 1024K, 37 young (37888K), 5 survivors (5120K)
 Metaspace       used 16530K, committed 16704K, reserved 1114112K
  class space    used 2034K, committed 2112K, reserved 1048576K
}
Event: 2.671 GC heap after
{Heap after GC invocations=4 (full 0):
 garbage-first heap   total 63488K, used 9755K [0x00000000c2800000, 0x0000000100000000)
  region size 1024K, 2 young (2048K), 2 survivors (2048K)
 Metaspace       used 16530K, committed 16704K, reserved 1114112K
  class space    used 2034K, committed 2112K, reserved 1048576K
}
Event: 3.457 GC heap before
{Heap before GC invocations=4 (full 0):
 garbage-first heap   total 63488K, used 44571K [0x00000000c2800000, 0x0000000100000000)
  region size 1024K, 36 young (36864K), 2 survivors (2048K)
 Metaspace       used 17920K, committed 18176K, reserved 1114112K
  class space    used 2171K, committed 2304K, reserved 1048576K
}
Event: 3.462 GC heap after
{Heap after GC invocations=5 (full 0):
 garbage-first heap   total 63488K, used 11712K [0x00000000c2800000, 0x0000000100000000)
  region size 1024K, 4 young (4096K), 4 survivors (4096K)
 Metaspace       used 17920K, committed 18176K, reserved 1114112K
  class space    used 2171K, committed 2304K, reserved 1048576K
}
Event: 4.639 GC heap before
{Heap before GC invocations=5 (full 0):
 garbage-first heap   total 63488K, used 45504K [0x00000000c2800000, 0x0000000100000000)
  region size 1024K, 37 young (37888K), 4 survivors (4096K)
 Metaspace       used 20746K, committed 20992K, reserved 1114112K
  class space    used 2502K, committed 2624K, reserved 1048576K
}
Event: 4.646 GC heap after
{Heap after GC invocations=6 (full 0):
 garbage-first heap   total 63488K, used 13020K [0x00000000c2800000, 0x0000000100000000)
  region size 1024K, 4 young (4096K), 4 survivors (4096K)
 Metaspace       used 20746K, committed 20992K, reserved 1114112K
  class space    used 2502K, committed 2624K, reserved 1048576K
}
Event: 4.664 GC heap before
{Heap before GC invocations=6 (full 0):
 garbage-first heap   total 63488K, used 14044K [0x00000000c2800000, 0x0000000100000000)
  region size 1024K, 6 young (6144K), 4 survivors (4096K)
 Metaspace       used 21276K, committed 21504K, reserved 1114112K
  class space    used 2602K, committed 2752K, reserved 1048576K
}
Event: 4.669 GC heap after
{Heap after GC invocations=7 (full 0):
 garbage-first heap   total 63488K, used 13255K [0x00000000c2800000, 0x0000000100000000)
  region size 1024K, 2 young (2048K), 2 survivors (2048K)
 Metaspace       used 21276K, committed 21504K, reserved 1114112K
  class space    used 2602K, committed 2752K, reserved 1048576K
}

