# JRE version: OpenJDK Runtime Environment JBR-17.0.12+1-1207.37-nomod (17.0.12+1) (build 17.0.12+1-b1207.37)
# Java VM: OpenJDK 64-Bit Server VM JBR-17.0.12+1-1207.37-nomod (17.0.12+1-b1207.37, mixed mode, sharing, tiered, compressed oops, compressed class ptrs, g1 gc, windows-amd64)
GC Precious Log:
 CPUs: 8 total, 8 available
 Memory: 3929M
 Large Page Support: Disabled
 NUMA Support: Disabled
 Compressed Oops: Enabled (32-bit)
 Heap Region Size: 1M
 Heap Min Capacity: 8M
 Heap Initial Capacity: 62M
 Heap Max Capacity: 984M
 Pre-touch: Disabled
 Parallel Workers: 8
 Concurrent Workers: 2
 Concurrent Refinement Workers: 8
 Periodic GC: Disabled
Heap:
 garbage-first heap   total 111616K, used 72876K [0x00000000c2800000, 0x0000000100000000)
  region size 1024K, 3 young (3072K), 2 survivors (2048K)
 Metaspace       used 24745K, committed 25024K, reserved 1114112K
  class space    used 3697K, committed 3840K, reserved 1048576K
GC Heap History (20 events):
Event: 7.559 GC heap before
{Heap before GC invocations=3 (full 0):
 garbage-first heap   total 63488K, used 14858K [0x00000000c2800000, 0x0000000100000000)
  region size 1024K, 6 young (6144K), 3 survivors (3072K)
 Metaspace       used 21235K, committed 21504K, reserved 1114112K
  class space    used 3292K, committed 3456K, reserved 1048576K
}
Event: 7.563 GC heap after
{Heap after GC invocations=4 (full 0):
 garbage-first heap   total 63488K, used 13553K [0x00000000c2800000, 0x0000000100000000)
  region size 1024K, 1 young (1024K), 1 survivors (1024K)
 Metaspace       used 21235K, committed 21504K, reserved 1114112K
  class space    used 3292K, committed 3456K, reserved 1048576K
}
Event: 15.141 GC heap before
{Heap before GC invocations=5 (full 0):
 garbage-first heap   total 51200K, used 34033K [0x00000000c2800000, 0x0000000100000000)
  region size 1024K, 13 young (13312K), 1 survivors (1024K)
 Metaspace       used 22799K, committed 23040K, reserved 1114112K
  class space    used 3500K, committed 3648K, reserved 1048576K
}
Event: 15.147 GC heap after
{Heap after GC invocations=6 (full 0):
 garbage-first heap   total 51200K, used 26247K [0x00000000c2800000, 0x0000000100000000)
  region size 1024K, 4 young (4096K), 4 survivors (4096K)
 Metaspace       used 22799K, committed 23040K, reserved 1114112K
  class space    used 3500K, committed 3648K, reserved 1048576K
}
Event: 15.176 GC heap before
{Heap before GC invocations=7 (full 0):
 garbage-first heap   total 51200K, used 28295K [0x00000000c2800000, 0x0000000100000000)
  region size 1024K, 5 young (5120K), 4 survivors (4096K)
 Metaspace       used 22806K, committed 23040K, reserved 1114112K
  class space    used 3501K, committed 3648K, reserved 1048576K
}
Event: 15.179 GC heap after
{Heap after GC invocations=8 (full 0):
 garbage-first heap   total 51200K, used 28286K [0x00000000c2800000, 0x0000000100000000)
  region size 1024K, 1 young (1024K), 1 survivors (1024K)
 Metaspace       used 22806K, committed 23040K, reserved 1114112K
  class space    used 3501K, committed 3648K, reserved 1048576K
}
Event: 15.341 GC heap before
{Heap before GC invocations=9 (full 0):
 garbage-first heap   total 55296K, used 30334K [0x00000000c2800000, 0x0000000100000000)
  region size 1024K, 2 young (2048K), 1 survivors (1024K)
 Metaspace       used 22920K, committed 23168K, reserved 1114112K
  class space    used 3518K, committed 3648K, reserved 1048576K
}
Event: 15.343 GC heap after
{Heap after GC invocations=10 (full 0):
 garbage-first heap   total 55296K, used 30177K [0x00000000c2800000, 0x0000000100000000)
  region size 1024K, 1 young (1024K), 1 survivors (1024K)
 Metaspace       used 22920K, committed 23168K, reserved 1114112K
  class space    used 3518K, committed 3648K, reserved 1048576K
}
Event: 15.509 GC heap before
{Heap before GC invocations=11 (full 0):
 garbage-first heap   total 65536K, used 38369K [0x00000000c2800000, 0x0000000100000000)
  region size 1024K, 2 young (2048K), 1 survivors (1024K)
 Metaspace       used 23017K, committed 23232K, reserved 1114112K
  class space    used 3527K, committed 3648K, reserved 1048576K
}
Event: 15.511 GC heap after
{Heap after GC invocations=12 (full 0):
 garbage-first heap   total 65536K, used 38647K [0x00000000c2800000, 0x0000000100000000)
  region size 1024K, 1 young (1024K), 1 survivors (1024K)
 Metaspace       used 23017K, committed 23232K, reserved 1114112K
  class space    used 3527K, committed 3648K, reserved 1048576K
}
Event: 15.588 GC heap before
{Heap before GC invocations=13 (full 0):
 garbage-first heap   total 75776K, used 44791K [0x00000000c2800000, 0x0000000100000000)
  region size 1024K, 2 young (2048K), 1 survivors (1024K)
 Metaspace       used 23103K, committed 23360K, reserved 1114112K
  class space    used 3536K, committed 3648K, reserved 1048576K
}
Event: 15.590 GC heap after
{Heap after GC invocations=14 (full 0):
 garbage-first heap   total 75776K, used 44563K [0x00000000c2800000, 0x0000000100000000)
  region size 1024K, 1 young (1024K), 1 survivors (1024K)
 Metaspace       used 23103K, committed 23360K, reserved 1114112K
  class space    used 3536K, committed 3648K, reserved 1048576K
}
Event: 15.638 GC heap before
{Heap before GC invocations=15 (full 0):
 garbage-first heap   total 89088K, used 50707K [0x00000000c2800000, 0x0000000100000000)
  region size 1024K, 2 young (2048K), 1 survivors (1024K)
 Metaspace       used 23140K, committed 23360K, reserved 1114112K
  class space    used 3538K, committed 3648K, reserved 1048576K
}
Event: 15.640 GC heap after
{Heap after GC invocations=16 (full 0):
 garbage-first heap   total 89088K, used 51043K [0x00000000c2800000, 0x0000000100000000)
  region size 1024K, 1 young (1024K), 1 survivors (1024K)
 Metaspace       used 23140K, committed 23360K, reserved 1114112K
  class space    used 3538K, committed 3648K, reserved 1048576K
}
Event: 17.981 GC heap before
{Heap before GC invocations=17 (full 0):
 garbage-first heap   total 96256K, used 61283K [0x00000000c2800000, 0x0000000100000000)
  region size 1024K, 8 young (8192K), 1 survivors (1024K)
 Metaspace       used 24566K, committed 24896K, reserved 1114112K
  class space    used 3676K, committed 3840K, reserved 1048576K
}
Event: 17.984 GC heap after
{Heap after GC invocations=18 (full 0):
 garbage-first heap   total 96256K, used 56249K [0x00000000c2800000, 0x0000000100000000)
  region size 1024K, 2 young (2048K), 2 survivors (2048K)
 Metaspace       used 24566K, committed 24896K, reserved 1114112K
  class space    used 3676K, committed 3840K, reserved 1048576K
}
Event: 18.088 GC heap before
{Heap before GC invocations=19 (full 0):
 garbage-first heap   total 104448K, used 62393K [0x00000000c2800000, 0x0000000100000000)
  region size 1024K, 3 young (3072K), 2 survivors (2048K)
 Metaspace       used 24646K, committed 24960K, reserved 1114112K
  class space    used 3686K, committed 3840K, reserved 1048576K
}
Event: 18.091 GC heap after
{Heap after GC invocations=20 (full 0):
 garbage-first heap   total 104448K, used 62535K [0x00000000c2800000, 0x0000000100000000)
  region size 1024K, 2 young (2048K), 2 survivors (2048K)
 Metaspace       used 24646K, committed 24960K, reserved 1114112K
  class space    used 3686K, committed 3840K, reserved 1048576K
}
Event: 18.156 GC heap before
{Heap before GC invocations=21 (full 0):
 garbage-first heap   total 111616K, used 66631K [0x00000000c2800000, 0x0000000100000000)
  region size 1024K, 3 young (3072K), 2 survivors (2048K)
 Metaspace       used 24690K, committed 24960K, reserved 1114112K
  class space    used 3690K, committed 3840K, reserved 1048576K
}
Event: 18.159 GC heap after
{Heap after GC invocations=22 (full 0):
 garbage-first heap   total 111616K, used 66732K [0x00000000c2800000, 0x0000000100000000)
  region size 1024K, 2 young (2048K), 2 survivors (2048K)
 Metaspace       used 24690K, committed 24960K, reserved 1114112K
  class space    used 3690K, committed 3840K, reserved 1048576K
}

