# JRE version: OpenJDK Runtime Environment JBR-17.0.12+1-1207.37-nomod (17.0.12+1) (build 17.0.12+1-b1207.37)
# Java VM: OpenJDK 64-Bit Server VM JBR-17.0.12+1-1207.37-nomod (17.0.12+1-b1207.37, mixed mode, sharing, tiered, compressed oops, compressed class ptrs, g1 gc, windows-amd64)
GC Precious Log:
 CPUs: 8 total, 8 available
 Memory: 3929M
 Large Page Support: Disabled
 NUMA Support: Disabled
 Compressed Oops: Enabled (32-bit)
 Heap Region Size: 1M
 Heap Min Capacity: 8M
 Heap Initial Capacity: 62M
 Heap Max Capacity: 984M
 Pre-touch: Disabled
 Parallel Workers: 8
 Concurrent Workers: 2
 Concurrent Refinement Workers: 8
 Periodic GC: Disabled
Heap:
 garbage-first heap   total 368640K, used 228324K [0x00000000c2800000, 0x0000000100000000)
  region size 1024K, 5 young (5120K), 2 survivors (2048K)
 Metaspace       used 34615K, committed 34944K, reserved 1114112K
  class space    used 4651K, committed 4800K, reserved 1048576K
GC Heap History (20 events):
Event: 23.254 GC heap before
{Heap before GC invocations=7 (full 0):
 garbage-first heap   total 45056K, used 23156K [0x00000000c2800000, 0x0000000100000000)
  region size 1024K, 8 young (8192K), 1 survivors (1024K)
 Metaspace       used 31825K, committed 32128K, reserved 1114112K
  class space    used 4271K, committed 4416K, reserved 1048576K
}
Event: 23.258 GC heap after
{Heap after GC invocations=8 (full 0):
 garbage-first heap   total 45056K, used 18529K [0x00000000c2800000, 0x0000000100000000)
  region size 1024K, 2 young (2048K), 2 survivors (2048K)
 Metaspace       used 31825K, committed 32128K, reserved 1114112K
  class space    used 4271K, committed 4416K, reserved 1048576K
}
Event: 24.164 GC heap before
{Heap before GC invocations=8 (full 0):
 garbage-first heap   total 45056K, used 23649K [0x00000000c2800000, 0x0000000100000000)
  region size 1024K, 3 young (3072K), 2 survivors (2048K)
 Metaspace       used 32023K, committed 32320K, reserved 1114112K
  class space    used 4322K, committed 4480K, reserved 1048576K
}
Event: 24.165 GC heap after
{Heap after GC invocations=9 (full 0):
 garbage-first heap   total 45056K, used 23817K [0x00000000c2800000, 0x0000000100000000)
  region size 1024K, 1 young (1024K), 1 survivors (1024K)
 Metaspace       used 32023K, committed 32320K, reserved 1114112K
  class space    used 4322K, committed 4480K, reserved 1048576K
}
Event: 24.256 GC heap before
{Heap before GC invocations=10 (full 0):
 garbage-first heap   total 50176K, used 46345K [0x00000000c2800000, 0x0000000100000000)
  region size 1024K, 2 young (2048K), 1 survivors (1024K)
 Metaspace       used 32047K, committed 32384K, reserved 1114112K
  class space    used 4323K, committed 4480K, reserved 1048576K
}
Event: 24.258 GC heap after
{Heap after GC invocations=11 (full 0):
 garbage-first heap   total 50176K, used 46729K [0x00000000c2800000, 0x0000000100000000)
  region size 1024K, 2 young (2048K), 2 survivors (2048K)
 Metaspace       used 32047K, committed 32384K, reserved 1114112K
  class space    used 4323K, committed 4480K, reserved 1048576K
}
Event: 24.260 GC heap before
{Heap before GC invocations=11 (full 0):
 garbage-first heap   total 52224K, used 48777K [0x00000000c2800000, 0x0000000100000000)
  region size 1024K, 2 young (2048K), 2 survivors (2048K)
 Metaspace       used 32047K, committed 32384K, reserved 1114112K
  class space    used 4323K, committed 4480K, reserved 1048576K
}
Event: 24.263 GC heap after
{Heap after GC invocations=12 (full 0):
 garbage-first heap   total 52224K, used 48577K [0x00000000c2800000, 0x0000000100000000)
  region size 1024K, 1 young (1024K), 1 survivors (1024K)
 Metaspace       used 32047K, committed 32384K, reserved 1114112K
  class space    used 4323K, committed 4480K, reserved 1048576K
}
Event: 24.270 GC heap before
{Heap before GC invocations=12 (full 0):
 garbage-first heap   total 52224K, used 48577K [0x00000000c2800000, 0x0000000100000000)
  region size 1024K, 2 young (2048K), 1 survivors (1024K)
 Metaspace       used 32049K, committed 32384K, reserved 1114112K
  class space    used 4323K, committed 4480K, reserved 1048576K
}
Event: 24.272 GC heap after
{Heap after GC invocations=13 (full 0):
 garbage-first heap   total 146432K, used 48553K [0x00000000c2800000, 0x0000000100000000)
  region size 1024K, 1 young (1024K), 1 survivors (1024K)
 Metaspace       used 32049K, committed 32384K, reserved 1114112K
  class space    used 4323K, committed 4480K, reserved 1048576K
}
Event: 26.999 GC heap before
{Heap before GC invocations=13 (full 0):
 garbage-first heap   total 146432K, used 92585K [0x00000000c2800000, 0x0000000100000000)
  region size 1024K, 27 young (27648K), 1 survivors (1024K)
 Metaspace       used 33991K, committed 34304K, reserved 1114112K
  class space    used 4613K, committed 4736K, reserved 1048576K
}
Event: 27.006 GC heap after
{Heap after GC invocations=14 (full 0):
 garbage-first heap   total 146432K, used 72098K [0x00000000c2800000, 0x0000000100000000)
  region size 1024K, 6 young (6144K), 6 survivors (6144K)
 Metaspace       used 33991K, committed 34304K, reserved 1114112K
  class space    used 4613K, committed 4736K, reserved 1048576K
}
Event: 27.052 GC heap before
{Heap before GC invocations=15 (full 0):
 garbage-first heap   total 146432K, used 76194K [0x00000000c2800000, 0x0000000100000000)
  region size 1024K, 7 young (7168K), 6 survivors (6144K)
 Metaspace       used 34130K, committed 34432K, reserved 1114112K
  class space    used 4633K, committed 4736K, reserved 1048576K
}
Event: 27.058 GC heap after
{Heap after GC invocations=16 (full 0):
 garbage-first heap   total 146432K, used 76759K [0x00000000c2800000, 0x0000000100000000)
  region size 1024K, 1 young (1024K), 1 survivors (1024K)
 Metaspace       used 34130K, committed 34432K, reserved 1114112K
  class space    used 4633K, committed 4736K, reserved 1048576K
}
Event: 27.123 GC heap before
{Heap before GC invocations=17 (full 0):
 garbage-first heap   total 240640K, used 144343K [0x00000000c2800000, 0x0000000100000000)
  region size 1024K, 2 young (2048K), 1 survivors (1024K)
 Metaspace       used 34142K, committed 34432K, reserved 1114112K
  class space    used 4633K, committed 4736K, reserved 1048576K
}
Event: 27.125 GC heap after
{Heap after GC invocations=18 (full 0):
 garbage-first heap   total 240640K, used 144090K [0x00000000c2800000, 0x0000000100000000)
  region size 1024K, 1 young (1024K), 1 survivors (1024K)
 Metaspace       used 34142K, committed 34432K, reserved 1114112K
  class space    used 4633K, committed 4736K, reserved 1048576K
}
Event: 27.168 GC heap before
{Heap before GC invocations=19 (full 0):
 garbage-first heap   total 256000K, used 156378K [0x00000000c2800000, 0x0000000100000000)
  region size 1024K, 3 young (3072K), 1 survivors (1024K)
 Metaspace       used 34166K, committed 34432K, reserved 1114112K
  class space    used 4634K, committed 4736K, reserved 1048576K
}
Event: 27.170 GC heap after
{Heap after GC invocations=20 (full 0):
 garbage-first heap   total 256000K, used 155357K [0x00000000c2800000, 0x0000000100000000)
  region size 1024K, 1 young (1024K), 1 survivors (1024K)
 Metaspace       used 34166K, committed 34432K, reserved 1114112K
  class space    used 4634K, committed 4736K, reserved 1048576K
}
Event: 32.413 GC heap before
{Heap before GC invocations=21 (full 0):
 garbage-first heap   total 368640K, used 244445K [0x00000000c2800000, 0x0000000100000000)
  region size 1024K, 21 young (21504K), 1 survivors (1024K)
 Metaspace       used 34610K, committed 34944K, reserved 1114112K
  class space    used 4651K, committed 4800K, reserved 1048576K
}
Event: 32.440 GC heap after
{Heap after GC invocations=22 (full 0):
 garbage-first heap   total 368640K, used 226276K [0x00000000c2800000, 0x0000000100000000)
  region size 1024K, 2 young (2048K), 2 survivors (2048K)
 Metaspace       used 34610K, committed 34944K, reserved 1114112K
  class space    used 4651K, committed 4800K, reserved 1048576K
}

