# JRE version: OpenJDK Runtime Environment JBR-17.0.12+1-1207.37-nomod (17.0.12+1) (build 17.0.12+1-b1207.37)
# Java VM: OpenJDK 64-Bit Server VM JBR-17.0.12+1-1207.37-nomod (17.0.12+1-b1207.37, mixed mode, sharing, tiered, compressed oops, compressed class ptrs, g1 gc, windows-amd64)
GC Precious Log:
 CPUs: 8 total, 8 available
 Memory: 3929M
 Large Page Support: Disabled
 NUMA Support: Disabled
 Compressed Oops: Enabled (32-bit)
 Heap Region Size: 1M
 Heap Min Capacity: 8M
 Heap Initial Capacity: 62M
 Heap Max Capacity: 984M
 Pre-touch: Disabled
 Parallel Workers: 8
 Concurrent Workers: 2
 Concurrent Refinement Workers: 8
 Periodic GC: Disabled
Heap:
 garbage-first heap   total 288768K, used 236828K [0x00000000c2800000, 0x0000000100000000)
  region size 1024K, 2 young (2048K), 1 survivors (1024K)
 Metaspace       used 29168K, committed 29504K, reserved 1114112K
  class space    used 4057K, committed 4224K, reserved 1048576K
GC Heap History (20 events):
Event: 77.842 GC heap before
{Heap before GC invocations=18 (full 0):
 garbage-first heap   total 174080K, used 103783K [0x00000000c2800000, 0x0000000100000000)
  region size 1024K, 2 young (2048K), 1 survivors (1024K)
 Metaspace       used 27375K, committed 27648K, reserved 1114112K
  class space    used 3751K, committed 3904K, reserved 1048576K
}
Event: 77.843 GC heap after
{Heap after GC invocations=19 (full 0):
 garbage-first heap   total 174080K, used 103890K [0x00000000c2800000, 0x0000000100000000)
  region size 1024K, 1 young (1024K), 1 survivors (1024K)
 Metaspace       used 27375K, committed 27648K, reserved 1114112K
  class space    used 3751K, committed 3904K, reserved 1048576K
}
Event: 77.866 GC heap before
{Heap before GC invocations=20 (full 0):
 garbage-first heap   total 184320K, used 110034K [0x00000000c2800000, 0x0000000100000000)
  region size 1024K, 2 young (2048K), 1 survivors (1024K)
 Metaspace       used 27376K, committed 27648K, reserved 1114112K
  class space    used 3751K, committed 3904K, reserved 1048576K
}
Event: 77.867 GC heap after
{Heap after GC invocations=21 (full 0):
 garbage-first heap   total 184320K, used 110122K [0x00000000c2800000, 0x0000000100000000)
  region size 1024K, 1 young (1024K), 1 survivors (1024K)
 Metaspace       used 27376K, committed 27648K, reserved 1114112K
  class space    used 3751K, committed 3904K, reserved 1048576K
}
Event: 77.889 GC heap before
{Heap before GC invocations=22 (full 0):
 garbage-first heap   total 194560K, used 116266K [0x00000000c2800000, 0x0000000100000000)
  region size 1024K, 2 young (2048K), 1 survivors (1024K)
 Metaspace       used 27384K, committed 27712K, reserved 1114112K
  class space    used 3751K, committed 3904K, reserved 1048576K
}
Event: 77.890 GC heap after
{Heap after GC invocations=23 (full 0):
 garbage-first heap   total 194560K, used 116367K [0x00000000c2800000, 0x0000000100000000)
  region size 1024K, 1 young (1024K), 1 survivors (1024K)
 Metaspace       used 27384K, committed 27712K, reserved 1114112K
  class space    used 3751K, committed 3904K, reserved 1048576K
}
Event: 77.914 GC heap before
{Heap before GC invocations=24 (full 0):
 garbage-first heap   total 204800K, used 122511K [0x00000000c2800000, 0x0000000100000000)
  region size 1024K, 2 young (2048K), 1 survivors (1024K)
 Metaspace       used 27387K, committed 27712K, reserved 1114112K
  class space    used 3751K, committed 3904K, reserved 1048576K
}
Event: 77.915 GC heap after
{Heap after GC invocations=25 (full 0):
 garbage-first heap   total 204800K, used 122633K [0x00000000c2800000, 0x0000000100000000)
  region size 1024K, 1 young (1024K), 1 survivors (1024K)
 Metaspace       used 27387K, committed 27712K, reserved 1114112K
  class space    used 3751K, committed 3904K, reserved 1048576K
}
Event: 80.623 GC heap before
{Heap before GC invocations=26 (full 0):
 garbage-first heap   total 215040K, used 154377K [0x00000000c2800000, 0x0000000100000000)
  region size 1024K, 29 young (29696K), 1 survivors (1024K)
 Metaspace       used 28986K, committed 29376K, reserved 1114112K
  class space    used 4033K, committed 4224K, reserved 1048576K
}
Event: 80.635 GC heap after
{Heap after GC invocations=27 (full 0):
 garbage-first heap   total 215040K, used 131914K [0x00000000c2800000, 0x0000000100000000)
  region size 1024K, 6 young (6144K), 6 survivors (6144K)
 Metaspace       used 28986K, committed 29376K, reserved 1114112K
  class space    used 4033K, committed 4224K, reserved 1048576K
}
Event: 80.671 GC heap before
{Heap before GC invocations=28 (full 0):
 garbage-first heap   total 234496K, used 140106K [0x00000000c2800000, 0x0000000100000000)
  region size 1024K, 7 young (7168K), 6 survivors (6144K)
 Metaspace       used 28990K, committed 29376K, reserved 1114112K
  class space    used 4033K, committed 4224K, reserved 1048576K
}
Event: 80.684 GC heap after
{Heap after GC invocations=29 (full 0):
 garbage-first heap   total 234496K, used 141035K [0x00000000c2800000, 0x0000000100000000)
  region size 1024K, 1 young (1024K), 1 survivors (1024K)
 Metaspace       used 28990K, committed 29376K, reserved 1114112K
  class space    used 4033K, committed 4224K, reserved 1048576K
}
Event: 80.713 GC heap before
{Heap before GC invocations=30 (full 0):
 garbage-first heap   total 245760K, used 145131K [0x00000000c2800000, 0x0000000100000000)
  region size 1024K, 2 young (2048K), 1 survivors (1024K)
 Metaspace       used 29070K, committed 29376K, reserved 1114112K
  class space    used 4048K, committed 4224K, reserved 1048576K
}
Event: 80.715 GC heap after
{Heap after GC invocations=31 (full 0):
 garbage-first heap   total 245760K, used 144476K [0x00000000c2800000, 0x0000000100000000)
  region size 1024K, 1 young (1024K), 1 survivors (1024K)
 Metaspace       used 29070K, committed 29376K, reserved 1114112K
  class space    used 4048K, committed 4224K, reserved 1048576K
}
Event: 80.748 GC heap before
{Heap before GC invocations=32 (full 0):
 garbage-first heap   total 254976K, used 153692K [0x00000000c2800000, 0x0000000100000000)
  region size 1024K, 2 young (2048K), 1 survivors (1024K)
 Metaspace       used 29129K, committed 29440K, reserved 1114112K
  class space    used 4056K, committed 4224K, reserved 1048576K
}
Event: 80.749 GC heap after
{Heap after GC invocations=33 (full 0):
 garbage-first heap   total 254976K, used 153691K [0x00000000c2800000, 0x0000000100000000)
  region size 1024K, 1 young (1024K), 1 survivors (1024K)
 Metaspace       used 29129K, committed 29440K, reserved 1114112K
  class space    used 4056K, committed 4224K, reserved 1048576K
}
Event: 80.787 GC heap before
{Heap before GC invocations=34 (full 0):
 garbage-first heap   total 273408K, used 164955K [0x00000000c2800000, 0x0000000100000000)
  region size 1024K, 3 young (3072K), 1 survivors (1024K)
 Metaspace       used 29149K, committed 29504K, reserved 1114112K
  class space    used 4057K, committed 4224K, reserved 1048576K
}
Event: 80.789 GC heap after
{Heap after GC invocations=35 (full 0):
 garbage-first heap   total 273408K, used 164091K [0x00000000c2800000, 0x0000000100000000)
  region size 1024K, 1 young (1024K), 1 survivors (1024K)
 Metaspace       used 29149K, committed 29504K, reserved 1114112K
  class space    used 4057K, committed 4224K, reserved 1048576K
}
Event: 80.833 GC heap before
{Heap before GC invocations=36 (full 0):
 garbage-first heap   total 288768K, used 228603K [0x00000000c2800000, 0x0000000100000000)
  region size 1024K, 2 young (2048K), 1 survivors (1024K)
 Metaspace       used 29152K, committed 29504K, reserved 1114112K
  class space    used 4057K, committed 4224K, reserved 1048576K
}
Event: 80.834 GC heap after
{Heap after GC invocations=37 (full 0):
 garbage-first heap   total 288768K, used 228636K [0x00000000c2800000, 0x0000000100000000)
  region size 1024K, 1 young (1024K), 1 survivors (1024K)
 Metaspace       used 29152K, committed 29504K, reserved 1114112K
  class space    used 4057K, committed 4224K, reserved 1048576K
}

