# JRE version: OpenJDK Runtime Environment JBR-17.0.12+1-1207.37-nomod (17.0.12+1) (build 17.0.12+1-b1207.37)
# Java VM: OpenJDK 64-Bit Server VM JBR-17.0.12+1-1207.37-nomod (17.0.12+1-b1207.37, mixed mode, sharing, tiered, compressed oops, compressed class ptrs, g1 gc, windows-amd64)
GC Precious Log:
 CPUs: 8 total, 8 available
 Memory: 3929M
 Large Page Support: Disabled
 NUMA Support: Disabled
 Compressed Oops: Enabled (32-bit)
 Heap Region Size: 1M
 Heap Min Capacity: 8M
 Heap Initial Capacity: 62M
 Heap Max Capacity: 984M
 Pre-touch: Disabled
 Parallel Workers: 8
 Concurrent Workers: 2
 Concurrent Refinement Workers: 8
 Periodic GC: Disabled
Heap:
 garbage-first heap   total 326656K, used 231234K [0x00000000c2800000, 0x0000000100000000)
  region size 1024K, 42 young (43008K), 3 survivors (3072K)
 Metaspace       used 39606K, committed 40064K, reserved 1114112K
  class space    used 5427K, committed 5696K, reserved 1048576K
GC Heap History (20 events):
Event: 31.694 GC heap before
{Heap before GC invocations=12 (full 0):
 garbage-first heap   total 76800K, used 41148K [0x00000000c2800000, 0x0000000100000000)
  region size 1024K, 2 young (2048K), 1 survivors (1024K)
 Metaspace       used 32145K, committed 32448K, reserved 1114112K
  class space    used 4322K, committed 4480K, reserved 1048576K
}
Event: 31.695 GC heap after
{Heap after GC invocations=13 (full 0):
 garbage-first heap   total 76800K, used 41218K [0x00000000c2800000, 0x0000000100000000)
  region size 1024K, 1 young (1024K), 1 survivors (1024K)
 Metaspace       used 32145K, committed 32448K, reserved 1114112K
  class space    used 4322K, committed 4480K, reserved 1048576K
}
Event: 31.720 GC heap before
{Heap before GC invocations=14 (full 0):
 garbage-first heap   total 83968K, used 49410K [0x00000000c2800000, 0x0000000100000000)
  region size 1024K, 2 young (2048K), 1 survivors (1024K)
 Metaspace       used 32152K, committed 32448K, reserved 1114112K
  class space    used 4322K, committed 4480K, reserved 1048576K
}
Event: 31.721 GC heap after
{Heap after GC invocations=15 (full 0):
 garbage-first heap   total 83968K, used 49541K [0x00000000c2800000, 0x0000000100000000)
  region size 1024K, 1 young (1024K), 1 survivors (1024K)
 Metaspace       used 32152K, committed 32448K, reserved 1114112K
  class space    used 4322K, committed 4480K, reserved 1048576K
}
Event: 32.033 GC heap before
{Heap before GC invocations=16 (full 0):
 garbage-first heap   total 97280K, used 73093K [0x00000000c2800000, 0x0000000100000000)
  region size 1024K, 18 young (18432K), 1 survivors (1024K)
 Metaspace       used 33364K, committed 33664K, reserved 1114112K
  class space    used 4547K, committed 4672K, reserved 1048576K
}
Event: 32.038 GC heap after
{Heap after GC invocations=17 (full 0):
 garbage-first heap   total 97280K, used 59007K [0x00000000c2800000, 0x0000000100000000)
  region size 1024K, 3 young (3072K), 3 survivors (3072K)
 Metaspace       used 33364K, committed 33664K, reserved 1114112K
  class space    used 4547K, committed 4672K, reserved 1048576K
}
Event: 33.452 GC heap before
{Heap before GC invocations=17 (full 0):
 garbage-first heap   total 97280K, used 65151K [0x00000000c2800000, 0x0000000100000000)
  region size 1024K, 10 young (10240K), 3 survivors (3072K)
 Metaspace       used 33943K, committed 34304K, reserved 1114112K
  class space    used 4595K, committed 4736K, reserved 1048576K
}
Event: 33.456 GC heap after
{Heap after GC invocations=18 (full 0):
 garbage-first heap   total 97280K, used 60401K [0x00000000c2800000, 0x0000000100000000)
  region size 1024K, 2 young (2048K), 2 survivors (2048K)
 Metaspace       used 33943K, committed 34304K, reserved 1114112K
  class space    used 4595K, committed 4736K, reserved 1048576K
}
Event: 33.483 GC heap before
{Heap before GC invocations=19 (full 0):
 garbage-first heap   total 107520K, used 62449K [0x00000000c2800000, 0x0000000100000000)
  region size 1024K, 3 young (3072K), 2 survivors (2048K)
 Metaspace       used 33998K, committed 34304K, reserved 1114112K
  class space    used 4612K, committed 4736K, reserved 1048576K
}
Event: 33.486 GC heap after
{Heap after GC invocations=20 (full 0):
 garbage-first heap   total 107520K, used 62454K [0x00000000c2800000, 0x0000000100000000)
  region size 1024K, 2 young (2048K), 2 survivors (2048K)
 Metaspace       used 33998K, committed 34304K, reserved 1114112K
  class space    used 4612K, committed 4736K, reserved 1048576K
}
Event: 33.511 GC heap before
{Heap before GC invocations=21 (full 0):
 garbage-first heap   total 112640K, used 67574K [0x00000000c2800000, 0x0000000100000000)
  region size 1024K, 3 young (3072K), 2 survivors (2048K)
 Metaspace       used 34015K, committed 34304K, reserved 1114112K
  class space    used 4612K, committed 4736K, reserved 1048576K
}
Event: 33.514 GC heap after
{Heap after GC invocations=22 (full 0):
 garbage-first heap   total 112640K, used 67586K [0x00000000c2800000, 0x0000000100000000)
  region size 1024K, 2 young (2048K), 2 survivors (2048K)
 Metaspace       used 34015K, committed 34304K, reserved 1114112K
  class space    used 4612K, committed 4736K, reserved 1048576K
}
Event: 33.550 GC heap before
{Heap before GC invocations=23 (full 0):
 garbage-first heap   total 126976K, used 74754K [0x00000000c2800000, 0x0000000100000000)
  region size 1024K, 4 young (4096K), 2 survivors (2048K)
 Metaspace       used 34178K, committed 34432K, reserved 1114112K
  class space    used 4633K, committed 4736K, reserved 1048576K
}
Event: 33.553 GC heap after
{Heap after GC invocations=24 (full 0):
 garbage-first heap   total 126976K, used 73826K [0x00000000c2800000, 0x0000000100000000)
  region size 1024K, 2 young (2048K), 2 survivors (2048K)
 Metaspace       used 34178K, committed 34432K, reserved 1114112K
  class space    used 4633K, committed 4736K, reserved 1048576K
}
Event: 36.632 GC heap before
{Heap before GC invocations=25 (full 0):
 garbage-first heap   total 224256K, used 135266K [0x00000000c2800000, 0x0000000100000000)
  region size 1024K, 7 young (7168K), 2 survivors (2048K)
 Metaspace       used 34585K, committed 34944K, reserved 1114112K
  class space    used 4664K, committed 4864K, reserved 1048576K
}
Event: 36.674 GC heap after
{Heap after GC invocations=26 (full 0):
 garbage-first heap   total 224256K, used 131631K [0x00000000c2800000, 0x0000000100000000)
  region size 1024K, 2 young (2048K), 2 survivors (2048K)
 Metaspace       used 34585K, committed 34944K, reserved 1114112K
  class space    used 4664K, committed 4864K, reserved 1048576K
}
Event: 37.057 GC heap before
{Heap before GC invocations=27 (full 0):
 garbage-first heap   total 316416K, used 188975K [0x00000000c2800000, 0x0000000100000000)
  region size 1024K, 3 young (3072K), 2 survivors (2048K)
 Metaspace       used 34587K, committed 34944K, reserved 1114112K
  class space    used 4664K, committed 4864K, reserved 1048576K
}
Event: 37.060 GC heap after
{Heap after GC invocations=28 (full 0):
 garbage-first heap   total 316416K, used 189001K [0x00000000c2800000, 0x0000000100000000)
  region size 1024K, 2 young (2048K), 2 survivors (2048K)
 Metaspace       used 34587K, committed 34944K, reserved 1114112K
  class space    used 4664K, committed 4864K, reserved 1048576K
}
Event: 37.154 GC heap before
{Heap before GC invocations=29 (full 0):
 garbage-first heap   total 321536K, used 194121K [0x00000000c2800000, 0x0000000100000000)
  region size 1024K, 6 young (6144K), 2 survivors (2048K)
 Metaspace       used 34769K, committed 35200K, reserved 1114112K
  class space    used 4719K, committed 4928K, reserved 1048576K
}
Event: 37.157 GC heap after
{Heap after GC invocations=30 (full 0):
 garbage-first heap   total 321536K, used 191298K [0x00000000c2800000, 0x0000000100000000)
  region size 1024K, 3 young (3072K), 3 survivors (3072K)
 Metaspace       used 34769K, committed 35200K, reserved 1114112K
  class space    used 4719K, committed 4928K, reserved 1048576K
}

