# JRE version: OpenJDK Runtime Environment JBR-17.0.12+1-1207.37-nomod (17.0.12+1) (build 17.0.12+1-b1207.37)
# Java VM: OpenJDK 64-Bit Server VM JBR-17.0.12+1-1207.37-nomod (17.0.12+1-b1207.37, mixed mode, sharing, tiered, compressed oops, compressed class ptrs, g1 gc, windows-amd64)
GC Precious Log:
 CPUs: 8 total, 8 available
 Memory: 3929M
 Large Page Support: Disabled
 NUMA Support: Disabled
 Compressed Oops: Enabled (32-bit)
 Heap Region Size: 1M
 Heap Min Capacity: 8M
 Heap Initial Capacity: 62M
 Heap Max Capacity: 984M
 Pre-touch: Disabled
 Parallel Workers: 8
 Concurrent Workers: 2
 Concurrent Refinement Workers: 8
 Periodic GC: Disabled
Heap:
 garbage-first heap   total 234496K, used 149385K [0x00000000c2800000, 0x0000000100000000)
  region size 1024K, 13 young (13312K), 1 survivors (1024K)
 Metaspace       used 28782K, committed 29120K, reserved 1114112K
  class space    used 3948K, committed 4096K, reserved 1048576K
GC Heap History (14 events):
Event: 0.804 GC heap before
{Heap before GC invocations=0 (full 0):
 garbage-first heap   total 63488K, used 22528K [0x00000000c2800000, 0x0000000100000000)
  region size 1024K, 23 young (23552K), 0 survivors (0K)
 Metaspace       used 6002K, committed 6144K, reserved 1114112K
  class space    used 703K, committed 768K, reserved 1048576K
}
Event: 0.808 GC heap after
{Heap after GC invocations=1 (full 0):
 garbage-first heap   total 63488K, used 3545K [0x00000000c2800000, 0x0000000100000000)
  region size 1024K, 3 young (3072K), 3 survivors (3072K)
 Metaspace       used 6002K, committed 6144K, reserved 1114112K
  class space    used 703K, committed 768K, reserved 1048576K
}
Event: 1.624 GC heap before
{Heap before GC invocations=1 (full 0):
 garbage-first heap   total 63488K, used 31193K [0x00000000c2800000, 0x0000000100000000)
  region size 1024K, 29 young (29696K), 3 survivors (3072K)
 Metaspace       used 13723K, committed 13952K, reserved 1114112K
  class space    used 1810K, committed 1920K, reserved 1048576K
}
Event: 1.630 GC heap after
{Heap after GC invocations=2 (full 0):
 garbage-first heap   total 63488K, used 9338K [0x00000000c2800000, 0x0000000100000000)
  region size 1024K, 4 young (4096K), 4 survivors (4096K)
 Metaspace       used 13723K, committed 13952K, reserved 1114112K
  class space    used 1810K, committed 1920K, reserved 1048576K
}
Event: 14.660 GC heap before
{Heap before GC invocations=2 (full 0):
 garbage-first heap   total 63488K, used 35962K [0x00000000c2800000, 0x0000000100000000)
  region size 1024K, 29 young (29696K), 4 survivors (4096K)
 Metaspace       used 20337K, committed 20608K, reserved 1114112K
  class space    used 2895K, committed 3008K, reserved 1048576K
}
Event: 14.666 GC heap after
{Heap after GC invocations=3 (full 0):
 garbage-first heap   total 63488K, used 14529K [0x00000000c2800000, 0x0000000100000000)
  region size 1024K, 3 young (3072K), 3 survivors (3072K)
 Metaspace       used 20337K, committed 20608K, reserved 1114112K
  class space    used 2895K, committed 3008K, reserved 1048576K
}
Event: 14.889 GC heap before
{Heap before GC invocations=3 (full 0):
 garbage-first heap   total 94208K, used 70849K [0x00000000c2800000, 0x0000000100000000)
  region size 1024K, 4 young (4096K), 3 survivors (3072K)
 Metaspace       used 20344K, committed 20608K, reserved 1114112K
  class space    used 2895K, committed 3008K, reserved 1048576K
}
Event: 14.891 GC heap after
{Heap after GC invocations=4 (full 0):
 garbage-first heap   total 94208K, used 71083K [0x00000000c2800000, 0x0000000100000000)
  region size 1024K, 1 young (1024K), 1 survivors (1024K)
 Metaspace       used 20344K, committed 20608K, reserved 1114112K
  class space    used 2895K, committed 3008K, reserved 1048576K
}
Event: 14.995 GC heap before
{Heap before GC invocations=5 (full 0):
 garbage-first heap   total 124928K, used 74155K [0x00000000c2800000, 0x0000000100000000)
  region size 1024K, 5 young (5120K), 1 survivors (1024K)
 Metaspace       used 21035K, committed 21312K, reserved 1114112K
  class space    used 3004K, committed 3136K, reserved 1048576K
}
Event: 14.997 GC heap after
{Heap after GC invocations=6 (full 0):
 garbage-first heap   total 124928K, used 72472K [0x00000000c2800000, 0x0000000100000000)
  region size 1024K, 1 young (1024K), 1 survivors (1024K)
 Metaspace       used 21035K, committed 21312K, reserved 1114112K
  class space    used 3004K, committed 3136K, reserved 1048576K
}
Event: 15.776 GC heap before
{Heap before GC invocations=7 (full 0):
 garbage-first heap   total 128000K, used 99096K [0x00000000c2800000, 0x0000000100000000)
  region size 1024K, 26 young (26624K), 1 survivors (1024K)
 Metaspace       used 28088K, committed 28416K, reserved 1114112K
  class space    used 3907K, committed 4096K, reserved 1048576K
}
Event: 15.787 GC heap after
{Heap after GC invocations=8 (full 0):
 garbage-first heap   total 128000K, used 78267K [0x00000000c2800000, 0x0000000100000000)
  region size 1024K, 4 young (4096K), 4 survivors (4096K)
 Metaspace       used 28088K, committed 28416K, reserved 1114112K
  class space    used 3907K, committed 4096K, reserved 1048576K
}
Event: 16.154 GC heap before
{Heap before GC invocations=9 (full 0):
 garbage-first heap   total 229376K, used 135611K [0x00000000c2800000, 0x0000000100000000)
  region size 1024K, 6 young (6144K), 4 survivors (4096K)
 Metaspace       used 28344K, committed 28672K, reserved 1114112K
  class space    used 3938K, committed 4096K, reserved 1048576K
}
Event: 16.172 GC heap after
{Heap after GC invocations=10 (full 0):
 garbage-first heap   total 229376K, used 135049K [0x00000000c2800000, 0x0000000100000000)
  region size 1024K, 1 young (1024K), 1 survivors (1024K)
 Metaspace       used 28344K, committed 28672K, reserved 1114112K
  class space    used 3938K, committed 4096K, reserved 1048576K
}

