# JRE version: OpenJDK Runtime Environment JBR-17.0.12+1-1207.37-nomod (17.0.12+1) (build 17.0.12+1-b1207.37)
# Java VM: OpenJDK 64-Bit Server VM JBR-17.0.12+1-1207.37-nomod (17.0.12+1-b1207.37, mixed mode, sharing, tiered, compressed oops, compressed class ptrs, g1 gc, windows-amd64)
GC Precious Log:
 CPUs: 8 total, 8 available
 Memory: 3929M
 Large Page Support: Disabled
 NUMA Support: Disabled
 Compressed Oops: Enabled (32-bit)
 Heap Region Size: 1M
 Heap Min Capacity: 8M
 Heap Initial Capacity: 62M
 Heap Max Capacity: 984M
 Pre-touch: Disabled
 Parallel Workers: 8
 Concurrent Workers: 2
 Concurrent Refinement Workers: 8
 Periodic GC: Disabled
Heap:
 garbage-first heap   total 373760K, used 233156K [0x00000000c2800000, 0x0000000100000000)
  region size 1024K, 9 young (9216K), 1 survivors (1024K)
 Metaspace       used 34385K, committed 34688K, reserved 1114112K
  class space    used 4645K, committed 4800K, reserved 1048576K
GC Heap History (20 events):
Event: 31.770 GC heap before
{Heap before GC invocations=8 (full 0):
 garbage-first heap   total 48128K, used 28583K [0x00000000c2800000, 0x0000000100000000)
  region size 1024K, 3 young (3072K), 2 survivors (2048K)
 Metaspace       used 31944K, committed 32256K, reserved 1114112K
  class space    used 4322K, committed 4480K, reserved 1048576K
}
Event: 31.772 GC heap after
{Heap after GC invocations=9 (full 0):
 garbage-first heap   total 48128K, used 28822K [0x00000000c2800000, 0x0000000100000000)
  region size 1024K, 1 young (1024K), 1 survivors (1024K)
 Metaspace       used 31944K, committed 32256K, reserved 1114112K
  class space    used 4322K, committed 4480K, reserved 1048576K
}
Event: 31.793 GC heap before
{Heap before GC invocations=10 (full 0):
 garbage-first heap   total 61440K, used 34966K [0x00000000c2800000, 0x0000000100000000)
  region size 1024K, 2 young (2048K), 1 survivors (1024K)
 Metaspace       used 31948K, committed 32320K, reserved 1114112K
  class space    used 4322K, committed 4480K, reserved 1048576K
}
Event: 31.795 GC heap after
{Heap after GC invocations=11 (full 0):
 garbage-first heap   total 61440K, used 34850K [0x00000000c2800000, 0x0000000100000000)
  region size 1024K, 1 young (1024K), 1 survivors (1024K)
 Metaspace       used 31948K, committed 32320K, reserved 1114112K
  class space    used 4322K, committed 4480K, reserved 1048576K
}
Event: 31.827 GC heap before
{Heap before GC invocations=12 (full 0):
 garbage-first heap   total 71680K, used 45090K [0x00000000c2800000, 0x0000000100000000)
  region size 1024K, 2 young (2048K), 1 survivors (1024K)
 Metaspace       used 31960K, committed 32320K, reserved 1114112K
  class space    used 4322K, committed 4480K, reserved 1048576K
}
Event: 31.829 GC heap after
{Heap after GC invocations=13 (full 0):
 garbage-first heap   total 71680K, used 45223K [0x00000000c2800000, 0x0000000100000000)
  region size 1024K, 1 young (1024K), 1 survivors (1024K)
 Metaspace       used 31960K, committed 32320K, reserved 1114112K
  class space    used 4322K, committed 4480K, reserved 1048576K
}
Event: 31.852 GC heap before
{Heap before GC invocations=14 (full 0):
 garbage-first heap   total 89088K, used 51367K [0x00000000c2800000, 0x0000000100000000)
  region size 1024K, 2 young (2048K), 1 survivors (1024K)
 Metaspace       used 31967K, committed 32320K, reserved 1114112K
  class space    used 4322K, committed 4480K, reserved 1048576K
}
Event: 31.854 GC heap after
{Heap after GC invocations=15 (full 0):
 garbage-first heap   total 107520K, used 51475K [0x00000000c2800000, 0x0000000100000000)
  region size 1024K, 1 young (1024K), 1 survivors (1024K)
 Metaspace       used 31967K, committed 32320K, reserved 1114112K
  class space    used 4322K, committed 4480K, reserved 1048576K
}
Event: 33.925 GC heap before
{Heap before GC invocations=16 (full 0):
 garbage-first heap   total 107520K, used 82195K [0x00000000c2800000, 0x0000000100000000)
  region size 1024K, 27 young (27648K), 1 survivors (1024K)
 Metaspace       used 33895K, committed 34176K, reserved 1114112K
  class space    used 4611K, committed 4736K, reserved 1048576K
}
Event: 33.934 GC heap after
{Heap after GC invocations=17 (full 0):
 garbage-first heap   total 107520K, used 62662K [0x00000000c2800000, 0x0000000100000000)
  region size 1024K, 5 young (5120K), 5 survivors (5120K)
 Metaspace       used 33895K, committed 34176K, reserved 1114112K
  class space    used 4611K, committed 4736K, reserved 1048576K
}
Event: 33.959 GC heap before
{Heap before GC invocations=18 (full 0):
 garbage-first heap   total 112640K, used 67782K [0x00000000c2800000, 0x0000000100000000)
  region size 1024K, 6 young (6144K), 5 survivors (5120K)
 Metaspace       used 33897K, committed 34176K, reserved 1114112K
  class space    used 4611K, committed 4736K, reserved 1048576K
}
Event: 33.964 GC heap after
{Heap after GC invocations=19 (full 0):
 garbage-first heap   total 112640K, used 68470K [0x00000000c2800000, 0x0000000100000000)
  region size 1024K, 1 young (1024K), 1 survivors (1024K)
 Metaspace       used 33897K, committed 34176K, reserved 1114112K
  class space    used 4611K, committed 4736K, reserved 1048576K
}
Event: 34.002 GC heap before
{Heap before GC invocations=20 (full 0):
 garbage-first heap   total 128000K, used 74614K [0x00000000c2800000, 0x0000000100000000)
  region size 1024K, 2 young (2048K), 1 survivors (1024K)
 Metaspace       used 34018K, committed 34304K, reserved 1114112K
  class space    used 4628K, committed 4736K, reserved 1048576K
}
Event: 34.003 GC heap after
{Heap after GC invocations=21 (full 0):
 garbage-first heap   total 128000K, used 74134K [0x00000000c2800000, 0x0000000100000000)
  region size 1024K, 1 young (1024K), 1 survivors (1024K)
 Metaspace       used 34018K, committed 34304K, reserved 1114112K
  class space    used 4628K, committed 4736K, reserved 1048576K
}
Event: 34.072 GC heap before
{Heap before GC invocations=22 (full 0):
 garbage-first heap   total 237568K, used 141718K [0x00000000c2800000, 0x0000000100000000)
  region size 1024K, 2 young (2048K), 1 survivors (1024K)
 Metaspace       used 34051K, committed 34304K, reserved 1114112K
  class space    used 4631K, committed 4736K, reserved 1048576K
}
Event: 34.074 GC heap after
{Heap after GC invocations=23 (full 0):
 garbage-first heap   total 237568K, used 141760K [0x00000000c2800000, 0x0000000100000000)
  region size 1024K, 1 young (1024K), 1 survivors (1024K)
 Metaspace       used 34051K, committed 34304K, reserved 1114112K
  class space    used 4631K, committed 4736K, reserved 1048576K
}
Event: 34.321 GC heap before
{Heap before GC invocations=24 (full 0):
 garbage-first heap   total 249856K, used 148928K [0x00000000c2800000, 0x0000000100000000)
  region size 1024K, 3 young (3072K), 1 survivors (1024K)
 Metaspace       used 34067K, committed 34304K, reserved 1114112K
  class space    used 4633K, committed 4736K, reserved 1048576K
}
Event: 34.406 GC heap after
{Heap after GC invocations=25 (full 0):
 garbage-first heap   total 249856K, used 147950K [0x00000000c2800000, 0x0000000100000000)
  region size 1024K, 1 young (1024K), 1 survivors (1024K)
 Metaspace       used 34067K, committed 34304K, reserved 1114112K
  class space    used 4633K, committed 4736K, reserved 1048576K
}
Event: 34.815 GC heap before
{Heap before GC invocations=26 (full 0):
 garbage-first heap   total 266240K, used 214510K [0x00000000c2800000, 0x0000000100000000)
  region size 1024K, 3 young (3072K), 1 survivors (1024K)
 Metaspace       used 34076K, committed 34304K, reserved 1114112K
  class space    used 4634K, committed 4736K, reserved 1048576K
}
Event: 34.822 GC heap after
{Heap after GC invocations=27 (full 0):
 garbage-first heap   total 266240K, used 213700K [0x00000000c2800000, 0x0000000100000000)
  region size 1024K, 1 young (1024K), 1 survivors (1024K)
 Metaspace       used 34076K, committed 34304K, reserved 1114112K
  class space    used 4634K, committed 4736K, reserved 1048576K
}

