# JRE version: OpenJDK Runtime Environment JBR-17.0.12+1-1207.37-nomod (17.0.12+1) (build 17.0.12+1-b1207.37)
# Java VM: OpenJDK 64-Bit Server VM JBR-17.0.12+1-1207.37-nomod (17.0.12+1-b1207.37, mixed mode, sharing, tiered, compressed oops, compressed class ptrs, g1 gc, windows-amd64)
GC Precious Log:
 CPUs: 8 total, 8 available
 Memory: 3929M
 Large Page Support: Disabled
 NUMA Support: Disabled
 Compressed Oops: Enabled (32-bit)
 Heap Region Size: 1M
 Heap Min Capacity: 8M
 Heap Initial Capacity: 62M
 Heap Max Capacity: 984M
 Pre-touch: Disabled
 Parallel Workers: 8
 Concurrent Workers: 2
 Concurrent Refinement Workers: 8
 Periodic GC: Disabled
Heap:
 garbage-first heap   total 137216K, used 82380K [0x00000000c2800000, 0x0000000100000000)
  region size 1024K, 1 young (1024K), 1 survivors (1024K)
 Metaspace       used 28502K, committed 28864K, reserved 1114112K
  class space    used 3979K, committed 4160K, reserved 1048576K
GC Heap History (20 events):
Event: 33.428 GC heap after
{Heap after GC invocations=6 (full 0):
 garbage-first heap   total 48128K, used 20206K [0x00000000c2800000, 0x0000000100000000)
  region size 1024K, 4 young (4096K), 4 survivors (4096K)
 Metaspace       used 26249K, committed 26560K, reserved 1114112K
  class space    used 3640K, committed 3776K, reserved 1048576K
}
Event: 33.529 GC heap before
{Heap before GC invocations=6 (full 0):
 garbage-first heap   total 48128K, used 40686K [0x00000000c2800000, 0x0000000100000000)
  region size 1024K, 5 young (5120K), 4 survivors (4096K)
 Metaspace       used 26280K, committed 26560K, reserved 1114112K
  class space    used 3641K, committed 3776K, reserved 1048576K
}
Event: 33.534 GC heap after
{Heap after GC invocations=7 (full 0):
 garbage-first heap   total 48128K, used 41301K [0x00000000c2800000, 0x0000000100000000)
  region size 1024K, 1 young (1024K), 1 survivors (1024K)
 Metaspace       used 26280K, committed 26560K, reserved 1114112K
  class space    used 3641K, committed 3776K, reserved 1048576K
}
Event: 33.543 GC heap before
{Heap before GC invocations=7 (full 0):
 garbage-first heap   total 48128K, used 43349K [0x00000000c2800000, 0x0000000100000000)
  region size 1024K, 2 young (2048K), 1 survivors (1024K)
 Metaspace       used 26283K, committed 26560K, reserved 1114112K
  class space    used 3641K, committed 3776K, reserved 1048576K
}
Event: 33.545 GC heap after
{Heap after GC invocations=8 (full 0):
 garbage-first heap   total 48128K, used 43071K [0x00000000c2800000, 0x0000000100000000)
  region size 1024K, 1 young (1024K), 1 survivors (1024K)
 Metaspace       used 26283K, committed 26560K, reserved 1114112K
  class space    used 3641K, committed 3776K, reserved 1048576K
}
Event: 33.583 GC heap before
{Heap before GC invocations=9 (full 0):
 garbage-first heap   total 81920K, used 49215K [0x00000000c2800000, 0x0000000100000000)
  region size 1024K, 2 young (2048K), 1 survivors (1024K)
 Metaspace       used 26290K, committed 26560K, reserved 1114112K
  class space    used 3641K, committed 3776K, reserved 1048576K
}
Event: 33.585 GC heap after
{Heap after GC invocations=10 (full 0):
 garbage-first heap   total 81920K, used 49273K [0x00000000c2800000, 0x0000000100000000)
  region size 1024K, 1 young (1024K), 1 survivors (1024K)
 Metaspace       used 26290K, committed 26560K, reserved 1114112K
  class space    used 3641K, committed 3776K, reserved 1048576K
}
Event: 33.616 GC heap before
{Heap before GC invocations=11 (full 0):
 garbage-first heap   total 92160K, used 53369K [0x00000000c2800000, 0x0000000100000000)
  region size 1024K, 2 young (2048K), 1 survivors (1024K)
 Metaspace       used 26299K, committed 26560K, reserved 1114112K
  class space    used 3641K, committed 3776K, reserved 1048576K
}
Event: 33.617 GC heap after
{Heap after GC invocations=12 (full 0):
 garbage-first heap   total 92160K, used 53413K [0x00000000c2800000, 0x0000000100000000)
  region size 1024K, 1 young (1024K), 1 survivors (1024K)
 Metaspace       used 26299K, committed 26560K, reserved 1114112K
  class space    used 3641K, committed 3776K, reserved 1048576K
}
Event: 34.046 GC heap before
{Heap before GC invocations=13 (full 0):
 garbage-first heap   total 99328K, used 80037K [0x00000000c2800000, 0x0000000100000000)
  region size 1024K, 23 young (23552K), 1 survivors (1024K)
 Metaspace       used 27882K, committed 28160K, reserved 1114112K
  class space    used 3901K, committed 4032K, reserved 1048576K
}
Event: 34.051 GC heap after
{Heap after GC invocations=14 (full 0):
 garbage-first heap   total 99328K, used 62026K [0x00000000c2800000, 0x0000000100000000)
  region size 1024K, 3 young (3072K), 3 survivors (3072K)
 Metaspace       used 27882K, committed 28160K, reserved 1114112K
  class space    used 3901K, committed 4032K, reserved 1048576K
}
Event: 35.728 GC heap before
{Heap before GC invocations=14 (full 0):
 garbage-first heap   total 99328K, used 65098K [0x00000000c2800000, 0x0000000100000000)
  region size 1024K, 7 young (7168K), 3 survivors (3072K)
 Metaspace       used 28248K, committed 28544K, reserved 1114112K
  class space    used 3933K, committed 4032K, reserved 1048576K
}
Event: 35.731 GC heap after
{Heap after GC invocations=15 (full 0):
 garbage-first heap   total 99328K, used 62682K [0x00000000c2800000, 0x0000000100000000)
  region size 1024K, 1 young (1024K), 1 survivors (1024K)
 Metaspace       used 28248K, committed 28544K, reserved 1114112K
  class space    used 3933K, committed 4032K, reserved 1048576K
}
Event: 35.764 GC heap before
{Heap before GC invocations=16 (full 0):
 garbage-first heap   total 114688K, used 68826K [0x00000000c2800000, 0x0000000100000000)
  region size 1024K, 2 young (2048K), 1 survivors (1024K)
 Metaspace       used 28251K, committed 28544K, reserved 1114112K
  class space    used 3933K, committed 4032K, reserved 1048576K
}
Event: 35.765 GC heap after
{Heap after GC invocations=17 (full 0):
 garbage-first heap   total 114688K, used 68656K [0x00000000c2800000, 0x0000000100000000)
  region size 1024K, 1 young (1024K), 1 survivors (1024K)
 Metaspace       used 28251K, committed 28544K, reserved 1114112K
  class space    used 3933K, committed 4032K, reserved 1048576K
}
Event: 35.796 GC heap before
{Heap before GC invocations=18 (full 0):
 garbage-first heap   total 122880K, used 71728K [0x00000000c2800000, 0x0000000100000000)
  region size 1024K, 2 young (2048K), 1 survivors (1024K)
 Metaspace       used 28344K, committed 28672K, reserved 1114112K
  class space    used 3956K, committed 4096K, reserved 1048576K
}
Event: 35.798 GC heap after
{Heap after GC invocations=19 (full 0):
 garbage-first heap   total 122880K, used 71802K [0x00000000c2800000, 0x0000000100000000)
  region size 1024K, 1 young (1024K), 1 survivors (1024K)
 Metaspace       used 28344K, committed 28672K, reserved 1114112K
  class space    used 3956K, committed 4096K, reserved 1048576K
}
Event: 35.834 GC heap before
{Heap before GC invocations=20 (full 0):
 garbage-first heap   total 126976K, used 75898K [0x00000000c2800000, 0x0000000100000000)
  region size 1024K, 2 young (2048K), 1 survivors (1024K)
 Metaspace       used 28492K, committed 28864K, reserved 1114112K
  class space    used 3978K, committed 4160K, reserved 1048576K
}
Event: 35.835 GC heap after
{Heap after GC invocations=21 (full 0):
 garbage-first heap   total 126976K, used 76040K [0x00000000c2800000, 0x0000000100000000)
  region size 1024K, 1 young (1024K), 1 survivors (1024K)
 Metaspace       used 28492K, committed 28864K, reserved 1114112K
  class space    used 3978K, committed 4160K, reserved 1048576K
}
Event: 35.866 GC heap before
{Heap before GC invocations=22 (full 0):
 garbage-first heap   total 137216K, used 82184K [0x00000000c2800000, 0x0000000100000000)
  region size 1024K, 2 young (2048K), 1 survivors (1024K)
 Metaspace       used 28502K, committed 28864K, reserved 1114112K
  class space    used 3979K, committed 4160K, reserved 1048576K
}

