# JRE version: OpenJDK Runtime Environment JBR-17.0.12+1-1207.37-nomod (17.0.12+1) (build 17.0.12+1-b1207.37)
# Java VM: OpenJDK 64-Bit Server VM JBR-17.0.12+1-1207.37-nomod (17.0.12+1-b1207.37, mixed mode, sharing, tiered, compressed oops, compressed class ptrs, g1 gc, windows-amd64)
GC Precious Log:
 CPUs: 8 total, 8 available
 Memory: 3929M
 Large Page Support: Disabled
 NUMA Support: Disabled
 Compressed Oops: Enabled (32-bit)
 Heap Region Size: 1M
 Heap Min Capacity: 8M
 Heap Initial Capacity: 62M
 Heap Max Capacity: 984M
 Pre-touch: Disabled
 Parallel Workers: 8
 Concurrent Workers: 2
 Concurrent Refinement Workers: 8
 Periodic GC: Disabled
Heap:
 garbage-first heap   total 378880K, used 233313K [0x00000000c2800000, 0x0000000100000000)
  region size 1024K, 10 young (10240K), 2 survivors (2048K)
 Metaspace       used 31193K, committed 31488K, reserved 1114112K
  class space    used 4350K, committed 4480K, reserved 1048576K
GC Heap History (20 events):
Event: 22.992 GC heap before
{Heap before GC invocations=29 (full 0):
 garbage-first heap   total 296960K, used 179701K [0x00000000c2800000, 0x0000000100000000)
  region size 1024K, 4 young (4096K), 2 survivors (2048K)
 Metaspace       used 30229K, committed 30528K, reserved 1114112K
  class space    used 4208K, committed 4352K, reserved 1048576K
}
Event: 22.994 GC heap after
{Heap after GC invocations=30 (full 0):
 garbage-first heap   total 296960K, used 178804K [0x00000000c2800000, 0x0000000100000000)
  region size 1024K, 2 young (2048K), 2 survivors (2048K)
 Metaspace       used 30229K, committed 30528K, reserved 1114112K
  class space    used 4208K, committed 4352K, reserved 1048576K
}
Event: 23.026 GC heap before
{Heap before GC invocations=31 (full 0):
 garbage-first heap   total 311296K, used 186996K [0x00000000c2800000, 0x0000000100000000)
  region size 1024K, 3 young (3072K), 2 survivors (2048K)
 Metaspace       used 30232K, committed 30528K, reserved 1114112K
  class space    used 4208K, committed 4352K, reserved 1048576K
}
Event: 23.029 GC heap after
{Heap after GC invocations=32 (full 0):
 garbage-first heap   total 311296K, used 187001K [0x00000000c2800000, 0x0000000100000000)
  region size 1024K, 2 young (2048K), 2 survivors (2048K)
 Metaspace       used 30232K, committed 30528K, reserved 1114112K
  class space    used 4208K, committed 4352K, reserved 1048576K
}
Event: 23.061 GC heap before
{Heap before GC invocations=33 (full 0):
 garbage-first heap   total 321536K, used 193145K [0x00000000c2800000, 0x0000000100000000)
  region size 1024K, 3 young (3072K), 2 survivors (2048K)
 Metaspace       used 30240K, committed 30528K, reserved 1114112K
  class space    used 4208K, committed 4352K, reserved 1048576K
}
Event: 23.063 GC heap after
{Heap after GC invocations=34 (full 0):
 garbage-first heap   total 321536K, used 193245K [0x00000000c2800000, 0x0000000100000000)
  region size 1024K, 2 young (2048K), 2 survivors (2048K)
 Metaspace       used 30240K, committed 30528K, reserved 1114112K
  class space    used 4208K, committed 4352K, reserved 1048576K
}
Event: 23.105 GC heap before
{Heap before GC invocations=35 (full 0):
 garbage-first heap   total 331776K, used 201437K [0x00000000c2800000, 0x0000000100000000)
  region size 1024K, 3 young (3072K), 2 survivors (2048K)
 Metaspace       used 30259K, committed 30528K, reserved 1114112K
  class space    used 4209K, committed 4352K, reserved 1048576K
}
Event: 23.107 GC heap after
{Heap after GC invocations=36 (full 0):
 garbage-first heap   total 331776K, used 201432K [0x00000000c2800000, 0x0000000100000000)
  region size 1024K, 2 young (2048K), 2 survivors (2048K)
 Metaspace       used 30259K, committed 30528K, reserved 1114112K
  class space    used 4209K, committed 4352K, reserved 1048576K
}
Event: 23.152 GC heap before
{Heap before GC invocations=37 (full 0):
 garbage-first heap   total 348160K, used 209624K [0x00000000c2800000, 0x0000000100000000)
  region size 1024K, 3 young (3072K), 2 survivors (2048K)
 Metaspace       used 30265K, committed 30528K, reserved 1114112K
  class space    used 4209K, committed 4352K, reserved 1048576K
}
Event: 23.159 GC heap after
{Heap after GC invocations=38 (full 0):
 garbage-first heap   total 348160K, used 210170K [0x00000000c2800000, 0x0000000100000000)
  region size 1024K, 3 young (3072K), 3 survivors (3072K)
 Metaspace       used 30265K, committed 30528K, reserved 1114112K
  class space    used 4209K, committed 4352K, reserved 1048576K
}
Event: 23.252 GC heap before
{Heap before GC invocations=39 (full 0):
 garbage-first heap   total 360448K, used 216314K [0x00000000c2800000, 0x0000000100000000)
  region size 1024K, 6 young (6144K), 3 survivors (3072K)
 Metaspace       used 30301K, committed 30592K, reserved 1114112K
  class space    used 4209K, committed 4352K, reserved 1048576K
}
Event: 23.256 GC heap after
{Heap after GC invocations=40 (full 0):
 garbage-first heap   total 360448K, used 152151K [0x00000000c2800000, 0x0000000100000000)
  region size 1024K, 2 young (2048K), 2 survivors (2048K)
 Metaspace       used 30301K, committed 30592K, reserved 1114112K
  class space    used 4209K, committed 4352K, reserved 1048576K
}
Event: 23.311 GC heap before
{Heap before GC invocations=40 (full 0):
 garbage-first heap   total 360448K, used 208471K [0x00000000c2800000, 0x0000000100000000)
  region size 1024K, 4 young (4096K), 2 survivors (2048K)
 Metaspace       used 30305K, committed 30592K, reserved 1114112K
  class space    used 4209K, committed 4352K, reserved 1048576K
}
Event: 23.316 GC heap after
{Heap after GC invocations=41 (full 0):
 garbage-first heap   total 360448K, used 208494K [0x00000000c2800000, 0x0000000100000000)
  region size 1024K, 2 young (2048K), 2 survivors (2048K)
 Metaspace       used 30305K, committed 30592K, reserved 1114112K
  class space    used 4209K, committed 4352K, reserved 1048576K
}
Event: 25.305 GC heap before
{Heap before GC invocations=42 (full 0):
 garbage-first heap   total 360448K, used 218734K [0x00000000c2800000, 0x0000000100000000)
  region size 1024K, 8 young (8192K), 2 survivors (2048K)
 Metaspace       used 30613K, committed 30912K, reserved 1114112K
  class space    used 4224K, committed 4352K, reserved 1048576K
}
Event: 25.309 GC heap after
{Heap after GC invocations=43 (full 0):
 garbage-first heap   total 360448K, used 166580K [0x00000000c2800000, 0x0000000100000000)
  region size 1024K, 2 young (2048K), 2 survivors (2048K)
 Metaspace       used 30613K, committed 30912K, reserved 1114112K
  class space    used 4224K, committed 4352K, reserved 1048576K
}
Event: 25.703 GC heap before
{Heap before GC invocations=44 (full 0):
 garbage-first heap   total 370688K, used 221876K [0x00000000c2800000, 0x0000000100000000)
  region size 1024K, 3 young (3072K), 2 survivors (2048K)
 Metaspace       used 30615K, committed 30912K, reserved 1114112K
  class space    used 4224K, committed 4352K, reserved 1048576K
}
Event: 25.706 GC heap after
{Heap after GC invocations=45 (full 0):
 garbage-first heap   total 370688K, used 221856K [0x00000000c2800000, 0x0000000100000000)
  region size 1024K, 2 young (2048K), 2 survivors (2048K)
 Metaspace       used 30615K, committed 30912K, reserved 1114112K
  class space    used 4224K, committed 4352K, reserved 1048576K
}
Event: 25.792 GC heap before
{Heap before GC invocations=46 (full 0):
 garbage-first heap   total 375808K, used 226976K [0x00000000c2800000, 0x0000000100000000)
  region size 1024K, 6 young (6144K), 2 survivors (2048K)
 Metaspace       used 30761K, committed 31040K, reserved 1114112K
  class space    used 4277K, committed 4416K, reserved 1048576K
}
Event: 25.796 GC heap after
{Heap after GC invocations=47 (full 0):
 garbage-first heap   total 375808K, used 224097K [0x00000000c2800000, 0x0000000100000000)
  region size 1024K, 2 young (2048K), 2 survivors (2048K)
 Metaspace       used 30761K, committed 31040K, reserved 1114112K
  class space    used 4277K, committed 4416K, reserved 1048576K
}

