# JRE version: OpenJDK Runtime Environment JBR-17.0.12+1-1207.37-nomod (17.0.12+1) (build 17.0.12+1-b1207.37)
# Java VM: OpenJDK 64-Bit Server VM JBR-17.0.12+1-1207.37-nomod (17.0.12+1-b1207.37, mixed mode, sharing, tiered, compressed oops, compressed class ptrs, g1 gc, windows-amd64)
GC Precious Log:
 CPUs: 8 total, 8 available
 Memory: 3929M
 Large Page Support: Disabled
 NUMA Support: Disabled
 Compressed Oops: Enabled (32-bit)
 Heap Region Size: 1M
 Heap Min Capacity: 8M
 Heap Initial Capacity: 62M
 Heap Max Capacity: 984M
 Pre-touch: Disabled
 Parallel Workers: 8
 Concurrent Workers: 2
 Concurrent Refinement Workers: 8
 Periodic GC: Disabled
Heap:
 garbage-first heap   total 116736K, used 70977K [0x00000000c2800000, 0x0000000100000000)
  region size 1024K, 41 young (41984K), 5 survivors (5120K)
 Metaspace       used 30425K, committed 30656K, reserved 1114112K
  class space    used 3535K, committed 3648K, reserved 1048576K
GC Heap History (20 events):
Event: 2.904 GC heap before
{Heap before GC invocations=2 (full 0):
 garbage-first heap   total 63488K, used 40775K [0x00000000c2800000, 0x0000000100000000)
  region size 1024K, 37 young (37888K), 2 survivors (2048K)
 Metaspace       used 15844K, committed 16000K, reserved 1114112K
  class space    used 2002K, committed 2048K, reserved 1048576K
}
Event: 2.914 GC heap after
{Heap after GC invocations=3 (full 0):
 garbage-first heap   total 63488K, used 7905K [0x00000000c2800000, 0x0000000100000000)
  region size 1024K, 5 young (5120K), 5 survivors (5120K)
 Metaspace       used 15844K, committed 16000K, reserved 1114112K
  class space    used 2002K, committed 2048K, reserved 1048576K
}
Event: 3.849 GC heap before
{Heap before GC invocations=3 (full 0):
 garbage-first heap   total 63488K, used 40673K [0x00000000c2800000, 0x0000000100000000)
  region size 1024K, 37 young (37888K), 5 survivors (5120K)
 Metaspace       used 16714K, committed 16896K, reserved 1114112K
  class space    used 2056K, committed 2112K, reserved 1048576K
}
Event: 3.856 GC heap after
{Heap after GC invocations=4 (full 0):
 garbage-first heap   total 63488K, used 9428K [0x00000000c2800000, 0x0000000100000000)
  region size 1024K, 2 young (2048K), 2 survivors (2048K)
 Metaspace       used 16714K, committed 16896K, reserved 1114112K
  class space    used 2056K, committed 2112K, reserved 1048576K
}
Event: 4.648 GC heap before
{Heap before GC invocations=4 (full 0):
 garbage-first heap   total 63488K, used 43220K [0x00000000c2800000, 0x0000000100000000)
  region size 1024K, 36 young (36864K), 2 survivors (2048K)
 Metaspace       used 21303K, committed 21504K, reserved 1114112K
  class space    used 2638K, committed 2752K, reserved 1048576K
}
Event: 4.657 GC heap after
{Heap after GC invocations=5 (full 0):
 garbage-first heap   total 63488K, used 11718K [0x00000000c2800000, 0x0000000100000000)
  region size 1024K, 4 young (4096K), 4 survivors (4096K)
 Metaspace       used 21303K, committed 21504K, reserved 1114112K
  class space    used 2638K, committed 2752K, reserved 1048576K
}
Event: 4.968 GC heap before
{Heap before GC invocations=6 (full 0):
 garbage-first heap   total 48128K, used 35270K [0x00000000c2800000, 0x0000000100000000)
  region size 1024K, 28 young (28672K), 4 survivors (4096K)
 Metaspace       used 25624K, committed 25920K, reserved 1114112K
  class space    used 3107K, committed 3264K, reserved 1048576K
}
Event: 4.982 GC heap after
{Heap after GC invocations=7 (full 0):
 garbage-first heap   total 48128K, used 15889K [0x00000000c2800000, 0x0000000100000000)
  region size 1024K, 4 young (4096K), 4 survivors (4096K)
 Metaspace       used 25624K, committed 25920K, reserved 1114112K
  class space    used 3107K, committed 3264K, reserved 1048576K
}
Event: 4.991 GC heap before
{Heap before GC invocations=7 (full 0):
 garbage-first heap   total 48128K, used 16913K [0x00000000c2800000, 0x0000000100000000)
  region size 1024K, 5 young (5120K), 4 survivors (4096K)
 Metaspace       used 25631K, committed 25920K, reserved 1114112K
  class space    used 3107K, committed 3264K, reserved 1048576K
}
Event: 4.996 GC heap after
{Heap after GC invocations=8 (full 0):
 garbage-first heap   total 58368K, used 16168K [0x00000000c2800000, 0x0000000100000000)
  region size 1024K, 1 young (1024K), 1 survivors (1024K)
 Metaspace       used 25631K, committed 25920K, reserved 1114112K
  class space    used 3107K, committed 3264K, reserved 1048576K
}
Event: 5.311 GC heap before
{Heap before GC invocations=8 (full 0):
 garbage-first heap   total 58368K, used 40744K [0x00000000c2800000, 0x0000000100000000)
  region size 1024K, 26 young (26624K), 1 survivors (1024K)
 Metaspace       used 26564K, committed 26816K, reserved 1114112K
  class space    used 3213K, committed 3328K, reserved 1048576K
}
Event: 5.319 GC heap after
{Heap after GC invocations=9 (full 0):
 garbage-first heap   total 58368K, used 23095K [0x00000000c2800000, 0x0000000100000000)
  region size 1024K, 4 young (4096K), 4 survivors (4096K)
 Metaspace       used 26564K, committed 26816K, reserved 1114112K
  class space    used 3213K, committed 3328K, reserved 1048576K
}
Event: 5.447 GC heap before
{Heap before GC invocations=9 (full 0):
 garbage-first heap   total 58368K, used 41527K [0x00000000c2800000, 0x0000000100000000)
  region size 1024K, 22 young (22528K), 4 survivors (4096K)
 Metaspace       used 27033K, committed 27328K, reserved 1114112K
  class space    used 3254K, committed 3392K, reserved 1048576K
}
Event: 5.456 GC heap after
{Heap after GC invocations=10 (full 0):
 garbage-first heap   total 58368K, used 26624K [0x00000000c2800000, 0x0000000100000000)
  region size 1024K, 3 young (3072K), 3 survivors (3072K)
 Metaspace       used 27033K, committed 27328K, reserved 1114112K
  class space    used 3254K, committed 3392K, reserved 1048576K
}
Event: 5.556 GC heap before
{Heap before GC invocations=10 (full 0):
 garbage-first heap   total 58368K, used 43008K [0x00000000c2800000, 0x0000000100000000)
  region size 1024K, 19 young (19456K), 3 survivors (3072K)
 Metaspace       used 27213K, committed 27520K, reserved 1114112K
  class space    used 3255K, committed 3392K, reserved 1048576K
}
Event: 5.571 GC heap after
{Heap after GC invocations=11 (full 0):
 garbage-first heap   total 58368K, used 30066K [0x00000000c2800000, 0x0000000100000000)
  region size 1024K, 3 young (3072K), 3 survivors (3072K)
 Metaspace       used 27213K, committed 27520K, reserved 1114112K
  class space    used 3255K, committed 3392K, reserved 1048576K
}
Event: 5.687 GC heap before
{Heap before GC invocations=11 (full 0):
 garbage-first heap   total 58368K, used 43378K [0x00000000c2800000, 0x0000000100000000)
  region size 1024K, 16 young (16384K), 3 survivors (3072K)
 Metaspace       used 27569K, committed 27840K, reserved 1114112K
  class space    used 3292K, committed 3392K, reserved 1048576K
}
Event: 5.698 GC heap after
{Heap after GC invocations=12 (full 0):
 garbage-first heap   total 122880K, used 32065K [0x00000000c2800000, 0x0000000100000000)
  region size 1024K, 2 young (2048K), 2 survivors (2048K)
 Metaspace       used 27569K, committed 27840K, reserved 1114112K
  class space    used 3292K, committed 3392K, reserved 1048576K
}
Event: 6.646 GC heap before
{Heap before GC invocations=13 (full 0):
 garbage-first heap   total 116736K, used 87361K [0x00000000c2800000, 0x0000000100000000)
  region size 1024K, 56 young (57344K), 2 survivors (2048K)
 Metaspace       used 30084K, committed 30336K, reserved 1114112K
  class space    used 3522K, committed 3648K, reserved 1048576K
}
Event: 6.658 GC heap after
{Heap after GC invocations=14 (full 0):
 garbage-first heap   total 116736K, used 35137K [0x00000000c2800000, 0x0000000100000000)
  region size 1024K, 5 young (5120K), 5 survivors (5120K)
 Metaspace       used 30084K, committed 30336K, reserved 1114112K
  class space    used 3522K, committed 3648K, reserved 1048576K
}

