# JRE version: OpenJDK Runtime Environment JBR-17.0.12+1-1207.37-nomod (17.0.12+1) (build 17.0.12+1-b1207.37)
# Java VM: OpenJDK 64-Bit Server VM JBR-17.0.12+1-1207.37-nomod (17.0.12+1-b1207.37, mixed mode, sharing, tiered, compressed oops, compressed class ptrs, g1 gc, windows-amd64)
GC Precious Log:
 CPUs: 8 total, 8 available
 Memory: 3929M
 Large Page Support: Disabled
 NUMA Support: Disabled
 Compressed Oops: Enabled (32-bit)
 Heap Region Size: 1M
 Heap Min Capacity: 8M
 Heap Initial Capacity: 62M
 Heap Max Capacity: 984M
 Pre-touch: Disabled
 Parallel Workers: 8
 Concurrent Workers: 2
 Concurrent Refinement Workers: 8
 Periodic GC: Disabled
Heap:
 garbage-first heap   total 201728K, used 121908K [0x00000000c2800000, 0x0000000100000000)
  region size 1024K, 4 young (4096K), 3 survivors (3072K)
 Metaspace       used 28716K, committed 29120K, reserved 1114112K
  class space    used 3918K, committed 4096K, reserved 1048576K
GC Heap History (20 events):
Event: 25.075 GC heap before
{Heap before GC invocations=13 (full 0):
 garbage-first heap   total 73728K, used 46311K [0x00000000c2800000, 0x0000000100000000)
  region size 1024K, 3 young (3072K), 2 survivors (2048K)
 Metaspace       used 27883K, committed 28160K, reserved 1114112K
  class space    used 3904K, committed 4032K, reserved 1048576K
}
Event: 25.080 GC heap after
{Heap after GC invocations=14 (full 0):
 garbage-first heap   total 73728K, used 46595K [0x00000000c2800000, 0x0000000100000000)
  region size 1024K, 1 young (1024K), 1 survivors (1024K)
 Metaspace       used 27883K, committed 28160K, reserved 1114112K
  class space    used 3904K, committed 4032K, reserved 1048576K
}
Event: 47.098 GC heap before
{Heap before GC invocations=15 (full 0):
 garbage-first heap   total 91136K, used 62979K [0x00000000c2800000, 0x0000000100000000)
  region size 1024K, 11 young (11264K), 1 survivors (1024K)
 Metaspace       used 28353K, committed 28608K, reserved 1114112K
  class space    used 3920K, committed 4032K, reserved 1048576K
}
Event: 47.104 GC heap after
{Heap after GC invocations=16 (full 0):
 garbage-first heap   total 91136K, used 42364K [0x00000000c2800000, 0x0000000100000000)
  region size 1024K, 1 young (1024K), 1 survivors (1024K)
 Metaspace       used 28353K, committed 28608K, reserved 1114112K
  class space    used 3920K, committed 4032K, reserved 1048576K
}
Event: 47.202 GC heap before
{Heap before GC invocations=17 (full 0):
 garbage-first heap   total 91136K, used 50556K [0x00000000c2800000, 0x0000000100000000)
  region size 1024K, 2 young (2048K), 1 survivors (1024K)
 Metaspace       used 28355K, committed 28608K, reserved 1114112K
  class space    used 3920K, committed 4032K, reserved 1048576K
}
Event: 47.207 GC heap after
{Heap after GC invocations=18 (full 0):
 garbage-first heap   total 91136K, used 50642K [0x00000000c2800000, 0x0000000100000000)
  region size 1024K, 2 young (2048K), 2 survivors (2048K)
 Metaspace       used 28355K, committed 28608K, reserved 1114112K
  class space    used 3920K, committed 4032K, reserved 1048576K
}
Event: 398.024 GC heap before
{Heap before GC invocations=19 (full 0):
 garbage-first heap   total 99328K, used 66002K [0x00000000c2800000, 0x0000000100000000)
  region size 1024K, 10 young (10240K), 2 survivors (2048K)
 Metaspace       used 28551K, committed 28864K, reserved 1114112K
  class space    used 3922K, committed 4032K, reserved 1048576K
}
Event: 398.077 GC heap after
{Heap after GC invocations=20 (full 0):
 garbage-first heap   total 99328K, used 42493K [0x00000000c2800000, 0x0000000100000000)
  region size 1024K, 2 young (2048K), 2 survivors (2048K)
 Metaspace       used 28551K, committed 28864K, reserved 1114112K
  class space    used 3922K, committed 4032K, reserved 1048576K
}
Event: 398.123 GC heap before
{Heap before GC invocations=20 (full 0):
 garbage-first heap   total 99328K, used 44541K [0x00000000c2800000, 0x0000000100000000)
  region size 1024K, 3 young (3072K), 2 survivors (2048K)
 Metaspace       used 28551K, committed 28864K, reserved 1114112K
  class space    used 3922K, committed 4032K, reserved 1048576K
}
Event: 398.130 GC heap after
{Heap after GC invocations=21 (full 0):
 garbage-first heap   total 99328K, used 44477K [0x00000000c2800000, 0x0000000100000000)
  region size 1024K, 2 young (2048K), 2 survivors (2048K)
 Metaspace       used 28551K, committed 28864K, reserved 1114112K
  class space    used 3922K, committed 4032K, reserved 1048576K
}
Event: 398.165 GC heap before
{Heap before GC invocations=21 (full 0):
 garbage-first heap   total 99328K, used 46525K [0x00000000c2800000, 0x0000000100000000)
  region size 1024K, 3 young (3072K), 2 survivors (2048K)
 Metaspace       used 28551K, committed 28864K, reserved 1114112K
  class space    used 3922K, committed 4032K, reserved 1048576K
}
Event: 398.171 GC heap after
{Heap after GC invocations=22 (full 0):
 garbage-first heap   total 99328K, used 46557K [0x00000000c2800000, 0x0000000100000000)
  region size 1024K, 2 young (2048K), 2 survivors (2048K)
 Metaspace       used 28551K, committed 28864K, reserved 1114112K
  class space    used 3922K, committed 4032K, reserved 1048576K
}
Event: 398.372 GC heap before
{Heap before GC invocations=23 (full 0):
 garbage-first heap   total 99328K, used 56797K [0x00000000c2800000, 0x0000000100000000)
  region size 1024K, 3 young (3072K), 2 survivors (2048K)
 Metaspace       used 28552K, committed 28864K, reserved 1114112K
  class space    used 3922K, committed 4032K, reserved 1048576K
}
Event: 398.374 GC heap after
{Heap after GC invocations=24 (full 0):
 garbage-first heap   total 99328K, used 56865K [0x00000000c2800000, 0x0000000100000000)
  region size 1024K, 2 young (2048K), 2 survivors (2048K)
 Metaspace       used 28552K, committed 28864K, reserved 1114112K
  class space    used 3922K, committed 4032K, reserved 1048576K
}
Event: 402.226 GC heap before
{Heap before GC invocations=25 (full 0):
 garbage-first heap   total 102400K, used 60961K [0x00000000c2800000, 0x0000000100000000)
  region size 1024K, 5 young (5120K), 2 survivors (2048K)
 Metaspace       used 28619K, committed 28992K, reserved 1114112K
  class space    used 3928K, committed 4096K, reserved 1048576K
}
Event: 402.230 GC heap after
{Heap after GC invocations=26 (full 0):
 garbage-first heap   total 102400K, used 59203K [0x00000000c2800000, 0x0000000100000000)
  region size 1024K, 2 young (2048K), 2 survivors (2048K)
 Metaspace       used 28619K, committed 28992K, reserved 1114112K
  class space    used 3928K, committed 4096K, reserved 1048576K
}
Event: 402.937 GC heap before
{Heap before GC invocations=27 (full 0):
 garbage-first heap   total 196608K, used 116547K [0x00000000c2800000, 0x0000000100000000)
  region size 1024K, 3 young (3072K), 2 survivors (2048K)
 Metaspace       used 28621K, committed 28992K, reserved 1114112K
  class space    used 3928K, committed 4096K, reserved 1048576K
}
Event: 402.942 GC heap after
{Heap after GC invocations=28 (full 0):
 garbage-first heap   total 196608K, used 116663K [0x00000000c2800000, 0x0000000100000000)
  region size 1024K, 2 young (2048K), 2 survivors (2048K)
 Metaspace       used 28621K, committed 28992K, reserved 1114112K
  class space    used 3928K, committed 4096K, reserved 1048576K
}
Event: 1692.760 GC heap before
{Heap before GC invocations=29 (full 0):
 garbage-first heap   total 201728K, used 126903K [0x00000000c2800000, 0x0000000100000000)
  region size 1024K, 12 young (12288K), 2 survivors (2048K)
 Metaspace       used 28837K, committed 29120K, reserved 1114112K
  class space    used 3948K, committed 4096K, reserved 1048576K
}
Event: 1692.861 GC heap after
{Heap after GC invocations=30 (full 0):
 garbage-first heap   total 201728K, used 119860K [0x00000000c2800000, 0x0000000100000000)
  region size 1024K, 3 young (3072K), 3 survivors (3072K)
 Metaspace       used 28837K, committed 29120K, reserved 1114112K
  class space    used 3948K, committed 4096K, reserved 1048576K
}

