# JRE version: OpenJDK Runtime Environment JBR-17.0.12+1-1207.37-nomod (17.0.12+1) (build 17.0.12+1-b1207.37)
# Java VM: OpenJDK 64-Bit Server VM JBR-17.0.12+1-1207.37-nomod (17.0.12+1-b1207.37, mixed mode, sharing, tiered, compressed oops, compressed class ptrs, g1 gc, windows-amd64)
GC Precious Log:
 CPUs: 8 total, 8 available
 Memory: 3929M
 Large Page Support: Disabled
 NUMA Support: Disabled
 Compressed Oops: Enabled (32-bit)
 Heap Region Size: 1M
 Heap Min Capacity: 8M
 Heap Initial Capacity: 62M
 Heap Max Capacity: 984M
 Pre-touch: Disabled
 Parallel Workers: 8
 Concurrent Workers: 2
 Concurrent Refinement Workers: 8
 Periodic GC: Disabled
Heap:
 garbage-first heap   total 110592K, used 61852K [0x00000000c2800000, 0x0000000100000000)
  region size 1024K, 10 young (10240K), 3 survivors (3072K)
 Metaspace       used 29477K, committed 29760K, reserved 1114112K
  class space    used 4155K, committed 4288K, reserved 1048576K
GC Heap History (18 events):
Event: 0.625 GC heap before
{Heap before GC invocations=0 (full 0):
 garbage-first heap   total 63488K, used 22528K [0x00000000c2800000, 0x0000000100000000)
  region size 1024K, 23 young (23552K), 0 survivors (0K)
 Metaspace       used 4853K, committed 4992K, reserved 1114112K
  class space    used 570K, committed 640K, reserved 1048576K
}
Event: 0.628 GC heap after
{Heap after GC invocations=1 (full 0):
 garbage-first heap   total 63488K, used 3296K [0x00000000c2800000, 0x0000000100000000)
  region size 1024K, 3 young (3072K), 3 survivors (3072K)
 Metaspace       used 4853K, committed 4992K, reserved 1114112K
  class space    used 570K, committed 640K, reserved 1048576K
}
Event: 1.563 GC heap before
{Heap before GC invocations=1 (full 0):
 garbage-first heap   total 63488K, used 30944K [0x00000000c2800000, 0x0000000100000000)
  region size 1024K, 30 young (30720K), 3 survivors (3072K)
 Metaspace       used 13375K, committed 13568K, reserved 1114112K
  class space    used 1727K, committed 1856K, reserved 1048576K
}
Event: 1.570 GC heap after
{Heap after GC invocations=2 (full 0):
 garbage-first heap   total 63488K, used 10020K [0x00000000c2800000, 0x0000000100000000)
  region size 1024K, 4 young (4096K), 4 survivors (4096K)
 Metaspace       used 13375K, committed 13568K, reserved 1114112K
  class space    used 1727K, committed 1856K, reserved 1048576K
}
Event: 14.712 GC heap before
{Heap before GC invocations=2 (full 0):
 garbage-first heap   total 63488K, used 38692K [0x00000000c2800000, 0x0000000100000000)
  region size 1024K, 30 young (30720K), 4 survivors (4096K)
 Metaspace       used 20249K, committed 20544K, reserved 1114112K
  class space    used 2864K, committed 3008K, reserved 1048576K
}
Event: 14.718 GC heap after
{Heap after GC invocations=3 (full 0):
 garbage-first heap   total 63488K, used 15276K [0x00000000c2800000, 0x0000000100000000)
  region size 1024K, 3 young (3072K), 3 survivors (3072K)
 Metaspace       used 20249K, committed 20544K, reserved 1114112K
  class space    used 2864K, committed 3008K, reserved 1048576K
}
Event: 15.036 GC heap before
{Heap before GC invocations=3 (full 0):
 garbage-first heap   total 63488K, used 19372K [0x00000000c2800000, 0x0000000100000000)
  region size 1024K, 8 young (8192K), 3 survivors (3072K)
 Metaspace       used 21296K, committed 21504K, reserved 1114112K
  class space    used 3096K, committed 3200K, reserved 1048576K
}
Event: 15.040 GC heap after
{Heap after GC invocations=4 (full 0):
 garbage-first heap   total 63488K, used 16203K [0x00000000c2800000, 0x0000000100000000)
  region size 1024K, 1 young (1024K), 1 survivors (1024K)
 Metaspace       used 21296K, committed 21504K, reserved 1114112K
  class space    used 3096K, committed 3200K, reserved 1048576K
}
Event: 16.205 GC heap before
{Heap before GC invocations=5 (full 0):
 garbage-first heap   total 58368K, used 40779K [0x00000000c2800000, 0x0000000100000000)
  region size 1024K, 16 young (16384K), 1 survivors (1024K)
 Metaspace       used 27618K, committed 27904K, reserved 1114112K
  class space    used 3856K, committed 3968K, reserved 1048576K
}
Event: 16.209 GC heap after
{Heap after GC invocations=6 (full 0):
 garbage-first heap   total 58368K, used 29795K [0x00000000c2800000, 0x0000000100000000)
  region size 1024K, 4 young (4096K), 4 survivors (4096K)
 Metaspace       used 27618K, committed 27904K, reserved 1114112K
  class space    used 3856K, committed 3968K, reserved 1048576K
}
Event: 16.223 GC heap before
{Heap before GC invocations=7 (full 0):
 garbage-first heap   total 60416K, used 33891K [0x00000000c2800000, 0x0000000100000000)
  region size 1024K, 5 young (5120K), 4 survivors (4096K)
 Metaspace       used 27619K, committed 27904K, reserved 1114112K
  class space    used 3856K, committed 3968K, reserved 1048576K
}
Event: 16.226 GC heap after
{Heap after GC invocations=8 (full 0):
 garbage-first heap   total 60416K, used 34068K [0x00000000c2800000, 0x0000000100000000)
  region size 1024K, 1 young (1024K), 1 survivors (1024K)
 Metaspace       used 27619K, committed 27904K, reserved 1114112K
  class space    used 3856K, committed 3968K, reserved 1048576K
}
Event: 16.244 GC heap before
{Heap before GC invocations=9 (full 0):
 garbage-first heap   total 68608K, used 40212K [0x00000000c2800000, 0x0000000100000000)
  region size 1024K, 2 young (2048K), 1 survivors (1024K)
 Metaspace       used 27622K, committed 27904K, reserved 1114112K
  class space    used 3856K, committed 3968K, reserved 1048576K
}
Event: 16.246 GC heap after
{Heap after GC invocations=10 (full 0):
 garbage-first heap   total 68608K, used 40188K [0x00000000c2800000, 0x0000000100000000)
  region size 1024K, 1 young (1024K), 1 survivors (1024K)
 Metaspace       used 27622K, committed 27904K, reserved 1114112K
  class space    used 3856K, committed 3968K, reserved 1048576K
}
Event: 16.270 GC heap before
{Heap before GC invocations=11 (full 0):
 garbage-first heap   total 81920K, used 48380K [0x00000000c2800000, 0x0000000100000000)
  region size 1024K, 2 young (2048K), 1 survivors (1024K)
 Metaspace       used 27623K, committed 27904K, reserved 1114112K
  class space    used 3856K, committed 3968K, reserved 1048576K
}
Event: 16.271 GC heap after
{Heap after GC invocations=12 (full 0):
 garbage-first heap   total 81920K, used 48476K [0x00000000c2800000, 0x0000000100000000)
  region size 1024K, 1 young (1024K), 1 survivors (1024K)
 Metaspace       used 27623K, committed 27904K, reserved 1114112K
  class space    used 3856K, committed 3968K, reserved 1048576K
}
Event: 16.601 GC heap before
{Heap before GC invocations=13 (full 0):
 garbage-first heap   total 92160K, used 68956K [0x00000000c2800000, 0x0000000100000000)
  region size 1024K, 17 young (17408K), 1 survivors (1024K)
 Metaspace       used 28891K, committed 29184K, reserved 1114112K
  class space    used 4090K, committed 4224K, reserved 1048576K
}
Event: 16.619 GC heap after
{Heap after GC invocations=14 (full 0):
 garbage-first heap   total 110592K, used 55708K [0x00000000c2800000, 0x0000000100000000)
  region size 1024K, 3 young (3072K), 3 survivors (3072K)
 Metaspace       used 28891K, committed 29184K, reserved 1114112K
  class space    used 4090K, committed 4224K, reserved 1048576K
}

