# JRE version: OpenJDK Runtime Environment JBR-17.0.12+1-1207.37-nomod (17.0.12+1) (build 17.0.12+1-b1207.37)
# Java VM: OpenJDK 64-Bit Server VM JBR-17.0.12+1-1207.37-nomod (17.0.12+1-b1207.37, mixed mode, sharing, tiered, compressed oops, compressed class ptrs, g1 gc, windows-amd64)
GC Precious Log:
 CPUs: 8 total, 8 available
 Memory: 3929M
 Large Page Support: Disabled
 NUMA Support: Disabled
 Compressed Oops: Enabled (32-bit)
 Heap Region Size: 1M
 Heap Min Capacity: 8M
 Heap Initial Capacity: 62M
 Heap Max Capacity: 984M
 Pre-touch: Disabled
 Parallel Workers: 8
 Concurrent Workers: 2
 Concurrent Refinement Workers: 8
 Periodic GC: Disabled
Heap:
 garbage-first heap   total 194560K, used 136753K [0x00000000c2800000, 0x0000000100000000)
  region size 1024K, 2 young (2048K), 1 survivors (1024K)
 Metaspace       used 28428K, committed 28736K, reserved 1114112K
  class space    used 3940K, committed 4096K, reserved 1048576K
GC Heap History (16 events):
Event: 0.785 GC heap before
{Heap before GC invocations=0 (full 0):
 garbage-first heap   total 63488K, used 22528K [0x00000000c2800000, 0x0000000100000000)
  region size 1024K, 23 young (23552K), 0 survivors (0K)
 Metaspace       used 6025K, committed 6208K, reserved 1114112K
  class space    used 703K, committed 768K, reserved 1048576K
}
Event: 0.788 GC heap after
{Heap after GC invocations=1 (full 0):
 garbage-first heap   total 63488K, used 3395K [0x00000000c2800000, 0x0000000100000000)
  region size 1024K, 3 young (3072K), 3 survivors (3072K)
 Metaspace       used 6025K, committed 6208K, reserved 1114112K
  class space    used 703K, committed 768K, reserved 1048576K
}
Event: 1.557 GC heap before
{Heap before GC invocations=1 (full 0):
 garbage-first heap   total 63488K, used 30019K [0x00000000c2800000, 0x0000000100000000)
  region size 1024K, 29 young (29696K), 3 survivors (3072K)
 Metaspace       used 13738K, committed 13952K, reserved 1114112K
  class space    used 1813K, committed 1920K, reserved 1048576K
}
Event: 1.563 GC heap after
{Heap after GC invocations=2 (full 0):
 garbage-first heap   total 63488K, used 8890K [0x00000000c2800000, 0x0000000100000000)
  region size 1024K, 4 young (4096K), 4 survivors (4096K)
 Metaspace       used 13738K, committed 13952K, reserved 1114112K
  class space    used 1813K, committed 1920K, reserved 1048576K
}
Event: 18.570 GC heap before
{Heap before GC invocations=2 (full 0):
 garbage-first heap   total 63488K, used 36538K [0x00000000c2800000, 0x0000000100000000)
  region size 1024K, 30 young (30720K), 4 survivors (4096K)
 Metaspace       used 20447K, committed 20672K, reserved 1114112K
  class space    used 2893K, committed 3008K, reserved 1048576K
}
Event: 18.575 GC heap after
{Heap after GC invocations=3 (full 0):
 garbage-first heap   total 63488K, used 14106K [0x00000000c2800000, 0x0000000100000000)
  region size 1024K, 3 young (3072K), 3 survivors (3072K)
 Metaspace       used 20447K, committed 20672K, reserved 1114112K
  class space    used 2893K, committed 3008K, reserved 1048576K
}
Event: 18.869 GC heap before
{Heap before GC invocations=3 (full 0):
 garbage-first heap   total 93184K, used 70426K [0x00000000c2800000, 0x0000000100000000)
  region size 1024K, 4 young (4096K), 3 survivors (3072K)
 Metaspace       used 20455K, committed 20672K, reserved 1114112K
  class space    used 2893K, committed 3008K, reserved 1048576K
}
Event: 18.874 GC heap after
{Heap after GC invocations=4 (full 0):
 garbage-first heap   total 93184K, used 70689K [0x00000000c2800000, 0x0000000100000000)
  region size 1024K, 1 young (1024K), 1 survivors (1024K)
 Metaspace       used 20455K, committed 20672K, reserved 1114112K
  class space    used 2893K, committed 3008K, reserved 1048576K
}
Event: 19.025 GC heap before
{Heap before GC invocations=5 (full 0):
 garbage-first heap   total 122880K, used 80929K [0x00000000c2800000, 0x0000000100000000)
  region size 1024K, 8 young (8192K), 1 survivors (1024K)
 Metaspace       used 22513K, committed 22720K, reserved 1114112K
  class space    used 3200K, committed 3328K, reserved 1048576K
}
Event: 19.027 GC heap after
{Heap after GC invocations=6 (full 0):
 garbage-first heap   total 122880K, used 74926K [0x00000000c2800000, 0x0000000100000000)
  region size 1024K, 1 young (1024K), 1 survivors (1024K)
 Metaspace       used 22513K, committed 22720K, reserved 1114112K
  class space    used 3200K, committed 3328K, reserved 1048576K
}
Event: 19.083 GC heap before
{Heap before GC invocations=6 (full 0):
 garbage-first heap   total 122880K, used 80046K [0x00000000c2800000, 0x0000000100000000)
  region size 1024K, 6 young (6144K), 1 survivors (1024K)
 Metaspace       used 23803K, committed 24064K, reserved 1114112K
  class space    used 3366K, committed 3520K, reserved 1048576K
}
Event: 19.091 GC heap after
{Heap after GC invocations=7 (full 0):
 garbage-first heap   total 122880K, used 75872K [0x00000000c2800000, 0x0000000100000000)
  region size 1024K, 1 young (1024K), 1 survivors (1024K)
 Metaspace       used 23803K, committed 24064K, reserved 1114112K
  class space    used 3366K, committed 3520K, reserved 1048576K
}
Event: 20.213 GC heap before
{Heap before GC invocations=7 (full 0):
 garbage-first heap   total 122880K, used 89184K [0x00000000c2800000, 0x0000000100000000)
  region size 1024K, 16 young (16384K), 1 survivors (1024K)
 Metaspace       used 28399K, committed 28672K, reserved 1114112K
  class space    used 3940K, committed 4096K, reserved 1048576K
}
Event: 20.233 GC heap after
{Heap after GC invocations=8 (full 0):
 garbage-first heap   total 122880K, used 78036K [0x00000000c2800000, 0x0000000100000000)
  region size 1024K, 3 young (3072K), 3 survivors (3072K)
 Metaspace       used 28399K, committed 28672K, reserved 1114112K
  class space    used 3940K, committed 4096K, reserved 1048576K
}
Event: 20.298 GC heap before
{Heap before GC invocations=9 (full 0):
 garbage-first heap   total 138240K, used 81108K [0x00000000c2800000, 0x0000000100000000)
  region size 1024K, 4 young (4096K), 3 survivors (3072K)
 Metaspace       used 28423K, committed 28736K, reserved 1114112K
  class space    used 3940K, committed 4096K, reserved 1048576K
}
Event: 20.312 GC heap after
{Heap after GC invocations=10 (full 0):
 garbage-first heap   total 138240K, used 81457K [0x00000000c2800000, 0x0000000100000000)
  region size 1024K, 1 young (1024K), 1 survivors (1024K)
 Metaspace       used 28423K, committed 28736K, reserved 1114112K
  class space    used 3940K, committed 4096K, reserved 1048576K
}

