# JRE version: OpenJDK Runtime Environment JBR-17.0.12+1-1207.37-nomod (17.0.12+1) (build 17.0.12+1-b1207.37)
# Java VM: OpenJDK 64-Bit Server VM JBR-17.0.12+1-1207.37-nomod (17.0.12+1-b1207.37, mixed mode, sharing, tiered, compressed oops, compressed class ptrs, g1 gc, windows-amd64)
GC Precious Log:
 CPUs: 8 total, 8 available
 Memory: 3929M
 Large Page Support: Disabled
 NUMA Support: Disabled
 Compressed Oops: Enabled (32-bit)
 Heap Region Size: 1M
 Heap Min Capacity: 8M
 Heap Initial Capacity: 62M
 Heap Max Capacity: 984M
 Pre-touch: Disabled
 Parallel Workers: 8
 Concurrent Workers: 2
 Concurrent Refinement Workers: 8
 Periodic GC: Disabled
Heap:
 garbage-first heap   total 401408K, used 297848K [0x00000000c2800000, 0x0000000100000000)
  region size 1024K, 4 young (4096K), 2 survivors (2048K)
 Metaspace       used 34589K, committed 34944K, reserved 1114112K
  class space    used 4659K, committed 4864K, reserved 1048576K
GC Heap History (20 events):
Event: 51.502 GC heap before
{Heap before GC invocations=10 (full 0):
 garbage-first heap   total 66560K, used 41229K [0x00000000c2800000, 0x0000000100000000)
  region size 1024K, 2 young (2048K), 1 survivors (1024K)
 Metaspace       used 32092K, committed 32384K, reserved 1114112K
  class space    used 4322K, committed 4480K, reserved 1048576K
}
Event: 51.504 GC heap after
{Heap after GC invocations=11 (full 0):
 garbage-first heap   total 79872K, used 41235K [0x00000000c2800000, 0x0000000100000000)
  region size 1024K, 1 young (1024K), 1 survivors (1024K)
 Metaspace       used 32092K, committed 32384K, reserved 1114112K
  class space    used 4322K, committed 4480K, reserved 1048576K
}
Event: 51.527 GC heap before
{Heap before GC invocations=12 (full 0):
 garbage-first heap   total 83968K, used 49427K [0x00000000c2800000, 0x0000000100000000)
  region size 1024K, 2 young (2048K), 1 survivors (1024K)
 Metaspace       used 32098K, committed 32384K, reserved 1114112K
  class space    used 4322K, committed 4480K, reserved 1048576K
}
Event: 51.529 GC heap after
{Heap after GC invocations=13 (full 0):
 garbage-first heap   total 83968K, used 49515K [0x00000000c2800000, 0x0000000100000000)
  region size 1024K, 1 young (1024K), 1 survivors (1024K)
 Metaspace       used 32098K, committed 32384K, reserved 1114112K
  class space    used 4322K, committed 4480K, reserved 1048576K
}
Event: 51.792 GC heap before
{Heap before GC invocations=14 (full 0):
 garbage-first heap   total 97280K, used 74091K [0x00000000c2800000, 0x0000000100000000)
  region size 1024K, 17 young (17408K), 1 survivors (1024K)
 Metaspace       used 33115K, committed 33408K, reserved 1114112K
  class space    used 4494K, committed 4608K, reserved 1048576K
}
Event: 51.795 GC heap after
{Heap after GC invocations=15 (full 0):
 garbage-first heap   total 97280K, used 60874K [0x00000000c2800000, 0x0000000100000000)
  region size 1024K, 3 young (3072K), 3 survivors (3072K)
 Metaspace       used 33115K, committed 33408K, reserved 1114112K
  class space    used 4494K, committed 4608K, reserved 1048576K
}
Event: 63.601 GC heap before
{Heap before GC invocations=15 (full 0):
 garbage-first heap   total 97280K, used 70090K [0x00000000c2800000, 0x0000000100000000)
  region size 1024K, 13 young (13312K), 3 survivors (3072K)
 Metaspace       used 34025K, committed 34304K, reserved 1114112K
  class space    used 4618K, committed 4736K, reserved 1048576K
}
Event: 63.605 GC heap after
{Heap after GC invocations=16 (full 0):
 garbage-first heap   total 97280K, used 62810K [0x00000000c2800000, 0x0000000100000000)
  region size 1024K, 2 young (2048K), 2 survivors (2048K)
 Metaspace       used 34025K, committed 34304K, reserved 1114112K
  class space    used 4618K, committed 4736K, reserved 1048576K
}
Event: 63.638 GC heap before
{Heap before GC invocations=17 (full 0):
 garbage-first heap   total 119808K, used 73050K [0x00000000c2800000, 0x0000000100000000)
  region size 1024K, 3 young (3072K), 2 survivors (2048K)
 Metaspace       used 34044K, committed 34368K, reserved 1114112K
  class space    used 4619K, committed 4736K, reserved 1048576K
}
Event: 63.640 GC heap after
{Heap after GC invocations=18 (full 0):
 garbage-first heap   total 119808K, used 73309K [0x00000000c2800000, 0x0000000100000000)
  region size 1024K, 1 young (1024K), 1 survivors (1024K)
 Metaspace       used 34044K, committed 34368K, reserved 1114112K
  class space    used 4619K, committed 4736K, reserved 1048576K
}
Event: 63.689 GC heap before
{Heap before GC invocations=19 (full 0):
 garbage-first heap   total 177152K, used 136797K [0x00000000c2800000, 0x0000000100000000)
  region size 1024K, 3 young (3072K), 1 survivors (1024K)
 Metaspace       used 34184K, committed 34560K, reserved 1114112K
  class space    used 4639K, committed 4800K, reserved 1048576K
}
Event: 63.690 GC heap after
{Heap after GC invocations=20 (full 0):
 garbage-first heap   total 177152K, used 135677K [0x00000000c2800000, 0x0000000100000000)
  region size 1024K, 1 young (1024K), 1 survivors (1024K)
 Metaspace       used 34184K, committed 34560K, reserved 1114112K
  class space    used 4639K, committed 4800K, reserved 1048576K
}
Event: 63.821 GC heap before
{Heap before GC invocations=21 (full 0):
 garbage-first heap   total 239616K, used 233981K [0x00000000c2800000, 0x0000000100000000)
  region size 1024K, 4 young (4096K), 1 survivors (1024K)
 Metaspace       used 34245K, committed 34560K, reserved 1114112K
  class space    used 4641K, committed 4800K, reserved 1048576K
}
Event: 63.822 GC heap after
{Heap after GC invocations=22 (full 0):
 garbage-first heap   total 239616K, used 232435K [0x00000000c2800000, 0x0000000100000000)
  region size 1024K, 1 young (1024K), 1 survivors (1024K)
 Metaspace       used 34245K, committed 34560K, reserved 1114112K
  class space    used 4641K, committed 4800K, reserved 1048576K
}
Event: 63.827 GC heap before
{Heap before GC invocations=22 (full 0):
 garbage-first heap   total 239616K, used 234483K [0x00000000c2800000, 0x0000000100000000)
  region size 1024K, 2 young (2048K), 1 survivors (1024K)
 Metaspace       used 34245K, committed 34560K, reserved 1114112K
  class space    used 4641K, committed 4800K, reserved 1048576K
}
Event: 63.828 GC heap after
{Heap after GC invocations=23 (full 0):
 garbage-first heap   total 239616K, used 234433K [0x00000000c2800000, 0x0000000100000000)
  region size 1024K, 1 young (1024K), 1 survivors (1024K)
 Metaspace       used 34245K, committed 34560K, reserved 1114112K
  class space    used 4641K, committed 4800K, reserved 1048576K
}
Event: 63.834 GC heap before
{Heap before GC invocations=23 (full 0):
 garbage-first heap   total 241664K, used 236481K [0x00000000c2800000, 0x0000000100000000)
  region size 1024K, 2 young (2048K), 1 survivors (1024K)
 Metaspace       used 34245K, committed 34560K, reserved 1114112K
  class space    used 4641K, committed 4800K, reserved 1048576K
}
Event: 63.835 GC heap after
{Heap after GC invocations=24 (full 0):
 garbage-first heap   total 241664K, used 236493K [0x00000000c2800000, 0x0000000100000000)
  region size 1024K, 1 young (1024K), 1 survivors (1024K)
 Metaspace       used 34245K, committed 34560K, reserved 1114112K
  class space    used 4641K, committed 4800K, reserved 1048576K
}
Event: 64.122 GC heap before
{Heap before GC invocations=25 (full 0):
 garbage-first heap   total 401408K, used 243661K [0x00000000c2800000, 0x0000000100000000)
  region size 1024K, 7 young (7168K), 1 survivors (1024K)
 Metaspace       used 34564K, committed 34944K, reserved 1114112K
  class space    used 4657K, committed 4864K, reserved 1048576K
}
Event: 64.126 GC heap after
{Heap after GC invocations=26 (full 0):
 garbage-first heap   total 401408K, used 239480K [0x00000000c2800000, 0x0000000100000000)
  region size 1024K, 2 young (2048K), 2 survivors (2048K)
 Metaspace       used 34564K, committed 34944K, reserved 1114112K
  class space    used 4657K, committed 4864K, reserved 1048576K
}

