# JRE version: OpenJDK Runtime Environment JBR-17.0.14+1-1367.22-nomod (17.0.14+1) (build 17.0.14+1-b1367.22)
# Java VM: OpenJDK 64-Bit Server VM JBR-17.0.14+1-1367.22-nomod (17.0.14+1-b1367.22, mixed mode, sharing, tiered, compressed oops, compressed class ptrs, g1 gc, windows-amd64)
GC Precious Log:
 CPUs: 8 total, 8 available
 Memory: 3929M
 Large Page Support: Disabled
 NUMA Support: Disabled
 Compressed Oops: Enabled (32-bit)
 Heap Region Size: 1M
 Heap Min Capacity: 8M
 Heap Initial Capacity: 62M
 Heap Max Capacity: 984M
 Pre-touch: Disabled
 Parallel Workers: 8
 Concurrent Workers: 2
 Concurrent Refinement Workers: 8
 Periodic GC: Disabled
Heap:
 garbage-first heap   total 66560K, used 46892K [0x00000000c2800000, 0x0000000100000000)
  region size 1024K, 19 young (19456K), 1 survivors (1024K)
 Metaspace       used 27173K, committed 27520K, reserved 1114112K
  class space    used 3244K, committed 3392K, reserved 1048576K
GC Heap History (20 events):
Event: 0.878 GC heap before
{Heap before GC invocations=0 (full 0):
 garbage-first heap   total 63488K, used 22528K [0x00000000c2800000, 0x0000000100000000)
  region size 1024K, 23 young (23552K), 0 survivors (0K)
 Metaspace       used 6018K, committed 6208K, reserved 1114112K
  class space    used 742K, committed 832K, reserved 1048576K
}
Event: 0.886 GC heap after
{Heap after GC invocations=1 (full 0):
 garbage-first heap   total 63488K, used 3848K [0x00000000c2800000, 0x0000000100000000)
  region size 1024K, 3 young (3072K), 3 survivors (3072K)
 Metaspace       used 6018K, committed 6208K, reserved 1114112K
  class space    used 742K, committed 832K, reserved 1048576K
}
Event: 1.381 GC heap before
{Heap before GC invocations=1 (full 0):
 garbage-first heap   total 63488K, used 30472K [0x00000000c2800000, 0x0000000100000000)
  region size 1024K, 29 young (29696K), 3 survivors (3072K)
 Metaspace       used 9162K, committed 9344K, reserved 1114112K
  class space    used 1144K, committed 1216K, reserved 1048576K
}
Event: 1.388 GC heap after
{Heap after GC invocations=2 (full 0):
 garbage-first heap   total 63488K, used 5231K [0x00000000c2800000, 0x0000000100000000)
  region size 1024K, 2 young (2048K), 2 survivors (2048K)
 Metaspace       used 9162K, committed 9344K, reserved 1114112K
  class space    used 1144K, committed 1216K, reserved 1048576K
}
Event: 2.252 GC heap before
{Heap before GC invocations=2 (full 0):
 garbage-first heap   total 63488K, used 41071K [0x00000000c2800000, 0x0000000100000000)
  region size 1024K, 37 young (37888K), 2 survivors (2048K)
 Metaspace       used 15828K, committed 15936K, reserved 1114112K
  class space    used 2001K, committed 2048K, reserved 1048576K
}
Event: 2.263 GC heap after
{Heap after GC invocations=3 (full 0):
 garbage-first heap   total 63488K, used 7989K [0x00000000c2800000, 0x0000000100000000)
  region size 1024K, 5 young (5120K), 5 survivors (5120K)
 Metaspace       used 15828K, committed 15936K, reserved 1114112K
  class space    used 2001K, committed 2048K, reserved 1048576K
}
Event: 2.919 GC heap before
{Heap before GC invocations=3 (full 0):
 garbage-first heap   total 63488K, used 40757K [0x00000000c2800000, 0x0000000100000000)
  region size 1024K, 37 young (37888K), 5 survivors (5120K)
 Metaspace       used 16513K, committed 16704K, reserved 1114112K
  class space    used 2036K, committed 2112K, reserved 1048576K
}
Event: 2.932 GC heap after
{Heap after GC invocations=4 (full 0):
 garbage-first heap   total 63488K, used 10180K [0x00000000c2800000, 0x0000000100000000)
  region size 1024K, 3 young (3072K), 3 survivors (3072K)
 Metaspace       used 16513K, committed 16704K, reserved 1114112K
  class space    used 2036K, committed 2112K, reserved 1048576K
}
Event: 3.769 GC heap before
{Heap before GC invocations=4 (full 0):
 garbage-first heap   total 63488K, used 43972K [0x00000000c2800000, 0x0000000100000000)
  region size 1024K, 36 young (36864K), 3 survivors (3072K)
 Metaspace       used 17876K, committed 18112K, reserved 1114112K
  class space    used 2171K, committed 2304K, reserved 1048576K
}
Event: 3.775 GC heap after
{Heap after GC invocations=5 (full 0):
 garbage-first heap   total 63488K, used 11792K [0x00000000c2800000, 0x0000000100000000)
  region size 1024K, 4 young (4096K), 4 survivors (4096K)
 Metaspace       used 17876K, committed 18112K, reserved 1114112K
  class space    used 2171K, committed 2304K, reserved 1048576K
}
Event: 5.499 GC heap before
{Heap before GC invocations=5 (full 0):
 garbage-first heap   total 63488K, used 45584K [0x00000000c2800000, 0x0000000100000000)
  region size 1024K, 37 young (37888K), 4 survivors (4096K)
 Metaspace       used 20479K, committed 20672K, reserved 1114112K
  class space    used 2471K, committed 2560K, reserved 1048576K
}
Event: 5.513 GC heap after
{Heap after GC invocations=6 (full 0):
 garbage-first heap   total 63488K, used 13010K [0x00000000c2800000, 0x0000000100000000)
  region size 1024K, 4 young (4096K), 4 survivors (4096K)
 Metaspace       used 20479K, committed 20672K, reserved 1114112K
  class space    used 2471K, committed 2560K, reserved 1048576K
}
Event: 5.558 GC heap before
{Heap before GC invocations=6 (full 0):
 garbage-first heap   total 63488K, used 16082K [0x00000000c2800000, 0x0000000100000000)
  region size 1024K, 8 young (8192K), 4 survivors (4096K)
 Metaspace       used 21330K, committed 21504K, reserved 1114112K
  class space    used 2613K, committed 2688K, reserved 1048576K
}
Event: 5.563 GC heap after
{Heap after GC invocations=7 (full 0):
 garbage-first heap   total 63488K, used 13243K [0x00000000c2800000, 0x0000000100000000)
  region size 1024K, 2 young (2048K), 2 survivors (2048K)
 Metaspace       used 21330K, committed 21504K, reserved 1114112K
  class space    used 2613K, committed 2688K, reserved 1048576K
}
Event: 5.914 GC heap before
{Heap before GC invocations=8 (full 0):
 garbage-first heap   total 55296K, used 42939K [0x00000000c2800000, 0x0000000100000000)
  region size 1024K, 32 young (32768K), 2 survivors (2048K)
 Metaspace       used 25944K, committed 26240K, reserved 1114112K
  class space    used 3109K, committed 3264K, reserved 1048576K
}
Event: 5.923 GC heap after
{Heap after GC invocations=9 (full 0):
 garbage-first heap   total 66560K, used 19460K [0x00000000c2800000, 0x0000000100000000)
  region size 1024K, 4 young (4096K), 4 survivors (4096K)
 Metaspace       used 25944K, committed 26240K, reserved 1114112K
  class space    used 3109K, committed 3264K, reserved 1048576K
}
Event: 5.938 GC heap before
{Heap before GC invocations=9 (full 0):
 garbage-first heap   total 66560K, used 20484K [0x00000000c2800000, 0x0000000100000000)
  region size 1024K, 5 young (5120K), 4 survivors (4096K)
 Metaspace       used 25952K, committed 26240K, reserved 1114112K
  class space    used 3110K, committed 3264K, reserved 1048576K
}
Event: 5.943 GC heap after
{Heap after GC invocations=10 (full 0):
 garbage-first heap   total 66560K, used 19867K [0x00000000c2800000, 0x0000000100000000)
  region size 1024K, 1 young (1024K), 1 survivors (1024K)
 Metaspace       used 25952K, committed 26240K, reserved 1114112K
  class space    used 3110K, committed 3264K, reserved 1048576K
}
Event: 6.273 GC heap before
{Heap before GC invocations=10 (full 0):
 garbage-first heap   total 66560K, used 48539K [0x00000000c2800000, 0x0000000100000000)
  region size 1024K, 29 young (29696K), 1 survivors (1024K)
 Metaspace       used 26686K, committed 26944K, reserved 1114112K
  class space    used 3189K, committed 3328K, reserved 1048576K
}
Event: 6.281 GC heap after
{Heap after GC invocations=11 (full 0):
 garbage-first heap   total 66560K, used 28460K [0x00000000c2800000, 0x0000000100000000)
  region size 1024K, 4 young (4096K), 4 survivors (4096K)
 Metaspace       used 26686K, committed 26944K, reserved 1114112K
  class space    used 3189K, committed 3328K, reserved 1048576K
}

